This file contains any messages produced by compilers while
running configure, to aid debugging if configure makes a mistake.

It was created by configure, which was
generated by GNU Autoconf 2.69.  Invocation command line was

  $ ./configure --build=x86_64-pc-linux-gnu --host=arm-linux-eabi

## --------- ##
## Platform. ##
## --------- ##

hostname = lhyserver-vm
uname -m = x86_64
uname -r = 5.4.0-195-generic
uname -s = Linux
uname -v = #215-Ubuntu SMP Fri Aug 2 18:28:05 UTC 2024

/usr/bin/uname -p = unknown
/bin/uname -X     = unknown

/bin/arch              = unknown
/usr/bin/arch -k       = unknown
/usr/convex/getsysinfo = unknown
/usr/bin/hostinfo      = unknown
/bin/machine           = unknown
/usr/bin/oslevel       = unknown
/bin/universe          = unknown

PATH: /home/lhyserver/bin
PATH: /home/lhyserver/.cargo/bin
PATH: /home/lhyserver/bin
PATH: /usr/local/sbin
PATH: /usr/local/bin
PATH: /usr/sbin
PATH: /usr/bin
PATH: /sbin
PATH: /bin
PATH: /usr/games
PATH: /usr/local/games
PATH: /snap/bin
PATH: /home/lhyserver/android-ndk-r27-linux/android-ndk-r27
PATH: /usr/local/java/jdk-17.0.12//bin
PATH: /usr/local/java/jdk-17.0.12//jre/bin
PATH: /home/lhyserver/yang/Sdk34/tools
PATH: /home/lhyserver/yang/Sdk34/platform-tools


## ----------- ##
## Core tests. ##
## ----------- ##

configure:2501: checking build system type
configure:2515: result: x86_64-pc-linux-gnu
configure:2535: checking host system type
configure:2548: result: arm-linux-eabi
configure:2568: checking target system type
configure:2581: result: arm-linux-eabi
configure:2644: checking for a BSD-compatible install
configure:2712: result: /usr/bin/install -c
configure:2723: checking whether build environment is sane
configure:2778: result: yes
configure:2835: checking for arm-linux-eabi-strip
configure:2865: result: no
configure:2875: checking for strip
configure:2891: found /usr/bin/strip
configure:2902: result: strip
configure:2914: WARNING: using cross tools not prefixed with host triplet
configure:2927: checking for a thread-safe mkdir -p
configure:2966: result: /bin/mkdir -p
configure:2973: checking for gawk
configure:3003: result: no
configure:2973: checking for mawk
configure:2989: found /usr/bin/mawk
configure:3000: result: mawk
configure:3011: checking whether make sets $(MAKE)
configure:3033: result: yes
configure:3062: checking whether make supports nested variables
configure:3079: result: yes
configure:3198: checking whether to enable maintainer-specific portions of Makefiles
configure:3207: result: no
configure:3230: checking for arm-linux-eabi-gcc
configure:3260: result: no
configure:3270: checking for gcc
configure:3286: found /usr/bin/gcc
configure:3297: result: gcc
configure:3526: checking for C compiler version
configure:3535: gcc --version >&5
gcc (Ubuntu 10.5.0-1ubuntu1~20.04) 10.5.0
Copyright (C) 2020 Free Software Foundation, Inc.
This is free software; see the source for copying conditions.  There is NO
warranty; not even for MERCHANTABILITY or FITNESS FOR A PARTICULAR PURPOSE.

configure:3546: $? = 0
configure:3535: gcc -v >&5
Using built-in specs.
COLLECT_GCC=gcc
COLLECT_LTO_WRAPPER=/usr/lib/gcc/x86_64-linux-gnu/10/lto-wrapper
OFFLOAD_TARGET_NAMES=nvptx-none:amdgcn-amdhsa:hsa
OFFLOAD_TARGET_DEFAULT=1
Target: x86_64-linux-gnu
Configured with: ../src/configure -v --with-pkgversion='Ubuntu 10.5.0-1ubuntu1~20.04' --with-bugurl=file:///usr/share/doc/gcc-10/README.Bugs --enable-languages=c,ada,c++,go,brig,d,fortran,objc,obj-c++,m2 --prefix=/usr --with-gcc-major-version-only --program-suffix=-10 --program-prefix=x86_64-linux-gnu- --enable-shared --enable-linker-build-id --libexecdir=/usr/lib --without-included-gettext --enable-threads=posix --libdir=/usr/lib --enable-nls --enable-bootstrap --enable-clocale=gnu --enable-libstdcxx-debug --enable-libstdcxx-time=yes --with-default-libstdcxx-abi=new --enable-gnu-unique-object --disable-vtable-verify --enable-plugin --enable-default-pie --with-system-zlib --enable-libphobos-checking=release --with-target-system-zlib=auto --enable-objc-gc=auto --enable-multiarch --disable-werror --with-arch-32=i686 --with-abi=m64 --with-multilib-list=m32,m64,mx32 --enable-multilib --with-tune=generic --enable-offload-targets=nvptx-none=/build/gcc-10-g5VkgL/gcc-10-10.5.0/debian/tmp-nvptx/usr,amdgcn-amdhsa=/build/gcc-10-g5VkgL/gcc-10-10.5.0/debian/tmp-gcn/usr,hsa --without-cuda-driver --enable-checking=release --build=x86_64-linux-gnu --host=x86_64-linux-gnu --target=x86_64-linux-gnu --with-build-config=bootstrap-lto-lean --enable-link-mutex
Thread model: posix
Supported LTO compression algorithms: zlib zstd
gcc version 10.5.0 (Ubuntu 10.5.0-1ubuntu1~20.04) 
... rest of stderr output deleted ...
configure:3546: $? = 0
configure:3535: gcc -V >&5
gcc: error: unrecognized command-line option '-V'
gcc: fatal error: no input files
compilation terminated.
configure:3546: $? = 1
configure:3535: gcc -qversion >&5
gcc: error: unrecognized command-line option '-qversion'; did you mean '--version'?
gcc: fatal error: no input files
compilation terminated.
configure:3546: $? = 1
configure:3566: checking whether the C compiler works
configure:3588: gcc    conftest.c  >&5
configure:3592: $? = 0
configure:3640: result: yes
configure:3643: checking for C compiler default output file name
configure:3645: result: a.out
configure:3651: checking for suffix of executables
configure:3658: gcc -o conftest    conftest.c  >&5
configure:3662: $? = 0
configure:3684: result: 
configure:3706: checking whether we are cross compiling
configure:3744: result: yes
configure:3749: checking for suffix of object files
configure:3771: gcc -c   conftest.c >&5
configure:3775: $? = 0
configure:3796: result: o
configure:3800: checking whether we are using the GNU C compiler
configure:3819: gcc -c   conftest.c >&5
configure:3819: $? = 0
configure:3828: result: yes
configure:3837: checking whether gcc accepts -g
configure:3857: gcc -c -g  conftest.c >&5
configure:3857: $? = 0
configure:3898: result: yes
configure:3915: checking for gcc option to accept ISO C89
configure:3978: gcc  -c -g -O2  conftest.c >&5
configure:3978: $? = 0
configure:3991: result: none needed
configure:4016: checking whether gcc understands -c and -o together
configure:4038: gcc -c conftest.c -o conftest2.o
configure:4041: $? = 0
configure:4038: gcc -c conftest.c -o conftest2.o
configure:4041: $? = 0
configure:4053: result: yes
configure:4073: checking whether make supports the include directive
configure:4088: make -f confmf.GNU && cat confinc.out
this is the am__doit target
configure:4091: $? = 0
configure:4110: result: yes (GNU style)
configure:4135: checking dependency style of gcc
configure:4246: result: gcc3
configure:4620: checking how to print strings
configure:4647: result: printf
configure:4668: checking for a sed that does not truncate output
configure:4732: result: /bin/sed
configure:4750: checking for grep that handles long lines and -e
configure:4808: result: /bin/grep
configure:4813: checking for egrep
configure:4875: result: /bin/grep -E
configure:4880: checking for fgrep
configure:4942: result: /bin/grep -F
configure:4977: checking for ld used by gcc
configure:5044: result: /usr/bin/ld
configure:5051: checking if the linker (/usr/bin/ld) is GNU ld
configure:5066: result: yes
configure:5078: checking for BSD- or MS-compatible name lister (nm)
configure:5132: result: no
configure:5146: checking for arm-linux-eabi-dumpbin
configure:5176: result: no
configure:5146: checking for arm-linux-eabi-link
configure:5176: result: no
configure:5190: checking for dumpbin
configure:5220: result: no
configure:5190: checking for link
configure:5206: found /usr/bin/link
configure:5217: result: link -dump
configure:5262: checking the name lister (nm) interface
configure:5269: gcc -c -g -O2  conftest.c >&5
configure:5272: nm "conftest.o"
configure:5275: output
0000000000000000 B some_variable
configure:5276: result: BSD nm
configure:5279: checking whether ln -s works
configure:5283: result: yes
configure:5291: checking the maximum length of command line arguments
configure:5422: result: 1572864
configure:5470: checking how to convert x86_64-pc-linux-gnu file names to arm-linux-eabi format
configure:5510: result: func_convert_file_noop
configure:5517: checking how to convert x86_64-pc-linux-gnu file names to toolchain format
configure:5537: result: func_convert_file_noop
configure:5544: checking for /usr/bin/ld option to reload object files
configure:5551: result: -r
configure:5585: checking for arm-linux-eabi-objdump
configure:5612: result: objdump
configure:5681: checking how to recognize dependent libraries
configure:5881: result: unknown
configure:5926: checking for arm-linux-eabi-dlltool
configure:5953: result: dlltool
configure:6023: checking how to associate runtime and link libraries
configure:6050: result: printf %s\n
configure:6067: checking for arm-linux-eabi-ar
configure:6097: result: no
configure:6111: checking for ar
configure:6127: found /usr/bin/ar
configure:6138: result: ar
configure:6175: checking for archiver @FILE support
configure:6192: gcc -c -g -O2  conftest.c >&5
configure:6192: $? = 0
configure:6195: ar cru libconftest.a @conftest.lst >&5
ar: `u' modifier ignored since `D' is the default (see `U')
configure:6198: $? = 0
configure:6203: ar cru libconftest.a @conftest.lst >&5
ar: `u' modifier ignored since `D' is the default (see `U')
ar: conftest.o: No such file or directory
configure:6206: $? = 1
configure:6205: result: @
configure:6223: checking for arm-linux-eabi-strip
configure:6250: result: strip
configure:6322: checking for arm-linux-eabi-ranlib
configure:6352: result: no
configure:6362: checking for ranlib
configure:6378: found /usr/bin/ranlib
configure:6389: result: ranlib
configure:6491: checking command to parse nm output from gcc object
configure:6644: gcc -c -g -O2  conftest.c >&5
configure:6647: $? = 0
configure:6651: nm conftest.o \| sed -n -e 's/^.*[ ]\([ABCDGIRSTW][ABCDGIRSTW]*\)[ ][ ]*\([_A-Za-z][_A-Za-z0-9]*\)$/\1 \2 \2/p' | sed '/ __gnu_lto/d' \> conftest.nm
configure:6654: $? = 0
configure:6720: gcc -o conftest -g -O2   conftest.c conftstm.o >&5
configure:6723: $? = 0
configure:6761: result: ok
configure:6808: checking for sysroot
configure:6838: result: no
configure:6845: checking for a working dd
configure:6883: result: /bin/dd
configure:6887: checking how to truncate binary pipes
configure:6902: result: /bin/dd bs=4096 count=1
configure:7191: checking for arm-linux-eabi-mt
configure:7221: result: no
configure:7231: checking for mt
configure:7247: found /bin/mt
configure:7258: result: mt
configure:7281: checking if mt is a manifest tool
configure:7287: mt '-?'
configure:7295: result: no
configure:7972: checking how to run the C preprocessor
configure:8003: gcc -E  conftest.c
configure:8003: $? = 0
configure:8017: gcc -E  conftest.c
conftest.c:10:10: fatal error: ac_nonexistent.h: No such file or directory
   10 | #include <ac_nonexistent.h>
      |          ^~~~~~~~~~~~~~~~~~
compilation terminated.
configure:8017: $? = 1
configure: failed program was:
| /* confdefs.h */
| #define PACKAGE_NAME ""
| #define PACKAGE_TARNAME ""
| #define PACKAGE_VERSION ""
| #define PACKAGE_STRING ""
| #define PACKAGE_BUGREPORT ""
| #define PACKAGE_URL ""
| #define USE_UNSTABLE_GEOS_CPP_API 1
| /* end confdefs.h.  */
| #include <ac_nonexistent.h>
configure:8042: result: gcc -E
configure:8062: gcc -E  conftest.c
configure:8062: $? = 0
configure:8076: gcc -E  conftest.c
conftest.c:10:10: fatal error: ac_nonexistent.h: No such file or directory
   10 | #include <ac_nonexistent.h>
      |          ^~~~~~~~~~~~~~~~~~
compilation terminated.
configure:8076: $? = 1
configure: failed program was:
| /* confdefs.h */
| #define PACKAGE_NAME ""
| #define PACKAGE_TARNAME ""
| #define PACKAGE_VERSION ""
| #define PACKAGE_STRING ""
| #define PACKAGE_BUGREPORT ""
| #define PACKAGE_URL ""
| #define USE_UNSTABLE_GEOS_CPP_API 1
| /* end confdefs.h.  */
| #include <ac_nonexistent.h>
configure:8105: checking for ANSI C header files
configure:8125: gcc -c -g -O2  conftest.c >&5
configure:8125: $? = 0
configure:8209: result: yes
configure:8222: checking for sys/types.h
configure:8222: gcc -c -g -O2  conftest.c >&5
configure:8222: $? = 0
configure:8222: result: yes
configure:8222: checking for sys/stat.h
configure:8222: gcc -c -g -O2  conftest.c >&5
configure:8222: $? = 0
configure:8222: result: yes
configure:8222: checking for stdlib.h
configure:8222: gcc -c -g -O2  conftest.c >&5
configure:8222: $? = 0
configure:8222: result: yes
configure:8222: checking for string.h
configure:8222: gcc -c -g -O2  conftest.c >&5
configure:8222: $? = 0
configure:8222: result: yes
configure:8222: checking for memory.h
configure:8222: gcc -c -g -O2  conftest.c >&5
configure:8222: $? = 0
configure:8222: result: yes
configure:8222: checking for strings.h
configure:8222: gcc -c -g -O2  conftest.c >&5
configure:8222: $? = 0
configure:8222: result: yes
configure:8222: checking for inttypes.h
configure:8222: gcc -c -g -O2  conftest.c >&5
configure:8222: $? = 0
configure:8222: result: yes
configure:8222: checking for stdint.h
configure:8222: gcc -c -g -O2  conftest.c >&5
configure:8222: $? = 0
configure:8222: result: yes
configure:8222: checking for unistd.h
configure:8222: gcc -c -g -O2  conftest.c >&5
configure:8222: $? = 0
configure:8222: result: yes
configure:8236: checking for dlfcn.h
configure:8236: gcc -c -g -O2  conftest.c >&5
configure:8236: $? = 0
configure:8236: result: yes
configure:8488: checking for objdir
configure:8503: result: .libs
configure:8767: checking if gcc supports -fno-rtti -fno-exceptions
configure:8785: gcc -c -g -O2  -fno-rtti -fno-exceptions conftest.c >&5
cc1: warning: command-line option '-fno-rtti' is valid for C++/D/ObjC++ but not for C
configure:8789: $? = 0
configure:8802: result: no
configure:9160: checking for gcc option to produce PIC
configure:9167: result: -fPIC -DPIC
configure:9175: checking if gcc PIC flag -fPIC -DPIC works
configure:9193: gcc -c -g -O2  -fPIC -DPIC -DPIC conftest.c >&5
configure:9197: $? = 0
configure:9210: result: yes
configure:9239: checking if gcc static flag -static works
configure:9267: result: yes
configure:9282: checking if gcc supports -c -o file.o
configure:9303: gcc -c -g -O2  -o out/conftest2.o conftest.c >&5
configure:9307: $? = 0
configure:9329: result: yes
configure:9337: checking if gcc supports -c -o file.o
configure:9384: result: yes
configure:9417: checking whether the gcc linker (/usr/bin/ld) supports shared libraries
configure:10676: result: yes
configure:10713: checking whether -lc should be explicitly linked in
configure:10721: gcc -c -g -O2  conftest.c >&5
configure:10724: $? = 0
configure:10739: gcc -shared  -fPIC -DPIC conftest.o  -v -Wl,-soname -Wl,conftest -o conftest 2\>\&1 \| /bin/grep  -lc  \>/dev/null 2\>\&1
configure:10742: $? = 0
configure:10756: result: no
configure:10916: checking dynamic linker characteristics
configure:11734: result: no
configure:11856: checking how to hardcode library paths into programs
configure:11881: result: immediate
configure:11983: checking for shl_load
configure:11983: gcc -o conftest -g -O2   conftest.c  >&5
/usr/bin/ld: /tmp/ccHZ6tB9.o: in function `main':
/home/lhyserver/test/jni/geos-3.7.2/conftest.c:56: undefined reference to `shl_load'
collect2: error: ld returned 1 exit status
configure:11983: $? = 1
configure: failed program was:
| /* confdefs.h */
| #define PACKAGE_NAME ""
| #define PACKAGE_TARNAME ""
| #define PACKAGE_VERSION ""
| #define PACKAGE_STRING ""
| #define PACKAGE_BUGREPORT ""
| #define PACKAGE_URL ""
| #define USE_UNSTABLE_GEOS_CPP_API 1
| #define STDC_HEADERS 1
| #define HAVE_SYS_TYPES_H 1
| #define HAVE_SYS_STAT_H 1
| #define HAVE_STDLIB_H 1
| #define HAVE_STRING_H 1
| #define HAVE_MEMORY_H 1
| #define HAVE_STRINGS_H 1
| #define HAVE_INTTYPES_H 1
| #define HAVE_STDINT_H 1
| #define HAVE_UNISTD_H 1
| #define HAVE_DLFCN_H 1
| #define LT_OBJDIR ".libs/"
| /* end confdefs.h.  */
| /* Define shl_load to an innocuous variant, in case <limits.h> declares shl_load.
|    For example, HP-UX 11i <limits.h> declares gettimeofday.  */
| #define shl_load innocuous_shl_load
| 
| /* System header to define __stub macros and hopefully few prototypes,
|     which can conflict with char shl_load (); below.
|     Prefer <limits.h> to <assert.h> if __STDC__ is defined, since
|     <limits.h> exists even on freestanding compilers.  */
| 
| #ifdef __STDC__
| # include <limits.h>
| #else
| # include <assert.h>
| #endif
| 
| #undef shl_load
| 
| /* Override any GCC internal prototype to avoid an error.
|    Use char because int might match the return type of a GCC
|    builtin and then its argument prototype would still apply.  */
| #ifdef __cplusplus
| extern "C"
| #endif
| char shl_load ();
| /* The GNU C library defines this for functions which it implements
|     to always fail with ENOSYS.  Some functions are actually named
|     something starting with __ and the normal name is an alias.  */
| #if defined __stub_shl_load || defined __stub___shl_load
| choke me
| #endif
| 
| int
| main ()
| {
| return shl_load ();
|   ;
|   return 0;
| }
configure:11983: result: no
configure:11987: checking for shl_load in -ldld
configure:12012: gcc -o conftest -g -O2   conftest.c -ldld   >&5
/usr/bin/ld: cannot find -ldld
collect2: error: ld returned 1 exit status
configure:12012: $? = 1
configure: failed program was:
| /* confdefs.h */
| #define PACKAGE_NAME ""
| #define PACKAGE_TARNAME ""
| #define PACKAGE_VERSION ""
| #define PACKAGE_STRING ""
| #define PACKAGE_BUGREPORT ""
| #define PACKAGE_URL ""
| #define USE_UNSTABLE_GEOS_CPP_API 1
| #define STDC_HEADERS 1
| #define HAVE_SYS_TYPES_H 1
| #define HAVE_SYS_STAT_H 1
| #define HAVE_STDLIB_H 1
| #define HAVE_STRING_H 1
| #define HAVE_MEMORY_H 1
| #define HAVE_STRINGS_H 1
| #define HAVE_INTTYPES_H 1
| #define HAVE_STDINT_H 1
| #define HAVE_UNISTD_H 1
| #define HAVE_DLFCN_H 1
| #define LT_OBJDIR ".libs/"
| /* end confdefs.h.  */
| 
| /* Override any GCC internal prototype to avoid an error.
|    Use char because int might match the return type of a GCC
|    builtin and then its argument prototype would still apply.  */
| #ifdef __cplusplus
| extern "C"
| #endif
| char shl_load ();
| int
| main ()
| {
| return shl_load ();
|   ;
|   return 0;
| }
configure:12021: result: no
configure:12026: checking for dlopen
configure:12026: gcc -o conftest -g -O2   conftest.c  >&5
/usr/bin/ld: /tmp/ccPoP6eg.o: in function `main':
/home/lhyserver/test/jni/geos-3.7.2/conftest.c:56: undefined reference to `dlopen'
collect2: error: ld returned 1 exit status
configure:12026: $? = 1
configure: failed program was:
| /* confdefs.h */
| #define PACKAGE_NAME ""
| #define PACKAGE_TARNAME ""
| #define PACKAGE_VERSION ""
| #define PACKAGE_STRING ""
| #define PACKAGE_BUGREPORT ""
| #define PACKAGE_URL ""
| #define USE_UNSTABLE_GEOS_CPP_API 1
| #define STDC_HEADERS 1
| #define HAVE_SYS_TYPES_H 1
| #define HAVE_SYS_STAT_H 1
| #define HAVE_STDLIB_H 1
| #define HAVE_STRING_H 1
| #define HAVE_MEMORY_H 1
| #define HAVE_STRINGS_H 1
| #define HAVE_INTTYPES_H 1
| #define HAVE_STDINT_H 1
| #define HAVE_UNISTD_H 1
| #define HAVE_DLFCN_H 1
| #define LT_OBJDIR ".libs/"
| /* end confdefs.h.  */
| /* Define dlopen to an innocuous variant, in case <limits.h> declares dlopen.
|    For example, HP-UX 11i <limits.h> declares gettimeofday.  */
| #define dlopen innocuous_dlopen
| 
| /* System header to define __stub macros and hopefully few prototypes,
|     which can conflict with char dlopen (); below.
|     Prefer <limits.h> to <assert.h> if __STDC__ is defined, since
|     <limits.h> exists even on freestanding compilers.  */
| 
| #ifdef __STDC__
| # include <limits.h>
| #else
| # include <assert.h>
| #endif
| 
| #undef dlopen
| 
| /* Override any GCC internal prototype to avoid an error.
|    Use char because int might match the return type of a GCC
|    builtin and then its argument prototype would still apply.  */
| #ifdef __cplusplus
| extern "C"
| #endif
| char dlopen ();
| /* The GNU C library defines this for functions which it implements
|     to always fail with ENOSYS.  Some functions are actually named
|     something starting with __ and the normal name is an alias.  */
| #if defined __stub_dlopen || defined __stub___dlopen
| choke me
| #endif
| 
| int
| main ()
| {
| return dlopen ();
|   ;
|   return 0;
| }
configure:12026: result: no
configure:12030: checking for dlopen in -ldl
configure:12055: gcc -o conftest -g -O2   conftest.c -ldl   >&5
configure:12055: $? = 0
configure:12064: result: yes
configure:12183: checking whether a program can dlopen itself
configure:12284: result: cross
configure:12429: checking whether stripping libraries is possible
configure:12434: result: yes
configure:12469: checking if libtool supports shared libraries
configure:12471: result: no
configure:12474: checking whether to build shared libraries
configure:12499: result: no
configure:12502: checking whether to build static libraries
configure:12506: result: yes
configure:9350: checking for arm-linux-eabi-g++
configure:9380: result: no
configure:9350: checking for arm-linux-eabi-c++
configure:9380: result: no
configure:9350: checking for arm-linux-eabi-gpp
configure:9380: result: no
configure:9350: checking for arm-linux-eabi-aCC
configure:9380: result: no
configure:9350: checking for arm-linux-eabi-CC
configure:9380: result: no
configure:9350: checking for arm-linux-eabi-cxx
configure:9380: result: no
configure:9350: checking for arm-linux-eabi-cc++
configure:9380: result: no
configure:9350: checking for arm-linux-eabi-cl.exe
configure:9380: result: no
configure:9350: checking for arm-linux-eabi-FCC
configure:9380: result: no
configure:9350: checking for arm-linux-eabi-KCC
configure:9380: result: no
configure:9350: checking for arm-linux-eabi-RCC
configure:9380: result: no
configure:9350: checking for arm-linux-eabi-xlC_r
configure:9380: result: no
configure:9350: checking for arm-linux-eabi-xlC
configure:9380: result: no
configure:9394: checking for g++
configure:9410: found /usr/bin/g++
configure:9421: result: g++
configure:9448: checking for C++ compiler version
configure:9457: g++ --version >&5
g++ (Ubuntu 10.5.0-1ubuntu1~20.04) 10.5.0
Copyright (C) 2020 Free Software Foundation, Inc.
This is free software; see the source for copying conditions.  There is NO
warranty; not even for MERCHANTABILITY or FITNESS FOR A PARTICULAR PURPOSE.

configure:9468: $? = 0
configure:9457: g++ -v >&5
Using built-in specs.
COLLECT_GCC=g++
COLLECT_LTO_WRAPPER=/usr/lib/gcc/x86_64-linux-gnu/10/lto-wrapper
OFFLOAD_TARGET_NAMES=nvptx-none:amdgcn-amdhsa:hsa
OFFLOAD_TARGET_DEFAULT=1
Target: x86_64-linux-gnu
Configured with: ../src/configure -v --with-pkgversion='Ubuntu 10.5.0-1ubuntu1~20.04' --with-bugurl=file:///usr/share/doc/gcc-10/README.Bugs --enable-languages=c,ada,c++,go,brig,d,fortran,objc,obj-c++,m2 --prefix=/usr --with-gcc-major-version-only --program-suffix=-10 --program-prefix=x86_64-linux-gnu- --enable-shared --enable-linker-build-id --libexecdir=/usr/lib --without-included-gettext --enable-threads=posix --libdir=/usr/lib --enable-nls --enable-bootstrap --enable-clocale=gnu --enable-libstdcxx-debug --enable-libstdcxx-time=yes --with-default-libstdcxx-abi=new --enable-gnu-unique-object --disable-vtable-verify --enable-plugin --enable-default-pie --with-system-zlib --enable-libphobos-checking=release --with-target-system-zlib=auto --enable-objc-gc=auto --enable-multiarch --disable-werror --with-arch-32=i686 --with-abi=m64 --with-multilib-list=m32,m64,mx32 --enable-multilib --with-tune=generic --enable-offload-targets=nvptx-none=/build/gcc-10-g5VkgL/gcc-10-10.5.0/debian/tmp-nvptx/usr,amdgcn-amdhsa=/build/gcc-10-g5VkgL/gcc-10-10.5.0/debian/tmp-gcn/usr,hsa --without-cuda-driver --enable-checking=release --build=x86_64-linux-gnu --host=x86_64-linux-gnu --target=x86_64-linux-gnu --with-build-config=bootstrap-lto-lean --enable-link-mutex
Thread model: posix
Supported LTO compression algorithms: zlib zstd
gcc version 10.5.0 (Ubuntu 10.5.0-1ubuntu1~20.04) 
... rest of stderr output deleted ...
configure:9468: $? = 0
configure:9457: g++ -V >&5
g++: error: unrecognized command-line option '-V'
g++: fatal error: no input files
compilation terminated.
configure:9468: $? = 1
configure:9457: g++ -qversion >&5
g++: error: unrecognized command-line option '-qversion'; did you mean '--version'?
g++: fatal error: no input files
compilation terminated.
configure:9468: $? = 1
configure:9472: checking whether we are using the GNU C++ compiler
configure:9491: g++ -c   conftest.cpp >&5
configure:9491: $? = 0
configure:9500: result: yes
configure:9509: checking whether g++ accepts -g
configure:9529: g++ -c -g  conftest.cpp >&5
configure:9529: $? = 0
configure:9570: result: yes
configure:9595: checking dependency style of g++
configure:9706: result: gcc3
configure:9739: checking how to run the C++ preprocessor
configure:9766: g++ -E  conftest.cpp
configure:9766: $? = 0
configure:9780: g++ -E  conftest.cpp
conftest.cpp:22:10: fatal error: ac_nonexistent.h: No such file or directory
   22 | #include <ac_nonexistent.h>
      |          ^~~~~~~~~~~~~~~~~~
compilation terminated.
configure:9780: $? = 1
configure: failed program was:
| /* confdefs.h */
| #define PACKAGE_NAME ""
| #define PACKAGE_TARNAME ""
| #define PACKAGE_VERSION ""
| #define PACKAGE_STRING ""
| #define PACKAGE_BUGREPORT ""
| #define PACKAGE_URL ""
| #define USE_UNSTABLE_GEOS_CPP_API 1
| #define STDC_HEADERS 1
| #define HAVE_SYS_TYPES_H 1
| #define HAVE_SYS_STAT_H 1
| #define HAVE_STDLIB_H 1
| #define HAVE_STRING_H 1
| #define HAVE_MEMORY_H 1
| #define HAVE_STRINGS_H 1
| #define HAVE_INTTYPES_H 1
| #define HAVE_STDINT_H 1
| #define HAVE_UNISTD_H 1
| #define HAVE_DLFCN_H 1
| #define LT_OBJDIR ".libs/"
| /* end confdefs.h.  */
| #include <ac_nonexistent.h>
configure:9805: result: g++ -E
configure:9825: g++ -E  conftest.cpp
configure:9825: $? = 0
configure:9839: g++ -E  conftest.cpp
conftest.cpp:22:10: fatal error: ac_nonexistent.h: No such file or directory
   22 | #include <ac_nonexistent.h>
      |          ^~~~~~~~~~~~~~~~~~
compilation terminated.
configure:9839: $? = 1
configure: failed program was:
| /* confdefs.h */
| #define PACKAGE_NAME ""
| #define PACKAGE_TARNAME ""
| #define PACKAGE_VERSION ""
| #define PACKAGE_STRING ""
| #define PACKAGE_BUGREPORT ""
| #define PACKAGE_URL ""
| #define USE_UNSTABLE_GEOS_CPP_API 1
| #define STDC_HEADERS 1
| #define HAVE_SYS_TYPES_H 1
| #define HAVE_SYS_STAT_H 1
| #define HAVE_STDLIB_H 1
| #define HAVE_STRING_H 1
| #define HAVE_MEMORY_H 1
| #define HAVE_STRINGS_H 1
| #define HAVE_INTTYPES_H 1
| #define HAVE_STDINT_H 1
| #define HAVE_UNISTD_H 1
| #define HAVE_DLFCN_H 1
| #define LT_OBJDIR ".libs/"
| /* end confdefs.h.  */
| #include <ac_nonexistent.h>
configure:10001: checking for ld used by g++
configure:10068: result: /usr/bin/ld
configure:10075: checking if the linker (/usr/bin/ld) is GNU ld
configure:10090: result: yes
configure:10145: checking whether the g++ linker (/usr/bin/ld) supports shared libraries
configure:11218: result: no
configure:11254: g++ -c -g -O2  conftest.cpp >&5
configure:11257: $? = 0
configure:11738: checking for g++ option to produce PIC
configure:11745: result: -fPIC -DPIC
configure:11753: checking if g++ PIC flag -fPIC -DPIC works
configure:11771: g++ -c -g -O2  -fPIC -DPIC -DPIC conftest.cpp >&5
configure:11775: $? = 0
configure:11788: result: yes
configure:11811: checking if g++ static flag -static works
configure:11839: result: yes
configure:11851: checking if g++ supports -c -o file.o
configure:11872: g++ -c -g -O2  -o out/conftest2.o conftest.cpp >&5
configure:11876: $? = 0
configure:11898: result: yes
configure:11903: checking if g++ supports -c -o file.o
configure:11950: result: yes
configure:11980: checking whether the g++ linker (/usr/bin/ld) supports shared libraries
configure:12020: result: no
configure:12161: checking dynamic linker characteristics
configure:12906: result: no
configure:12971: checking how to hardcode library paths into programs
configure:12996: result: immediate
configure:11882: checking for library containing strerror
configure:11913: gcc -o conftest -g -O2   conftest.c  >&5
configure:11913: $? = 0
configure:11930: result: none required
configure:11939: checking whether make sets $(MAKE)
configure:11961: result: yes
configure:11974: checking for dirent.h that defines DIR
configure:11993: gcc -c -g -O2  conftest.c >&5
configure:11993: $? = 0
configure:12001: result: yes
configure:12014: checking for library containing opendir
configure:12045: gcc -o conftest -g -O2   conftest.c  >&5
configure:12045: $? = 0
configure:12062: result: none required
configure:12129: checking whether closedir returns void
configure:12163: result: yes
configure:12171: checking for working memcmp
configure:12224: result: no
configure:12235: checking for strftime
configure:12235: gcc -o conftest -g -O2   conftest.c  >&5
conftest.c:47:6: warning: conflicting types for built-in function 'strftime'; expected 'long unsigned int(char *, long unsigned int,  const char *, const void *)' [-Wbuiltin-declaration-mismatch]
   47 | char strftime ();
      |      ^~~~~~~~
conftest.c:35:1: note: 'strftime' is declared in header '<time.h>'
   34 | # include <limits.h>
   35 | #else
configure:12235: $? = 0
configure:12235: result: yes
configure:12290: checking for vprintf
configure:12290: gcc -o conftest -g -O2   conftest.c  >&5
conftest.c:48:6: warning: conflicting types for built-in function 'vprintf'; expected 'int(const char *, __va_list_tag *)' [-Wbuiltin-declaration-mismatch]
   48 | char vprintf ();
      |      ^~~~~~~
conftest.c:36:1: note: 'vprintf' is declared in header '<stdio.h>'
   35 | # include <limits.h>
   36 | #else
configure:12290: $? = 0
configure:12290: result: yes
configure:12296: checking for _doprnt
configure:12296: gcc -o conftest -g -O2   conftest.c  >&5
/usr/bin/ld: /tmp/ccyoKhds.o: in function `main':
/home/lhyserver/test/jni/geos-3.7.2/conftest.c:60: undefined reference to `_doprnt'
collect2: error: ld returned 1 exit status
configure:12296: $? = 1
configure: failed program was:
| /* confdefs.h */
| #define PACKAGE_NAME ""
| #define PACKAGE_TARNAME ""
| #define PACKAGE_VERSION ""
| #define PACKAGE_STRING ""
| #define PACKAGE_BUGREPORT ""
| #define PACKAGE_URL ""
| #define USE_UNSTABLE_GEOS_CPP_API 1
| #define STDC_HEADERS 1
| #define HAVE_SYS_TYPES_H 1
| #define HAVE_SYS_STAT_H 1
| #define HAVE_STDLIB_H 1
| #define HAVE_STRING_H 1
| #define HAVE_MEMORY_H 1
| #define HAVE_STRINGS_H 1
| #define HAVE_INTTYPES_H 1
| #define HAVE_STDINT_H 1
| #define HAVE_UNISTD_H 1
| #define HAVE_DLFCN_H 1
| #define LT_OBJDIR ".libs/"
| #define HAVE_DIRENT_H 1
| #define CLOSEDIR_VOID 1
| #define HAVE_STRFTIME 1
| #define HAVE_VPRINTF 1
| /* end confdefs.h.  */
| /* Define _doprnt to an innocuous variant, in case <limits.h> declares _doprnt.
|    For example, HP-UX 11i <limits.h> declares gettimeofday.  */
| #define _doprnt innocuous__doprnt
| 
| /* System header to define __stub macros and hopefully few prototypes,
|     which can conflict with char _doprnt (); below.
|     Prefer <limits.h> to <assert.h> if __STDC__ is defined, since
|     <limits.h> exists even on freestanding compilers.  */
| 
| #ifdef __STDC__
| # include <limits.h>
| #else
| # include <assert.h>
| #endif
| 
| #undef _doprnt
| 
| /* Override any GCC internal prototype to avoid an error.
|    Use char because int might match the return type of a GCC
|    builtin and then its argument prototype would still apply.  */
| #ifdef __cplusplus
| extern "C"
| #endif
| char _doprnt ();
| /* The GNU C library defines this for functions which it implements
|     to always fail with ENOSYS.  Some functions are actually named
|     something starting with __ and the normal name is an alias.  */
| #if defined __stub__doprnt || defined __stub____doprnt
| choke me
| #endif
| 
| int
| main ()
| {
| return _doprnt ();
|   ;
|   return 0;
| }
configure:12296: result: no
configure:12307: checking for size_t
configure:12307: gcc -c -g -O2  conftest.c >&5
configure:12307: $? = 0
configure:12307: gcc -c -g -O2  conftest.c >&5
conftest.c: In function 'main':
conftest.c:62:21: error: expected expression before ')' token
   62 | if (sizeof ((size_t)))
      |                     ^
configure:12307: $? = 1
configure: failed program was:
| /* confdefs.h */
| #define PACKAGE_NAME ""
| #define PACKAGE_TARNAME ""
| #define PACKAGE_VERSION ""
| #define PACKAGE_STRING ""
| #define PACKAGE_BUGREPORT ""
| #define PACKAGE_URL ""
| #define USE_UNSTABLE_GEOS_CPP_API 1
| #define STDC_HEADERS 1
| #define HAVE_SYS_TYPES_H 1
| #define HAVE_SYS_STAT_H 1
| #define HAVE_STDLIB_H 1
| #define HAVE_STRING_H 1
| #define HAVE_MEMORY_H 1
| #define HAVE_STRINGS_H 1
| #define HAVE_INTTYPES_H 1
| #define HAVE_STDINT_H 1
| #define HAVE_UNISTD_H 1
| #define HAVE_DLFCN_H 1
| #define LT_OBJDIR ".libs/"
| #define HAVE_DIRENT_H 1
| #define CLOSEDIR_VOID 1
| #define HAVE_STRFTIME 1
| #define HAVE_VPRINTF 1
| /* end confdefs.h.  */
| #include <stdio.h>
| #ifdef HAVE_SYS_TYPES_H
| # include <sys/types.h>
| #endif
| #ifdef HAVE_SYS_STAT_H
| # include <sys/stat.h>
| #endif
| #ifdef STDC_HEADERS
| # include <stdlib.h>
| # include <stddef.h>
| #else
| # ifdef HAVE_STDLIB_H
| #  include <stdlib.h>
| # endif
| #endif
| #ifdef HAVE_STRING_H
| # if !defined STDC_HEADERS && defined HAVE_MEMORY_H
| #  include <memory.h>
| # endif
| # include <string.h>
| #endif
| #ifdef HAVE_STRINGS_H
| # include <strings.h>
| #endif
| #ifdef HAVE_INTTYPES_H
| # include <inttypes.h>
| #endif
| #ifdef HAVE_STDINT_H
| # include <stdint.h>
| #endif
| #ifdef HAVE_UNISTD_H
| # include <unistd.h>
| #endif
| int
| main ()
| {
| if (sizeof ((size_t)))
| 	    return 0;
|   ;
|   return 0;
| }
configure:12307: result: yes
configure:12320: checking for working alloca.h
configure:12337: gcc -o conftest -g -O2   conftest.c  >&5
configure:12337: $? = 0
configure:12345: result: yes
configure:12353: checking for alloca
configure:12390: gcc -o conftest -g -O2   conftest.c  >&5
configure:12390: $? = 0
configure:12398: result: yes
configure:12507: checking for dirent.h that defines DIR
configure:12534: result: yes
configure:12547: checking for library containing opendir
configure:12595: result: none required
configure:12662: checking for ANSI C header files
configure:12766: result: yes
configure:12776: checking for memory.h
configure:12776: result: yes
configure:12788: checking for unistd.h
configure:12788: result: yes
configure:12800: checking ieeefp.h usability
configure:12800: gcc -c -g -O2  conftest.c >&5
conftest.c:65:10: fatal error: ieeefp.h: No such file or directory
   65 | #include <ieeefp.h>
      |          ^~~~~~~~~~
compilation terminated.
configure:12800: $? = 1
configure: failed program was:
| /* confdefs.h */
| #define PACKAGE_NAME ""
| #define PACKAGE_TARNAME ""
| #define PACKAGE_VERSION ""
| #define PACKAGE_STRING ""
| #define PACKAGE_BUGREPORT ""
| #define PACKAGE_URL ""
| #define USE_UNSTABLE_GEOS_CPP_API 1
| #define STDC_HEADERS 1
| #define HAVE_SYS_TYPES_H 1
| #define HAVE_SYS_STAT_H 1
| #define HAVE_STDLIB_H 1
| #define HAVE_STRING_H 1
| #define HAVE_MEMORY_H 1
| #define HAVE_STRINGS_H 1
| #define HAVE_INTTYPES_H 1
| #define HAVE_STDINT_H 1
| #define HAVE_UNISTD_H 1
| #define HAVE_DLFCN_H 1
| #define LT_OBJDIR ".libs/"
| #define HAVE_DIRENT_H 1
| #define CLOSEDIR_VOID 1
| #define HAVE_STRFTIME 1
| #define HAVE_VPRINTF 1
| #define HAVE_ALLOCA_H 1
| #define HAVE_ALLOCA 1
| #define HAVE_DIRENT_H 1
| #define STDC_HEADERS 1
| #define HAVE_MEMORY_H 1
| #define HAVE_UNISTD_H 1
| /* end confdefs.h.  */
| #include <stdio.h>
| #ifdef HAVE_SYS_TYPES_H
| # include <sys/types.h>
| #endif
| #ifdef HAVE_SYS_STAT_H
| # include <sys/stat.h>
| #endif
| #ifdef STDC_HEADERS
| # include <stdlib.h>
| # include <stddef.h>
| #else
| # ifdef HAVE_STDLIB_H
| #  include <stdlib.h>
| # endif
| #endif
| #ifdef HAVE_STRING_H
| # if !defined STDC_HEADERS && defined HAVE_MEMORY_H
| #  include <memory.h>
| # endif
| # include <string.h>
| #endif
| #ifdef HAVE_STRINGS_H
| # include <strings.h>
| #endif
| #ifdef HAVE_INTTYPES_H
| # include <inttypes.h>
| #endif
| #ifdef HAVE_STDINT_H
| # include <stdint.h>
| #endif
| #ifdef HAVE_UNISTD_H
| # include <unistd.h>
| #endif
| #include <ieeefp.h>
configure:12800: result: no
configure:12800: checking ieeefp.h presence
configure:12800: gcc -E  conftest.c
conftest.c:32:10: fatal error: ieeefp.h: No such file or directory
   32 | #include <ieeefp.h>
      |          ^~~~~~~~~~
compilation terminated.
configure:12800: $? = 1
configure: failed program was:
| /* confdefs.h */
| #define PACKAGE_NAME ""
| #define PACKAGE_TARNAME ""
| #define PACKAGE_VERSION ""
| #define PACKAGE_STRING ""
| #define PACKAGE_BUGREPORT ""
| #define PACKAGE_URL ""
| #define USE_UNSTABLE_GEOS_CPP_API 1
| #define STDC_HEADERS 1
| #define HAVE_SYS_TYPES_H 1
| #define HAVE_SYS_STAT_H 1
| #define HAVE_STDLIB_H 1
| #define HAVE_STRING_H 1
| #define HAVE_MEMORY_H 1
| #define HAVE_STRINGS_H 1
| #define HAVE_INTTYPES_H 1
| #define HAVE_STDINT_H 1
| #define HAVE_UNISTD_H 1
| #define HAVE_DLFCN_H 1
| #define LT_OBJDIR ".libs/"
| #define HAVE_DIRENT_H 1
| #define CLOSEDIR_VOID 1
| #define HAVE_STRFTIME 1
| #define HAVE_VPRINTF 1
| #define HAVE_ALLOCA_H 1
| #define HAVE_ALLOCA 1
| #define HAVE_DIRENT_H 1
| #define STDC_HEADERS 1
| #define HAVE_MEMORY_H 1
| #define HAVE_UNISTD_H 1
| /* end confdefs.h.  */
| #include <ieeefp.h>
configure:12800: result: no
configure:12800: checking for ieeefp.h
configure:12800: result: no
configure:12812: checking sys/file.h usability
configure:12812: gcc -c -g -O2  conftest.c >&5
configure:12812: $? = 0
configure:12812: result: yes
configure:12812: checking sys/file.h presence
configure:12812: gcc -E  conftest.c
configure:12812: $? = 0
configure:12812: result: yes
configure:12812: checking for sys/file.h
configure:12812: result: yes
configure:12824: checking sys/time.h usability
configure:12824: gcc -c -g -O2  conftest.c >&5
configure:12824: $? = 0
configure:12824: result: yes
configure:12824: checking sys/time.h presence
configure:12824: gcc -E  conftest.c
configure:12824: $? = 0
configure:12824: result: yes
configure:12824: checking for sys/time.h
configure:12824: result: yes
configure:12837: checking for strchr
configure:12837: gcc -o conftest -g -O2   conftest.c  >&5
conftest.c:57:6: warning: conflicting types for built-in function 'strchr'; expected 'char *(const char *, int)' [-Wbuiltin-declaration-mismatch]
   57 | char strchr ();
      |      ^~~~~~
conftest.c:45:1: note: 'strchr' is declared in header '<string.h>'
   44 | # include <limits.h>
   45 | #else
configure:12837: $? = 0
configure:12837: result: yes
configure:12837: checking for memcpy
configure:12837: gcc -o conftest -g -O2   conftest.c  >&5
conftest.c:58:6: warning: conflicting types for built-in function 'memcpy'; expected 'void *(void *, const void *, long unsigned int)' [-Wbuiltin-declaration-mismatch]
   58 | char memcpy ();
      |      ^~~~~~
conftest.c:46:1: note: 'memcpy' is declared in header '<string.h>'
   45 | # include <limits.h>
   46 | #else
configure:12837: $? = 0
configure:12837: result: yes
configure:12837: checking for gettimeofday
configure:12837: gcc -o conftest -g -O2   conftest.c  >&5
configure:12837: $? = 0
configure:12837: result: yes
configure:12846: checking whether stat file-mode macros are broken
configure:12873: gcc -c -g -O2  conftest.c >&5
configure:12873: $? = 0
configure:12880: result: no
configure:12888: checking whether struct tm is in sys/time.h or time.h
configure:12908: gcc -c -g -O2  conftest.c >&5
configure:12908: $? = 0
configure:12915: result: time.h
configure:12923: checking for size_t
configure:12923: result: yes
configure:12934: checking for an ANSI C-conforming const
configure:13000: gcc -c -g -O2  conftest.c >&5
configure:13000: $? = 0
configure:13007: result: yes
configure:13058: checking if requested to force inline functions
configure:13065: result: yes
configure:13072: checking if requested to enable assert macros
configure:13079: result: yes
configure:13083: checking if requested libstdc++ debug mode
configure:13090: result: no
configure:13102: checking whether g++ supports C++11 features by default
configure:13396: g++ -c -g -O2  conftest.cpp >&5
configure:13396: $? = 0
configure:13403: result: yes
configure:13762: checking whether C++ compiler accepts -Wsuggest-override -Werror
configure:13781: g++ -c -g -O2  -Wsuggest-override -Werror  conftest.cpp >&5
configure:13781: $? = 0
configure:13789: result: yes
configure:13797: checking whether C++ compiler accepts -Wmissing-override -Werror
configure:13816: g++ -c -g -O2  -Wmissing-override -Werror  conftest.cpp >&5
g++: error: unrecognized command-line option '-Wmissing-override'
configure:13816: $? = 1
configure: failed program was:
| /* confdefs.h */
| #define PACKAGE_NAME ""
| #define PACKAGE_TARNAME ""
| #define PACKAGE_VERSION ""
| #define PACKAGE_STRING ""
| #define PACKAGE_BUGREPORT ""
| #define PACKAGE_URL ""
| #define USE_UNSTABLE_GEOS_CPP_API 1
| #define STDC_HEADERS 1
| #define HAVE_SYS_TYPES_H 1
| #define HAVE_SYS_STAT_H 1
| #define HAVE_STDLIB_H 1
| #define HAVE_STRING_H 1
| #define HAVE_MEMORY_H 1
| #define HAVE_STRINGS_H 1
| #define HAVE_INTTYPES_H 1
| #define HAVE_STDINT_H 1
| #define HAVE_UNISTD_H 1
| #define HAVE_DLFCN_H 1
| #define LT_OBJDIR ".libs/"
| #define HAVE_DIRENT_H 1
| #define CLOSEDIR_VOID 1
| #define HAVE_STRFTIME 1
| #define HAVE_VPRINTF 1
| #define HAVE_ALLOCA_H 1
| #define HAVE_ALLOCA 1
| #define HAVE_DIRENT_H 1
| #define STDC_HEADERS 1
| #define HAVE_MEMORY_H 1
| #define HAVE_UNISTD_H 1
| #define HAVE_SYS_FILE_H 1
| #define HAVE_SYS_TIME_H 1
| #define HAVE_STRCHR 1
| #define HAVE_MEMCPY 1
| #define HAVE_GETTIMEOFDAY 1
| #define HAVE_CXX11 1
| /* end confdefs.h.  */
| 
| int
| main ()
| {
| 
|   ;
|   return 0;
| }
configure:13824: result: no
configure:13844: checking if g++ supports -pedantic
configure:13862: gcc -c -g -O2  -pedantic conftest.c >&5
configure:13866: $? = 0
configure:13864: result: yes
configure:13873: checking if g++ supports -Wall
configure:13891: gcc -c -g -O2  -Wall conftest.c >&5
configure:13895: $? = 0
configure:13893: result: yes
configure:13902: checking if g++ supports -Wno-long-long
configure:13920: gcc -c -g -O2  -Wno-long-long conftest.c >&5
configure:13924: $? = 0
configure:13922: result: yes
configure:13934: checking if g++ supports -ffloat-store
configure:13952: gcc -c -g -O2  -ffloat-store conftest.c >&5
configure:13956: $? = 0
configure:13954: result: yes
configure:13975: checking for finite
configure:13991: gcc -o conftest -g -O2   conftest.c  -lm >&5
configure:13991: $? = 0
configure:14000: result: yes
configure:14008: checking for isfinite
configure:14024: gcc -o conftest -g -O2   conftest.c  -lm >&5
configure:14024: $? = 0
configure:14033: result: yes
configure:14048: checking for isnan
configure:14064: g++ -o conftest -g -O2   conftest.cpp  -lm >&5
configure:14064: $? = 0
configure:14073: result: yes
configure:14091: checking whether int64_t is 64 bits
configure:14113: gcc -c -g -O2  conftest.c >&5
conftest.c: In function 'main':
conftest.c:45:41: error: 'int64_t' undeclared (first use in this function)
   45 | static int test_array [1 - 2 * !(sizeof(int64_t) == 8)];
      |                                         ^~~~~~~
conftest.c:45:41: note: each undeclared identifier is reported only once for each function it appears in
configure:14113: $? = 1
configure: failed program was:
| /* confdefs.h */
| #define PACKAGE_NAME ""
| #define PACKAGE_TARNAME ""
| #define PACKAGE_VERSION ""
| #define PACKAGE_STRING ""
| #define PACKAGE_BUGREPORT ""
| #define PACKAGE_URL ""
| #define USE_UNSTABLE_GEOS_CPP_API 1
| #define STDC_HEADERS 1
| #define HAVE_SYS_TYPES_H 1
| #define HAVE_SYS_STAT_H 1
| #define HAVE_STDLIB_H 1
| #define HAVE_STRING_H 1
| #define HAVE_MEMORY_H 1
| #define HAVE_STRINGS_H 1
| #define HAVE_INTTYPES_H 1
| #define HAVE_STDINT_H 1
| #define HAVE_UNISTD_H 1
| #define HAVE_DLFCN_H 1
| #define LT_OBJDIR ".libs/"
| #define HAVE_DIRENT_H 1
| #define CLOSEDIR_VOID 1
| #define HAVE_STRFTIME 1
| #define HAVE_VPRINTF 1
| #define HAVE_ALLOCA_H 1
| #define HAVE_ALLOCA 1
| #define HAVE_DIRENT_H 1
| #define STDC_HEADERS 1
| #define HAVE_MEMORY_H 1
| #define HAVE_UNISTD_H 1
| #define HAVE_SYS_FILE_H 1
| #define HAVE_SYS_TIME_H 1
| #define HAVE_STRCHR 1
| #define HAVE_MEMCPY 1
| #define HAVE_GETTIMEOFDAY 1
| #define HAVE_CXX11 1
| #define HAVE_FINITE 1
| #define HAVE_ISFINITE 1
| #define HAVE_ISNAN 1
| /* end confdefs.h.  */
| 
| int
| main ()
| {
| static int test_array [1 - 2 * !(sizeof(int64_t) == 8)];
| test_array [0] = 0;
| return test_array [0];
| 
|   ;
|   return 0;
| }
configure:14161: result: no
configure:14172: checking whether long long int is 64 bits
configure:14194: gcc -c -g -O2  conftest.c >&5
configure:14194: $? = 0
configure:14242: result: yes
configure:14943: checking OS-specific settings
configure:15100: checking that generated files are newer than configure
configure:15106: result: done
configure:15149: creating ./config.status

## ---------------------- ##
## Running config.status. ##
## ---------------------- ##

This file was extended by config.status, which was
generated by GNU Autoconf 2.69.  Invocation command line was

  CONFIG_FILES    = 
  CONFIG_HEADERS  = 
  CONFIG_LINKS    = 
  CONFIG_COMMANDS = 
  $ ./config.status 

on lhyserver-vm

config.status:1326: creating Makefile
config.status:1326: creating capi/Makefile
config.status:1326: creating capi/geos_c.h
config.status:1326: creating doc/Doxyfile
config.status:1326: creating doc/Makefile
config.status:1326: creating macros/Makefile
config.status:1326: creating src/Makefile
config.status:1326: creating src/algorithm/Makefile
config.status:1326: creating src/algorithm/locate/Makefile
config.status:1326: creating src/algorithm/distance/Makefile
config.status:1326: creating src/geom/Makefile
config.status:1326: creating src/geom/prep/Makefile
config.status:1326: creating src/geom/util/Makefile
config.status:1326: creating src/geomgraph/Makefile
config.status:1326: creating src/geomgraph/index/Makefile
config.status:1326: creating include/Makefile
config.status:1326: creating include/geos/Makefile
config.status:1326: creating include/geos/algorithm/Makefile
config.status:1326: creating include/geos/algorithm/locate/Makefile
config.status:1326: creating include/geos/algorithm/distance/Makefile
config.status:1326: creating include/geos/geom/Makefile
config.status:1326: creating include/geos/geom/prep/Makefile
config.status:1326: creating include/geos/geom/util/Makefile
config.status:1326: creating include/geos/geomgraph/Makefile
config.status:1326: creating include/geos/geomgraph/index/Makefile
config.status:1326: creating include/geos/index/Makefile
config.status:1326: creating include/geos/index/bintree/Makefile
config.status:1326: creating include/geos/index/chain/Makefile
config.status:1326: creating include/geos/index/intervalrtree/Makefile
config.status:1326: creating include/geos/index/quadtree/Makefile
config.status:1326: creating include/geos/index/strtree/Makefile
config.status:1326: creating include/geos/index/sweepline/Makefile
config.status:1326: creating include/geos/io/Makefile
config.status:1326: creating include/geos/linearref/Makefile
config.status:1326: creating include/geos/noding/Makefile
config.status:1326: creating include/geos/noding/snapround/Makefile
config.status:1326: creating include/geos/operation/Makefile
config.status:1326: creating include/geos/operation/buffer/Makefile
config.status:1326: creating include/geos/operation/distance/Makefile
config.status:1326: creating include/geos/operation/intersection/Makefile
config.status:1326: creating include/geos/operation/linemerge/Makefile
config.status:1326: creating include/geos/operation/overlay/Makefile
config.status:1326: creating include/geos/operation/overlay/snap/Makefile
config.status:1326: creating include/geos/operation/polygonize/Makefile
config.status:1326: creating include/geos/operation/predicate/Makefile
config.status:1326: creating include/geos/operation/relate/Makefile
config.status:1326: creating include/geos/operation/sharedpaths/Makefile
config.status:1326: creating include/geos/operation/union/Makefile
config.status:1326: creating include/geos/operation/valid/Makefile
config.status:1326: creating include/geos/planargraph/Makefile
config.status:1326: creating include/geos/planargraph/algorithm/Makefile
config.status:1326: creating include/geos/precision/Makefile
config.status:1326: creating include/geos/simplify/Makefile
config.status:1326: creating include/geos/triangulate/Makefile
config.status:1326: creating include/geos/triangulate/quadedge/Makefile
config.status:1326: creating include/geos/util/Makefile
config.status:1326: creating include/geos/version.h
config.status:1326: creating src/index/Makefile
config.status:1326: creating src/index/bintree/Makefile
config.status:1326: creating src/index/chain/Makefile
config.status:1326: creating src/index/intervalrtree/Makefile
config.status:1326: creating src/index/quadtree/Makefile
config.status:1326: creating src/index/strtree/Makefile
config.status:1326: creating src/index/sweepline/Makefile
config.status:1326: creating src/io/Makefile
config.status:1326: creating src/linearref/Makefile
config.status:1326: creating src/noding/Makefile
config.status:1326: creating src/noding/snapround/Makefile
config.status:1326: creating src/operation/Makefile
config.status:1326: creating src/operation/buffer/Makefile
config.status:1326: creating src/operation/distance/Makefile
config.status:1326: creating src/operation/intersection/Makefile
config.status:1326: creating src/operation/linemerge/Makefile
config.status:1326: creating src/operation/overlay/Makefile
config.status:1326: creating src/operation/polygonize/Makefile
config.status:1326: creating src/operation/predicate/Makefile
config.status:1326: creating src/operation/relate/Makefile
config.status:1326: creating src/operation/sharedpaths/Makefile
config.status:1326: creating src/operation/union/Makefile
config.status:1326: creating src/operation/valid/Makefile
config.status:1326: creating src/planargraph/Makefile
config.status:1326: creating src/precision/Makefile
config.status:1326: creating src/simplify/Makefile
config.status:1326: creating src/triangulate/Makefile
config.status:1326: creating src/triangulate/quadedge/Makefile
config.status:1326: creating src/util/Makefile
config.status:1326: creating swig/geos.i
config.status:1326: creating swig/Makefile
config.status:1326: creating swig/python/Makefile
config.status:1326: creating swig/python/tests/Makefile
config.status:1326: creating swig/ruby/Makefile
config.status:1326: creating swig/ruby/test/Makefile
config.status:1326: creating tests/Makefile
config.status:1326: creating tests/bigtest/Makefile
config.status:1326: creating tests/unit/Makefile
config.status:1326: creating tests/perf/Makefile
config.status:1326: creating tests/perf/operation/Makefile
config.status:1326: creating tests/perf/operation/buffer/Makefile
config.status:1326: creating tests/perf/operation/predicate/Makefile
config.status:1326: creating tests/perf/capi/Makefile
config.status:1326: creating tests/xmltester/Makefile
config.status:1326: creating tests/geostest/Makefile
config.status:1326: creating tests/thread/Makefile
config.status:1326: creating tools/Makefile
config.status:1326: creating tools/geos-config
config.status:1326: creating include/config.h
config.status:1507: include/config.h is unchanged
config.status:1326: creating include/geos/platform.h
config.status:1507: include/geos/platform.h is unchanged
config.status:1555: executing depfiles commands
config.status:1632: cd capi       && sed -e '/# am--include-marker/d' Makefile         | make -f - am--depfiles
make: Nothing to be done for 'am--depfiles'.
config.status:1637: $? = 0
config.status:1632: cd doc       && sed -e '/# am--include-marker/d' Makefile         | make -f - am--depfiles
make: Nothing to be done for 'am--depfiles'.
config.status:1637: $? = 0
config.status:1632: cd src       && sed -e '/# am--include-marker/d' Makefile         | make -f - am--depfiles
make: Nothing to be done for 'am--depfiles'.
config.status:1637: $? = 0
config.status:1632: cd src/algorithm       && sed -e '/# am--include-marker/d' Makefile         | make -f - am--depfiles
make: Nothing to be done for 'am--depfiles'.
config.status:1637: $? = 0
config.status:1632: cd src/algorithm/locate       && sed -e '/# am--include-marker/d' Makefile         | make -f - am--depfiles
make: Nothing to be done for 'am--depfiles'.
config.status:1637: $? = 0
config.status:1632: cd src/algorithm/distance       && sed -e '/# am--include-marker/d' Makefile         | make -f - am--depfiles
make: Nothing to be done for 'am--depfiles'.
config.status:1637: $? = 0
config.status:1632: cd src/geom       && sed -e '/# am--include-marker/d' Makefile         | make -f - am--depfiles
make: Nothing to be done for 'am--depfiles'.
config.status:1637: $? = 0
config.status:1632: cd src/geom/prep       && sed -e '/# am--include-marker/d' Makefile         | make -f - am--depfiles
make: Nothing to be done for 'am--depfiles'.
config.status:1637: $? = 0
config.status:1632: cd src/geom/util       && sed -e '/# am--include-marker/d' Makefile         | make -f - am--depfiles
make: Nothing to be done for 'am--depfiles'.
config.status:1637: $? = 0
config.status:1632: cd src/geomgraph       && sed -e '/# am--include-marker/d' Makefile         | make -f - am--depfiles
make: Nothing to be done for 'am--depfiles'.
config.status:1637: $? = 0
config.status:1632: cd src/geomgraph/index       && sed -e '/# am--include-marker/d' Makefile         | make -f - am--depfiles
make: Nothing to be done for 'am--depfiles'.
config.status:1637: $? = 0
config.status:1632: cd src/index/bintree       && sed -e '/# am--include-marker/d' Makefile         | make -f - am--depfiles
make: Nothing to be done for 'am--depfiles'.
config.status:1637: $? = 0
config.status:1632: cd src/index/chain       && sed -e '/# am--include-marker/d' Makefile         | make -f - am--depfiles
make: Nothing to be done for 'am--depfiles'.
config.status:1637: $? = 0
config.status:1632: cd src/index/intervalrtree       && sed -e '/# am--include-marker/d' Makefile         | make -f - am--depfiles
make: Nothing to be done for 'am--depfiles'.
config.status:1637: $? = 0
config.status:1632: cd src/index/quadtree       && sed -e '/# am--include-marker/d' Makefile         | make -f - am--depfiles
make: Nothing to be done for 'am--depfiles'.
config.status:1637: $? = 0
config.status:1632: cd src/index/strtree       && sed -e '/# am--include-marker/d' Makefile         | make -f - am--depfiles
make: Nothing to be done for 'am--depfiles'.
config.status:1637: $? = 0
config.status:1632: cd src/index/sweepline       && sed -e '/# am--include-marker/d' Makefile         | make -f - am--depfiles
make: Nothing to be done for 'am--depfiles'.
config.status:1637: $? = 0
config.status:1632: cd src/io       && sed -e '/# am--include-marker/d' Makefile         | make -f - am--depfiles
make: Nothing to be done for 'am--depfiles'.
config.status:1637: $? = 0
config.status:1632: cd src/linearref       && sed -e '/# am--include-marker/d' Makefile         | make -f - am--depfiles
make: Nothing to be done for 'am--depfiles'.
config.status:1637: $? = 0
config.status:1632: cd src/noding       && sed -e '/# am--include-marker/d' Makefile         | make -f - am--depfiles
make: Nothing to be done for 'am--depfiles'.
config.status:1637: $? = 0
config.status:1632: cd src/noding/snapround       && sed -e '/# am--include-marker/d' Makefile         | make -f - am--depfiles
make: Nothing to be done for 'am--depfiles'.
config.status:1637: $? = 0
config.status:1632: cd src/operation       && sed -e '/# am--include-marker/d' Makefile         | make -f - am--depfiles
make: Nothing to be done for 'am--depfiles'.
config.status:1637: $? = 0
config.status:1632: cd src/operation/buffer       && sed -e '/# am--include-marker/d' Makefile         | make -f - am--depfiles
make: Nothing to be done for 'am--depfiles'.
config.status:1637: $? = 0
config.status:1632: cd src/operation/distance       && sed -e '/# am--include-marker/d' Makefile         | make -f - am--depfiles
make: Nothing to be done for 'am--depfiles'.
config.status:1637: $? = 0
config.status:1632: cd src/operation/intersection       && sed -e '/# am--include-marker/d' Makefile         | make -f - am--depfiles
make: Nothing to be done for 'am--depfiles'.
config.status:1637: $? = 0
config.status:1632: cd src/operation/linemerge       && sed -e '/# am--include-marker/d' Makefile         | make -f - am--depfiles
make: Nothing to be done for 'am--depfiles'.
config.status:1637: $? = 0
config.status:1632: cd src/operation/overlay       && sed -e '/# am--include-marker/d' Makefile         | make -f - am--depfiles
make: Nothing to be done for 'am--depfiles'.
config.status:1637: $? = 0
config.status:1632: cd src/operation/polygonize       && sed -e '/# am--include-marker/d' Makefile         | make -f - am--depfiles
make: Nothing to be done for 'am--depfiles'.
config.status:1637: $? = 0
config.status:1632: cd src/operation/predicate       && sed -e '/# am--include-marker/d' Makefile         | make -f - am--depfiles
make: Nothing to be done for 'am--depfiles'.
config.status:1637: $? = 0
config.status:1632: cd src/operation/relate       && sed -e '/# am--include-marker/d' Makefile         | make -f - am--depfiles
make: Nothing to be done for 'am--depfiles'.
config.status:1637: $? = 0
config.status:1632: cd src/operation/sharedpaths       && sed -e '/# am--include-marker/d' Makefile         | make -f - am--depfiles
make: Nothing to be done for 'am--depfiles'.
config.status:1637: $? = 0
config.status:1632: cd src/operation/union       && sed -e '/# am--include-marker/d' Makefile         | make -f - am--depfiles
make: Nothing to be done for 'am--depfiles'.
config.status:1637: $? = 0
config.status:1632: cd src/operation/valid       && sed -e '/# am--include-marker/d' Makefile         | make -f - am--depfiles
make: Nothing to be done for 'am--depfiles'.
config.status:1637: $? = 0
config.status:1632: cd src/planargraph       && sed -e '/# am--include-marker/d' Makefile         | make -f - am--depfiles
make: Nothing to be done for 'am--depfiles'.
config.status:1637: $? = 0
config.status:1632: cd src/precision       && sed -e '/# am--include-marker/d' Makefile         | make -f - am--depfiles
make: Nothing to be done for 'am--depfiles'.
config.status:1637: $? = 0
config.status:1632: cd src/simplify       && sed -e '/# am--include-marker/d' Makefile         | make -f - am--depfiles
make: Nothing to be done for 'am--depfiles'.
config.status:1637: $? = 0
config.status:1632: cd src/triangulate       && sed -e '/# am--include-marker/d' Makefile         | make -f - am--depfiles
make: Nothing to be done for 'am--depfiles'.
config.status:1637: $? = 0
config.status:1632: cd src/triangulate/quadedge       && sed -e '/# am--include-marker/d' Makefile         | make -f - am--depfiles
make: Nothing to be done for 'am--depfiles'.
config.status:1637: $? = 0
config.status:1632: cd src/util       && sed -e '/# am--include-marker/d' Makefile         | make -f - am--depfiles
make: Nothing to be done for 'am--depfiles'.
config.status:1637: $? = 0
config.status:1632: cd swig/python       && sed -e '/# am--include-marker/d' Makefile         | make -f - am--depfiles
make: Nothing to be done for 'am--depfiles'.
config.status:1637: $? = 0
config.status:1632: cd swig/ruby       && sed -e '/# am--include-marker/d' Makefile         | make -f - am--depfiles
make: Nothing to be done for 'am--depfiles'.
config.status:1637: $? = 0
config.status:1632: cd tests/bigtest       && sed -e '/# am--include-marker/d' Makefile         | make -f - am--depfiles
make: Nothing to be done for 'am--depfiles'.
config.status:1637: $? = 0
config.status:1632: cd tests/unit       && sed -e '/# am--include-marker/d' Makefile         | make -f - am--depfiles
make: Nothing to be done for 'am--depfiles'.
config.status:1637: $? = 0
config.status:1632: cd tests/perf       && sed -e '/# am--include-marker/d' Makefile         | make -f - am--depfiles
make: Nothing to be done for 'am--depfiles'.
config.status:1637: $? = 0
config.status:1632: cd tests/perf/operation/buffer       && sed -e '/# am--include-marker/d' Makefile         | make -f - am--depfiles
make: Nothing to be done for 'am--depfiles'.
config.status:1637: $? = 0
config.status:1632: cd tests/perf/operation/predicate       && sed -e '/# am--include-marker/d' Makefile         | make -f - am--depfiles
make: Nothing to be done for 'am--depfiles'.
config.status:1637: $? = 0
config.status:1632: cd tests/perf/capi       && sed -e '/# am--include-marker/d' Makefile         | make -f - am--depfiles
make: Nothing to be done for 'am--depfiles'.
config.status:1637: $? = 0
config.status:1632: cd tests/xmltester       && sed -e '/# am--include-marker/d' Makefile         | make -f - am--depfiles
make: Nothing to be done for 'am--depfiles'.
config.status:1637: $? = 0
config.status:1632: cd tests/geostest       && sed -e '/# am--include-marker/d' Makefile         | make -f - am--depfiles
make: Nothing to be done for 'am--depfiles'.
config.status:1637: $? = 0
config.status:1632: cd tests/thread       && sed -e '/# am--include-marker/d' Makefile         | make -f - am--depfiles
make: Nothing to be done for 'am--depfiles'.
config.status:1637: $? = 0
config.status:1555: executing libtool commands

## ---------------- ##
## Cache variables. ##
## ---------------- ##

ac_cv_build=x86_64-pc-linux-gnu
ac_cv_c_compiler_gnu=yes
ac_cv_c_const=yes
ac_cv_cxx_compiler_gnu=yes
ac_cv_env_CCC_set=
ac_cv_env_CCC_value=
ac_cv_env_CC_set=
ac_cv_env_CC_value=
ac_cv_env_CFLAGS_set=
ac_cv_env_CFLAGS_value=
ac_cv_env_CPPFLAGS_set=
ac_cv_env_CPPFLAGS_value=
ac_cv_env_CPP_set=
ac_cv_env_CPP_value=
ac_cv_env_CXXCPP_set=
ac_cv_env_CXXCPP_value=
ac_cv_env_CXXFLAGS_set=
ac_cv_env_CXXFLAGS_value=
ac_cv_env_CXX_set=
ac_cv_env_CXX_value=
ac_cv_env_LDFLAGS_set=
ac_cv_env_LDFLAGS_value=
ac_cv_env_LIBS_set=
ac_cv_env_LIBS_value=
ac_cv_env_LT_SYS_LIBRARY_PATH_set=
ac_cv_env_LT_SYS_LIBRARY_PATH_value=
ac_cv_env_PYTHON_set=
ac_cv_env_PYTHON_value=
ac_cv_env_build_alias_set=set
ac_cv_env_build_alias_value=x86_64-pc-linux-gnu
ac_cv_env_host_alias_set=set
ac_cv_env_host_alias_value=arm-linux-eabi
ac_cv_env_target_alias_set=
ac_cv_env_target_alias_value=
ac_cv_finite=yes
ac_cv_func__doprnt=no
ac_cv_func_alloca_works=yes
ac_cv_func_closedir_void=yes
ac_cv_func_dlopen=no
ac_cv_func_gettimeofday=yes
ac_cv_func_memcmp_working=no
ac_cv_func_memcpy=yes
ac_cv_func_shl_load=no
ac_cv_func_strchr=yes
ac_cv_func_strftime=yes
ac_cv_func_vprintf=yes
ac_cv_header_dirent_dirent_h=yes
ac_cv_header_dlfcn_h=yes
ac_cv_header_ieeefp_h=no
ac_cv_header_inttypes_h=yes
ac_cv_header_memory_h=yes
ac_cv_header_stat_broken=no
ac_cv_header_stdc=yes
ac_cv_header_stdint_h=yes
ac_cv_header_stdlib_h=yes
ac_cv_header_string_h=yes
ac_cv_header_strings_h=yes
ac_cv_header_sys_file_h=yes
ac_cv_header_sys_stat_h=yes
ac_cv_header_sys_time_h=yes
ac_cv_header_sys_types_h=yes
ac_cv_header_unistd_h=yes
ac_cv_host=arm-linux-eabi
ac_cv_isfinite=yes
ac_cv_isnan=yes
ac_cv_lib_dl_dlopen=yes
ac_cv_lib_dld_shl_load=no
ac_cv_objext=o
ac_cv_path_EGREP='/bin/grep -E'
ac_cv_path_FGREP='/bin/grep -F'
ac_cv_path_GREP=/bin/grep
ac_cv_path_SED=/bin/sed
ac_cv_path_install='/usr/bin/install -c'
ac_cv_path_lt_DD=/bin/dd
ac_cv_path_mkdir=/bin/mkdir
ac_cv_prog_AWK=mawk
ac_cv_prog_CPP='gcc -E'
ac_cv_prog_CXXCPP='g++ -E'
ac_cv_prog_DLLTOOL=dlltool
ac_cv_prog_OBJDUMP=objdump
ac_cv_prog_STRIP=strip
ac_cv_prog_ac_ct_AR=ar
ac_cv_prog_ac_ct_CC=gcc
ac_cv_prog_ac_ct_CXX=g++
ac_cv_prog_ac_ct_DUMPBIN='link -dump'
ac_cv_prog_ac_ct_MANIFEST_TOOL=mt
ac_cv_prog_ac_ct_RANLIB=ranlib
ac_cv_prog_ac_ct_STRIP=strip
ac_cv_prog_cc_c89=
ac_cv_prog_cc_g=yes
ac_cv_prog_cxx_g=yes
ac_cv_prog_make_make_set=yes
ac_cv_search_opendir='none required'
ac_cv_search_strerror='none required'
ac_cv_struct_tm=time.h
ac_cv_target=arm-linux-eabi
ac_cv_type_size_t=yes
ac_cv_working_alloca_h=yes
am_cv_CC_dependencies_compiler_type=gcc3
am_cv_CXX_dependencies_compiler_type=gcc3
am_cv_make_support_nested_variables=yes
am_cv_prog_cc_c_o=yes
ax_cv_check_cxxflags___Wmissing_override__Werror=no
ax_cv_check_cxxflags___Wsuggest_override__Werror=yes
ax_cv_cxx_compile_cxx11=yes
dummy_cv_ffloat_store=yes
dummy_cv_pedantic=yes
dummy_cv_wall=yes
dummy_cv_wno_long_long=yes
lt_cv_ar_at_file=@
lt_cv_archive_cmds_need_lc=no
lt_cv_deplibs_check_method=unknown
lt_cv_dlopen=dlopen
lt_cv_dlopen_libs=-ldl
lt_cv_dlopen_self=cross
lt_cv_file_magic_cmd='$MAGIC_CMD'
lt_cv_file_magic_test_file=
lt_cv_ld_reload_flag=-r
lt_cv_nm_interface='BSD nm'
lt_cv_objdir=.libs
lt_cv_path_LD=/usr/bin/ld
lt_cv_path_LDCXX=/usr/bin/ld
lt_cv_path_NM=no
lt_cv_path_mainfest_tool=no
lt_cv_prog_compiler_c_o=yes
lt_cv_prog_compiler_c_o_CXX=yes
lt_cv_prog_compiler_pic='-fPIC -DPIC'
lt_cv_prog_compiler_pic_CXX='-fPIC -DPIC'
lt_cv_prog_compiler_pic_works=yes
lt_cv_prog_compiler_pic_works_CXX=yes
lt_cv_prog_compiler_rtti_exceptions=no
lt_cv_prog_compiler_static_works=yes
lt_cv_prog_compiler_static_works_CXX=yes
lt_cv_prog_gnu_ld=yes
lt_cv_prog_gnu_ldcxx=yes
lt_cv_sharedlib_from_linklib_cmd='printf %s\n'
lt_cv_sys_global_symbol_pipe='sed -n -e '\''s/^.*[	 ]\([ABCDGIRSTW][ABCDGIRSTW]*\)[	 ][	 ]*\([_A-Za-z][_A-Za-z0-9]*\)$/\1 \2 \2/p'\'' | sed '\''/ __gnu_lto/d'\'''
lt_cv_sys_global_symbol_to_c_name_address='sed -n -e '\''s/^: \(.*\) .*$/  {"\1", (void *) 0},/p'\'' -e '\''s/^[ABCDGIRSTW][ABCDGIRSTW]* .* \(.*\)$/  {"\1", (void *) \&\1},/p'\'''
lt_cv_sys_global_symbol_to_c_name_address_lib_prefix='sed -n -e '\''s/^: \(.*\) .*$/  {"\1", (void *) 0},/p'\'' -e '\''s/^[ABCDGIRSTW][ABCDGIRSTW]* .* \(lib.*\)$/  {"\1", (void *) \&\1},/p'\'' -e '\''s/^[ABCDGIRSTW][ABCDGIRSTW]* .* \(.*\)$/  {"lib\1", (void *) \&\1},/p'\'''
lt_cv_sys_global_symbol_to_cdecl='sed -n -e '\''s/^T .* \(.*\)$/extern int \1();/p'\'' -e '\''s/^[ABCDGIRSTW][ABCDGIRSTW]* .* \(.*\)$/extern char \1;/p'\'''
lt_cv_sys_global_symbol_to_import=
lt_cv_sys_max_cmd_len=1572864
lt_cv_to_host_file_cmd=func_convert_file_noop
lt_cv_to_tool_file_cmd=func_convert_file_noop
lt_cv_truncate_bin='/bin/dd bs=4096 count=1'
pgac_cv_type_int64_t_64=no
pgac_cv_type_long_long_int_64=yes

## ----------------- ##
## Output variables. ##
## ----------------- ##

ACLOCAL='${SHELL} /home/lhyserver/test/jni/geos-3.7.2/missing aclocal-1.16'
ALLOCA=''
AMDEPBACKSLASH='\'
AMDEP_FALSE='#'
AMDEP_TRUE=''
AMTAR='$${TAR-tar}'
AM_BACKSLASH='\'
AM_CFLAGS='  -Wsuggest-override -pedantic -Wall -Wno-long-long  -ffloat-store -DUSE_UNSTABLE_GEOS_CPP_API'
AM_CXXFLAGS=' -DGEOS_INLINE  -Wsuggest-override -pedantic -Wall -Wno-long-long  -ffloat-store -DUSE_UNSTABLE_GEOS_CPP_API'
AM_DEFAULT_V='$(AM_DEFAULT_VERBOSITY)'
AM_DEFAULT_VERBOSITY='1'
AM_V='$(V)'
AR='ar'
AS='as'
AUTOCONF='${SHELL} /home/lhyserver/test/jni/geos-3.7.2/missing autoconf'
AUTOHEADER='${SHELL} /home/lhyserver/test/jni/geos-3.7.2/missing autoheader'
AUTOMAKE='${SHELL} /home/lhyserver/test/jni/geos-3.7.2/missing automake-1.16'
AWK='mawk'
CAPI_INTERFACE_AGE='11'
CAPI_INTERFACE_CURRENT='12'
CAPI_INTERFACE_REVISION='2'
CAPI_VERSION='1.11.2'
CAPI_VERSION_MAJOR='1'
CAPI_VERSION_MINOR='11'
CAPI_VERSION_PATCH='2'
CC='gcc'
CCDEPMODE='depmode=gcc3'
CFLAGS='-g -O2'
CPP='gcc -E'
CPPFLAGS=''
CXX='g++'
CXXCPP='g++ -E'
CXXDEPMODE='depmode=gcc3'
CXXFLAGS='-g -O2'
CYGPATH_W='echo'
DEFS='-DHAVE_CONFIG_H'
DEPDIR='.deps'
DLLTOOL='dlltool'
DSYMUTIL=''
DUMPBIN=':'
ECHO_C=''
ECHO_N='-n'
ECHO_T=''
EGREP='/bin/grep -E'
ENABLE_PYTHON_FALSE=''
ENABLE_PYTHON_TRUE='#'
ENABLE_RUBY_FALSE=''
ENABLE_RUBY_TRUE='#'
ENABLE_SWIG_FALSE=''
ENABLE_SWIG_TRUE='#'
EXEEXT=''
FGREP='/bin/grep -F'
GREP='/bin/grep'
HAVE_CXX11='1'
INLINE_FLAGS='-DGEOS_INLINE'
INSTALL_DATA='${INSTALL} -m 644'
INSTALL_PROGRAM='${INSTALL}'
INSTALL_SCRIPT='${INSTALL}'
INSTALL_STRIP_PROGRAM='$(install_sh) -c -s'
INTERFACE_AGE=''
INTERFACE_CURRENT=''
INTERFACE_REVISION=''
JTS_PORT='1.13.0'
LD='/usr/bin/ld'
LDFLAGS=''
LIBOBJS=' ${LIBOBJDIR}memcmp$U.o'
LIBS=''
LIBTOOL='$(SHELL) $(top_builddir)/libtool'
LIPO=''
LN_S='ln -s'
LTLIBOBJS=' ${LIBOBJDIR}memcmp$U.lo'
LT_SYS_LIBRARY_PATH=''
MAINT='#'
MAINTAINER_MODE_FALSE=''
MAINTAINER_MODE_TRUE='#'
MAKEINFO='${SHELL} /home/lhyserver/test/jni/geos-3.7.2/missing makeinfo'
MANIFEST_TOOL=':'
MKDIR_P='/bin/mkdir -p'
NM='nm'
NMEDIT=''
OBJDUMP='objdump'
OBJEXT='o'
OTOOL64=''
OTOOL=''
PACKAGE='geos'
PACKAGE_BUGREPORT=''
PACKAGE_NAME=''
PACKAGE_STRING=''
PACKAGE_TARNAME=''
PACKAGE_URL=''
PACKAGE_VERSION=''
PATH_SEPARATOR=':'
PYTHON=''
PYTHON_CPPFLAGS=''
PYTHON_EXEC_PREFIX=''
PYTHON_EXTRA_LIBS=''
PYTHON_LDFLAGS=''
PYTHON_PLATFORM=''
PYTHON_PREFIX=''
PYTHON_SITE_PKG=''
PYTHON_VERSION=''
RANLIB='ranlib'
RUBY=''
RUBY_ARCH_INCLUDE_DIR=''
RUBY_ARCH_LIB_DIR=''
RUBY_BIN_DIR=''
RUBY_EXTENSION_DIR=''
RUBY_INCLUDE_DIR=''
RUBY_LIB_DIR=''
RUBY_SHARED_LIB=''
RUBY_SITE_ARCH=''
RUBY_SO_NAME=''
RUBY_VERSION=''
SED='/bin/sed'
SET_MAKE=''
SHELL='/bin/bash'
STRIP='strip'
SWIG=''
SWIG_LIB=''
SWIG_PYTHON_CPPFLAGS=''
SWIG_PYTHON_OPT=''
VERSION='3.7.2'
VERSION_MAJOR='3'
VERSION_MINOR='7'
VERSION_PATCH='2'
VERSION_RELEASE='3.7.2'
ac_ct_AR='ar'
ac_ct_CC='gcc'
ac_ct_CXX='g++'
ac_ct_DUMPBIN='link -dump'
am__EXEEXT_FALSE=''
am__EXEEXT_TRUE='#'
am__fastdepCC_FALSE='#'
am__fastdepCC_TRUE=''
am__fastdepCXX_FALSE='#'
am__fastdepCXX_TRUE=''
am__include='include'
am__isrc=''
am__leading_dot='.'
am__nodep='_no'
am__quote=''
am__tar='$${TAR-tar} chof - "$$tardir"'
am__untar='$${TAR-tar} xf -'
bindir='${exec_prefix}/bin'
build='x86_64-pc-linux-gnu'
build_alias='x86_64-pc-linux-gnu'
build_cpu='x86_64'
build_os='linux-gnu'
build_vendor='pc'
datadir='${datarootdir}'
datarootdir='${prefix}/share'
docdir='${datarootdir}/doc/${PACKAGE}'
dvidir='${docdir}'
exec_prefix='${prefix}'
host='arm-linux-eabi'
host_alias='arm-linux-eabi'
host_cpu='arm'
host_os='eabi'
host_vendor='linux'
htmldir='${docdir}'
includedir='${prefix}/include'
infodir='${datarootdir}/info'
install_sh='${SHELL} /home/lhyserver/test/jni/geos-3.7.2/install-sh'
libdir='${exec_prefix}/lib'
libexecdir='${exec_prefix}/libexec'
localedir='${datarootdir}/locale'
localstatedir='${prefix}/var'
mandir='${datarootdir}/man'
mkdir_p='$(MKDIR_P)'
oldincludedir='/usr/include'
pdfdir='${docdir}'
pkgpyexecdir=''
pkgpythondir=''
prefix='/usr/local'
program_transform_name='s,x,x,'
psdir='${docdir}'
pyexecdir=''
pythondir=''
sbindir='${exec_prefix}/sbin'
sharedstatedir='${prefix}/com'
sysconfdir='${prefix}/etc'
target='arm-linux-eabi'
target_alias=''
target_cpu='arm'
target_os='eabi'
target_vendor='linux'

## ----------- ##
## confdefs.h. ##
## ----------- ##

/* confdefs.h */
#define PACKAGE_NAME ""
#define PACKAGE_TARNAME ""
#define PACKAGE_VERSION ""
#define PACKAGE_STRING ""
#define PACKAGE_BUGREPORT ""
#define PACKAGE_URL ""
#define USE_UNSTABLE_GEOS_CPP_API 1
#define STDC_HEADERS 1
#define HAVE_SYS_TYPES_H 1
#define HAVE_SYS_STAT_H 1
#define HAVE_STDLIB_H 1
#define HAVE_STRING_H 1
#define HAVE_MEMORY_H 1
#define HAVE_STRINGS_H 1
#define HAVE_INTTYPES_H 1
#define HAVE_STDINT_H 1
#define HAVE_UNISTD_H 1
#define HAVE_DLFCN_H 1
#define LT_OBJDIR ".libs/"
#define HAVE_DIRENT_H 1
#define CLOSEDIR_VOID 1
#define HAVE_STRFTIME 1
#define HAVE_VPRINTF 1
#define HAVE_ALLOCA_H 1
#define HAVE_ALLOCA 1
#define HAVE_DIRENT_H 1
#define STDC_HEADERS 1
#define HAVE_MEMORY_H 1
#define HAVE_UNISTD_H 1
#define HAVE_SYS_FILE_H 1
#define HAVE_SYS_TIME_H 1
#define HAVE_STRCHR 1
#define HAVE_MEMCPY 1
#define HAVE_GETTIMEOFDAY 1
#define HAVE_CXX11 1
#define HAVE_FINITE 1
#define HAVE_ISFINITE 1
#define HAVE_ISNAN 1
#define HAVE_LONG_LONG_INT_64 1

configure: exit 0
