This file contains any messages produced by compilers while
running configure, to aid debugging if configure makes a mistake.

It was created by PROJ configure 6.1.1, which was
generated by GNU Autoconf 2.69.  Invocation command line was

  $ ./configure --build=x86_64-pc-linux-gnu --host=arm-linux-eabi

## --------- ##
## Platform. ##
## --------- ##

hostname = lhyserver-vm
uname -m = x86_64
uname -r = 5.4.0-195-generic
uname -s = Linux
uname -v = #215-Ubuntu SMP Fri Aug 2 18:28:05 UTC 2024

/usr/bin/uname -p = unknown
/bin/uname -X     = unknown

/bin/arch              = unknown
/usr/bin/arch -k       = unknown
/usr/convex/getsysinfo = unknown
/usr/bin/hostinfo      = unknown
/bin/machine           = unknown
/usr/bin/oslevel       = unknown
/bin/universe          = unknown

PATH: /home/lhyserver/bin
PATH: /home/lhyserver/.cargo/bin
PATH: /home/lhyserver/bin
PATH: /usr/local/sbin
PATH: /usr/local/bin
PATH: /usr/sbin
PATH: /usr/bin
PATH: /sbin
PATH: /bin
PATH: /usr/games
PATH: /usr/local/games
PATH: /snap/bin
PATH: /home/lhyserver/android-ndk-r27-linux/android-ndk-r27
PATH: /usr/local/java/jdk-17.0.12//bin
PATH: /usr/local/java/jdk-17.0.12//jre/bin
PATH: /home/lhyserver/yang/Sdk34/tools
PATH: /home/lhyserver/yang/Sdk34/platform-tools


## ----------- ##
## Core tests. ##
## ----------- ##

configure:2482: checking for a BSD-compatible install
configure:2550: result: /usr/bin/install -c
configure:2561: checking whether build environment is sane
configure:2616: result: yes
configure:2673: checking for arm-linux-eabi-strip
configure:2703: result: no
configure:2713: checking for strip
configure:2729: found /usr/bin/strip
configure:2740: result: strip
configure:2752: WARNING: using cross tools not prefixed with host triplet
configure:2765: checking for a thread-safe mkdir -p
configure:2804: result: /bin/mkdir -p
configure:2811: checking for gawk
configure:2841: result: no
configure:2811: checking for mawk
configure:2827: found /usr/bin/mawk
configure:2838: result: mawk
configure:2849: checking whether make sets $(MAKE)
configure:2871: result: yes
configure:2900: checking whether make supports nested variables
configure:2917: result: yes
configure:3054: checking for arm-linux-eabi-gcc
configure:3084: result: no
configure:3094: checking for gcc
configure:3110: found /usr/bin/gcc
configure:3121: result: gcc
configure:3350: checking for C compiler version
configure:3359: gcc --version >&5
gcc (Ubuntu 10.5.0-1ubuntu1~20.04) 10.5.0
Copyright (C) 2020 Free Software Foundation, Inc.
This is free software; see the source for copying conditions.  There is NO
warranty; not even for MERCHANTABILITY or FITNESS FOR A PARTICULAR PURPOSE.

configure:3370: $? = 0
configure:3359: gcc -v >&5
Using built-in specs.
COLLECT_GCC=gcc
COLLECT_LTO_WRAPPER=/usr/lib/gcc/x86_64-linux-gnu/10/lto-wrapper
OFFLOAD_TARGET_NAMES=nvptx-none:amdgcn-amdhsa:hsa
OFFLOAD_TARGET_DEFAULT=1
Target: x86_64-linux-gnu
Configured with: ../src/configure -v --with-pkgversion='Ubuntu 10.5.0-1ubuntu1~20.04' --with-bugurl=file:///usr/share/doc/gcc-10/README.Bugs --enable-languages=c,ada,c++,go,brig,d,fortran,objc,obj-c++,m2 --prefix=/usr --with-gcc-major-version-only --program-suffix=-10 --program-prefix=x86_64-linux-gnu- --enable-shared --enable-linker-build-id --libexecdir=/usr/lib --without-included-gettext --enable-threads=posix --libdir=/usr/lib --enable-nls --enable-bootstrap --enable-clocale=gnu --enable-libstdcxx-debug --enable-libstdcxx-time=yes --with-default-libstdcxx-abi=new --enable-gnu-unique-object --disable-vtable-verify --enable-plugin --enable-default-pie --with-system-zlib --enable-libphobos-checking=release --with-target-system-zlib=auto --enable-objc-gc=auto --enable-multiarch --disable-werror --with-arch-32=i686 --with-abi=m64 --with-multilib-list=m32,m64,mx32 --enable-multilib --with-tune=generic --enable-offload-targets=nvptx-none=/build/gcc-10-g5VkgL/gcc-10-10.5.0/debian/tmp-nvptx/usr,amdgcn-amdhsa=/build/gcc-10-g5VkgL/gcc-10-10.5.0/debian/tmp-gcn/usr,hsa --without-cuda-driver --enable-checking=release --build=x86_64-linux-gnu --host=x86_64-linux-gnu --target=x86_64-linux-gnu --with-build-config=bootstrap-lto-lean --enable-link-mutex
Thread model: posix
Supported LTO compression algorithms: zlib zstd
gcc version 10.5.0 (Ubuntu 10.5.0-1ubuntu1~20.04) 
... rest of stderr output deleted ...
configure:3370: $? = 0
configure:3359: gcc -V >&5
gcc: error: unrecognized command-line option '-V'
gcc: fatal error: no input files
compilation terminated.
configure:3370: $? = 1
configure:3359: gcc -qversion >&5
gcc: error: unrecognized command-line option '-qversion'; did you mean '--version'?
gcc: fatal error: no input files
compilation terminated.
configure:3370: $? = 1
configure:3390: checking whether the C compiler works
configure:3412: gcc    conftest.c  >&5
configure:3416: $? = 0
configure:3464: result: yes
configure:3467: checking for C compiler default output file name
configure:3469: result: a.out
configure:3475: checking for suffix of executables
configure:3482: gcc -o conftest    conftest.c  >&5
configure:3486: $? = 0
configure:3508: result: 
configure:3530: checking whether we are cross compiling
configure:3568: result: yes
configure:3573: checking for suffix of object files
configure:3595: gcc -c   conftest.c >&5
configure:3599: $? = 0
configure:3620: result: o
configure:3624: checking whether we are using the GNU C compiler
configure:3643: gcc -c   conftest.c >&5
configure:3643: $? = 0
configure:3652: result: yes
configure:3661: checking whether gcc accepts -g
configure:3681: gcc -c -g  conftest.c >&5
configure:3681: $? = 0
configure:3722: result: yes
configure:3739: checking for gcc option to accept ISO C89
configure:3802: gcc  -c -g -O2  conftest.c >&5
configure:3802: $? = 0
configure:3815: result: none needed
configure:3840: checking whether gcc understands -c and -o together
configure:3862: gcc -c conftest.c -o conftest2.o
configure:3865: $? = 0
configure:3862: gcc -c conftest.c -o conftest2.o
configure:3865: $? = 0
configure:3877: result: yes
configure:3897: checking whether make supports the include directive
configure:3912: make -f confmf.GNU && cat confinc.out
this is the am__doit target
configure:3915: $? = 0
configure:3934: result: yes (GNU style)
configure:3959: checking dependency style of gcc
configure:4070: result: gcc3
configure:4099: checking for arm-linux-eabi-g++
configure:4129: result: no
configure:4099: checking for arm-linux-eabi-c++
configure:4129: result: no
configure:4099: checking for arm-linux-eabi-gpp
configure:4129: result: no
configure:4099: checking for arm-linux-eabi-aCC
configure:4129: result: no
configure:4099: checking for arm-linux-eabi-CC
configure:4129: result: no
configure:4099: checking for arm-linux-eabi-cxx
configure:4129: result: no
configure:4099: checking for arm-linux-eabi-cc++
configure:4129: result: no
configure:4099: checking for arm-linux-eabi-cl.exe
configure:4129: result: no
configure:4099: checking for arm-linux-eabi-FCC
configure:4129: result: no
configure:4099: checking for arm-linux-eabi-KCC
configure:4129: result: no
configure:4099: checking for arm-linux-eabi-RCC
configure:4129: result: no
configure:4099: checking for arm-linux-eabi-xlC_r
configure:4129: result: no
configure:4099: checking for arm-linux-eabi-xlC
configure:4129: result: no
configure:4143: checking for g++
configure:4159: found /usr/bin/g++
configure:4170: result: g++
configure:4197: checking for C++ compiler version
configure:4206: g++ --version >&5
g++ (Ubuntu 10.5.0-1ubuntu1~20.04) 10.5.0
Copyright (C) 2020 Free Software Foundation, Inc.
This is free software; see the source for copying conditions.  There is NO
warranty; not even for MERCHANTABILITY or FITNESS FOR A PARTICULAR PURPOSE.

configure:4217: $? = 0
configure:4206: g++ -v >&5
Using built-in specs.
COLLECT_GCC=g++
COLLECT_LTO_WRAPPER=/usr/lib/gcc/x86_64-linux-gnu/10/lto-wrapper
OFFLOAD_TARGET_NAMES=nvptx-none:amdgcn-amdhsa:hsa
OFFLOAD_TARGET_DEFAULT=1
Target: x86_64-linux-gnu
Configured with: ../src/configure -v --with-pkgversion='Ubuntu 10.5.0-1ubuntu1~20.04' --with-bugurl=file:///usr/share/doc/gcc-10/README.Bugs --enable-languages=c,ada,c++,go,brig,d,fortran,objc,obj-c++,m2 --prefix=/usr --with-gcc-major-version-only --program-suffix=-10 --program-prefix=x86_64-linux-gnu- --enable-shared --enable-linker-build-id --libexecdir=/usr/lib --without-included-gettext --enable-threads=posix --libdir=/usr/lib --enable-nls --enable-bootstrap --enable-clocale=gnu --enable-libstdcxx-debug --enable-libstdcxx-time=yes --with-default-libstdcxx-abi=new --enable-gnu-unique-object --disable-vtable-verify --enable-plugin --enable-default-pie --with-system-zlib --enable-libphobos-checking=release --with-target-system-zlib=auto --enable-objc-gc=auto --enable-multiarch --disable-werror --with-arch-32=i686 --with-abi=m64 --with-multilib-list=m32,m64,mx32 --enable-multilib --with-tune=generic --enable-offload-targets=nvptx-none=/build/gcc-10-g5VkgL/gcc-10-10.5.0/debian/tmp-nvptx/usr,amdgcn-amdhsa=/build/gcc-10-g5VkgL/gcc-10-10.5.0/debian/tmp-gcn/usr,hsa --without-cuda-driver --enable-checking=release --build=x86_64-linux-gnu --host=x86_64-linux-gnu --target=x86_64-linux-gnu --with-build-config=bootstrap-lto-lean --enable-link-mutex
Thread model: posix
Supported LTO compression algorithms: zlib zstd
gcc version 10.5.0 (Ubuntu 10.5.0-1ubuntu1~20.04) 
... rest of stderr output deleted ...
configure:4217: $? = 0
configure:4206: g++ -V >&5
g++: error: unrecognized command-line option '-V'
g++: fatal error: no input files
compilation terminated.
configure:4217: $? = 1
configure:4206: g++ -qversion >&5
g++: error: unrecognized command-line option '-qversion'; did you mean '--version'?
g++: fatal error: no input files
compilation terminated.
configure:4217: $? = 1
configure:4221: checking whether we are using the GNU C++ compiler
configure:4240: g++ -c   conftest.cpp >&5
configure:4240: $? = 0
configure:4249: result: yes
configure:4258: checking whether g++ accepts -g
configure:4278: g++ -c -g  conftest.cpp >&5
configure:4278: $? = 0
configure:4319: result: yes
configure:4344: checking dependency style of g++
configure:4455: result: gcc3
configure:4478: checking whether g++ supports C++11 features by default
configure:4772: g++ -c -g -O2  conftest.cpp >&5
configure:4772: $? = 0
configure:4779: result: yes
configure:5131: checking whether ln -s works
configure:5135: result: yes
configure:5142: checking whether make sets $(MAKE)
configure:5164: result: yes
configure:5202: checking build system type
configure:5216: result: x86_64-pc-linux-gnu
configure:5236: checking host system type
configure:5249: result: arm-linux-eabi
configure:5290: checking how to print strings
configure:5317: result: printf
configure:5338: checking for a sed that does not truncate output
configure:5402: result: /bin/sed
configure:5420: checking for grep that handles long lines and -e
configure:5478: result: /bin/grep
configure:5483: checking for egrep
configure:5545: result: /bin/grep -E
configure:5550: checking for fgrep
configure:5612: result: /bin/grep -F
configure:5647: checking for ld used by gcc
configure:5714: result: /usr/bin/ld
configure:5721: checking if the linker (/usr/bin/ld) is GNU ld
configure:5736: result: yes
configure:5748: checking for BSD- or MS-compatible name lister (nm)
configure:5802: result: no
configure:5816: checking for arm-linux-eabi-dumpbin
configure:5846: result: no
configure:5816: checking for arm-linux-eabi-link
configure:5846: result: no
configure:5860: checking for dumpbin
configure:5890: result: no
configure:5860: checking for link
configure:5876: found /usr/bin/link
configure:5887: result: link -dump
configure:5932: checking the name lister (nm) interface
configure:5939: gcc -c -g -O2  conftest.c >&5
configure:5942: nm "conftest.o"
configure:5945: output
0000000000000000 B some_variable
configure:5946: result: BSD nm
configure:5950: checking the maximum length of command line arguments
configure:6081: result: 1572864
configure:6129: checking how to convert x86_64-pc-linux-gnu file names to arm-linux-eabi format
configure:6169: result: func_convert_file_noop
configure:6176: checking how to convert x86_64-pc-linux-gnu file names to toolchain format
configure:6196: result: func_convert_file_noop
configure:6203: checking for /usr/bin/ld option to reload object files
configure:6210: result: -r
configure:6244: checking for arm-linux-eabi-objdump
configure:6274: result: no
configure:6284: checking for objdump
configure:6300: found /usr/bin/objdump
configure:6311: result: objdump
configure:6343: checking how to recognize dependent libraries
configure:6543: result: unknown
configure:6588: checking for arm-linux-eabi-dlltool
configure:6618: result: no
configure:6628: checking for dlltool
configure:6658: result: no
configure:6688: checking how to associate runtime and link libraries
configure:6715: result: printf %s\n
configure:6732: checking for arm-linux-eabi-ar
configure:6762: result: no
configure:6776: checking for ar
configure:6792: found /usr/bin/ar
configure:6803: result: ar
configure:6840: checking for archiver @FILE support
configure:6857: gcc -c -g -O2  conftest.c >&5
configure:6857: $? = 0
configure:6860: ar cru libconftest.a @conftest.lst >&5
ar: `u' modifier ignored since `D' is the default (see `U')
configure:6863: $? = 0
configure:6868: ar cru libconftest.a @conftest.lst >&5
ar: `u' modifier ignored since `D' is the default (see `U')
ar: conftest.o: No such file or directory
configure:6871: $? = 1
configure:6870: result: @
configure:6888: checking for arm-linux-eabi-strip
configure:6915: result: strip
configure:6987: checking for arm-linux-eabi-ranlib
configure:7017: result: no
configure:7027: checking for ranlib
configure:7043: found /usr/bin/ranlib
configure:7054: result: ranlib
configure:7156: checking command to parse nm output from gcc object
configure:7309: gcc -c -g -O2  conftest.c >&5
configure:7312: $? = 0
configure:7316: nm conftest.o \| sed -n -e 's/^.*[ ]\([ABCDGIRSTW][ABCDGIRSTW]*\)[ ][ ]*\([_A-Za-z][_A-Za-z0-9]*\)$/\1 \2 \2/p' | sed '/ __gnu_lto/d' \> conftest.nm
configure:7319: $? = 0
configure:7385: gcc -o conftest -g -O2   conftest.c conftstm.o >&5
configure:7388: $? = 0
configure:7426: result: ok
configure:7473: checking for sysroot
configure:7503: result: no
configure:7510: checking for a working dd
configure:7548: result: /bin/dd
configure:7552: checking how to truncate binary pipes
configure:7567: result: /bin/dd bs=4096 count=1
configure:7856: checking for arm-linux-eabi-mt
configure:7886: result: no
configure:7896: checking for mt
configure:7912: found /bin/mt
configure:7923: result: mt
configure:7946: checking if mt is a manifest tool
configure:7952: mt '-?'
configure:7960: result: no
configure:8637: checking how to run the C preprocessor
configure:8668: gcc -E  conftest.c
configure:8668: $? = 0
configure:8682: gcc -E  conftest.c
conftest.c:12:10: fatal error: ac_nonexistent.h: No such file or directory
   12 | #include <ac_nonexistent.h>
      |          ^~~~~~~~~~~~~~~~~~
compilation terminated.
configure:8682: $? = 1
configure: failed program was:
| /* confdefs.h */
| #define PACKAGE_NAME "PROJ"
| #define PACKAGE_TARNAME "proj"
| #define PACKAGE_VERSION "6.1.1"
| #define PACKAGE_STRING "PROJ 6.1.1"
| #define PACKAGE_BUGREPORT "https://github.com/OSGeo/PROJ/issues"
| #define PACKAGE_URL "https://proj.org"
| #define PACKAGE "proj"
| #define VERSION "6.1.1"
| #define HAVE_CXX11 1
| /* end confdefs.h.  */
| #include <ac_nonexistent.h>
configure:8707: result: gcc -E
configure:8727: gcc -E  conftest.c
configure:8727: $? = 0
configure:8741: gcc -E  conftest.c
conftest.c:12:10: fatal error: ac_nonexistent.h: No such file or directory
   12 | #include <ac_nonexistent.h>
      |          ^~~~~~~~~~~~~~~~~~
compilation terminated.
configure:8741: $? = 1
configure: failed program was:
| /* confdefs.h */
| #define PACKAGE_NAME "PROJ"
| #define PACKAGE_TARNAME "proj"
| #define PACKAGE_VERSION "6.1.1"
| #define PACKAGE_STRING "PROJ 6.1.1"
| #define PACKAGE_BUGREPORT "https://github.com/OSGeo/PROJ/issues"
| #define PACKAGE_URL "https://proj.org"
| #define PACKAGE "proj"
| #define VERSION "6.1.1"
| #define HAVE_CXX11 1
| /* end confdefs.h.  */
| #include <ac_nonexistent.h>
configure:8770: checking for ANSI C header files
configure:8790: gcc -c -g -O2  conftest.c >&5
configure:8790: $? = 0
configure:8874: result: yes
configure:8887: checking for sys/types.h
configure:8887: gcc -c -g -O2  conftest.c >&5
configure:8887: $? = 0
configure:8887: result: yes
configure:8887: checking for sys/stat.h
configure:8887: gcc -c -g -O2  conftest.c >&5
configure:8887: $? = 0
configure:8887: result: yes
configure:8887: checking for stdlib.h
configure:8887: gcc -c -g -O2  conftest.c >&5
configure:8887: $? = 0
configure:8887: result: yes
configure:8887: checking for string.h
configure:8887: gcc -c -g -O2  conftest.c >&5
configure:8887: $? = 0
configure:8887: result: yes
configure:8887: checking for memory.h
configure:8887: gcc -c -g -O2  conftest.c >&5
configure:8887: $? = 0
configure:8887: result: yes
configure:8887: checking for strings.h
configure:8887: gcc -c -g -O2  conftest.c >&5
configure:8887: $? = 0
configure:8887: result: yes
configure:8887: checking for inttypes.h
configure:8887: gcc -c -g -O2  conftest.c >&5
configure:8887: $? = 0
configure:8887: result: yes
configure:8887: checking for stdint.h
configure:8887: gcc -c -g -O2  conftest.c >&5
configure:8887: $? = 0
configure:8887: result: yes
configure:8887: checking for unistd.h
configure:8887: gcc -c -g -O2  conftest.c >&5
configure:8887: $? = 0
configure:8887: result: yes
configure:8901: checking for dlfcn.h
configure:8901: gcc -c -g -O2  conftest.c >&5
configure:8901: $? = 0
configure:8901: result: yes
configure:9167: checking for objdir
configure:9182: result: .libs
configure:9446: checking if gcc supports -fno-rtti -fno-exceptions
configure:9464: gcc -c -g -O2  -fno-rtti -fno-exceptions conftest.c >&5
cc1: warning: command-line option '-fno-rtti' is valid for C++/D/ObjC++ but not for C
configure:9468: $? = 0
configure:9481: result: no
configure:9839: checking for gcc option to produce PIC
configure:9846: result: -fPIC -DPIC
configure:9854: checking if gcc PIC flag -fPIC -DPIC works
configure:9872: gcc -c -g -O2  -fPIC -DPIC -DPIC conftest.c >&5
configure:9876: $? = 0
configure:9889: result: yes
configure:9918: checking if gcc static flag -static works
configure:9946: result: yes
configure:9961: checking if gcc supports -c -o file.o
configure:9982: gcc -c -g -O2  -o out/conftest2.o conftest.c >&5
configure:9986: $? = 0
configure:10008: result: yes
configure:10016: checking if gcc supports -c -o file.o
configure:10063: result: yes
configure:10096: checking whether the gcc linker (/usr/bin/ld) supports shared libraries
configure:11355: result: yes
configure:11392: checking whether -lc should be explicitly linked in
configure:11400: gcc -c -g -O2  conftest.c >&5
configure:11403: $? = 0
configure:11418: gcc -shared  -fPIC -DPIC conftest.o  -v -Wl,-soname -Wl,conftest -o conftest 2\>\&1 \| /bin/grep  -lc  \>/dev/null 2\>\&1
configure:11421: $? = 0
configure:11435: result: no
configure:11595: checking dynamic linker characteristics
configure:12413: result: no
configure:12535: checking how to hardcode library paths into programs
configure:12560: result: immediate
configure:13108: checking whether stripping libraries is possible
configure:13113: result: yes
configure:13148: checking if libtool supports shared libraries
configure:13150: result: no
configure:13153: checking whether to build shared libraries
configure:13178: result: no
configure:13181: checking whether to build static libraries
configure:13185: result: yes
configure:10000: checking how to run the C++ preprocessor
configure:10027: g++ -E  conftest.cpp
configure:10027: $? = 0
configure:10041: g++ -E  conftest.cpp
conftest.cpp:24:10: fatal error: ac_nonexistent.h: No such file or directory
   24 | #include <ac_nonexistent.h>
      |          ^~~~~~~~~~~~~~~~~~
compilation terminated.
configure:10041: $? = 1
configure: failed program was:
| /* confdefs.h */
| #define PACKAGE_NAME "PROJ"
| #define PACKAGE_TARNAME "proj"
| #define PACKAGE_VERSION "6.1.1"
| #define PACKAGE_STRING "PROJ 6.1.1"
| #define PACKAGE_BUGREPORT "https://github.com/OSGeo/PROJ/issues"
| #define PACKAGE_URL "https://proj.org"
| #define PACKAGE "proj"
| #define VERSION "6.1.1"
| #define HAVE_CXX11 1
| #define STDC_HEADERS 1
| #define HAVE_SYS_TYPES_H 1
| #define HAVE_SYS_STAT_H 1
| #define HAVE_STDLIB_H 1
| #define HAVE_STRING_H 1
| #define HAVE_MEMORY_H 1
| #define HAVE_STRINGS_H 1
| #define HAVE_INTTYPES_H 1
| #define HAVE_STDINT_H 1
| #define HAVE_UNISTD_H 1
| #define HAVE_DLFCN_H 1
| #define LT_OBJDIR ".libs/"
| /* end confdefs.h.  */
| #include <ac_nonexistent.h>
configure:10066: result: g++ -E
configure:10086: g++ -E  conftest.cpp
configure:10086: $? = 0
configure:10100: g++ -E  conftest.cpp
conftest.cpp:24:10: fatal error: ac_nonexistent.h: No such file or directory
   24 | #include <ac_nonexistent.h>
      |          ^~~~~~~~~~~~~~~~~~
compilation terminated.
configure:10100: $? = 1
configure: failed program was:
| /* confdefs.h */
| #define PACKAGE_NAME "PROJ"
| #define PACKAGE_TARNAME "proj"
| #define PACKAGE_VERSION "6.1.1"
| #define PACKAGE_STRING "PROJ 6.1.1"
| #define PACKAGE_BUGREPORT "https://github.com/OSGeo/PROJ/issues"
| #define PACKAGE_URL "https://proj.org"
| #define PACKAGE "proj"
| #define VERSION "6.1.1"
| #define HAVE_CXX11 1
| #define STDC_HEADERS 1
| #define HAVE_SYS_TYPES_H 1
| #define HAVE_SYS_STAT_H 1
| #define HAVE_STDLIB_H 1
| #define HAVE_STRING_H 1
| #define HAVE_MEMORY_H 1
| #define HAVE_STRINGS_H 1
| #define HAVE_INTTYPES_H 1
| #define HAVE_STDINT_H 1
| #define HAVE_UNISTD_H 1
| #define HAVE_DLFCN_H 1
| #define LT_OBJDIR ".libs/"
| /* end confdefs.h.  */
| #include <ac_nonexistent.h>
configure:10262: checking for ld used by g++
configure:10329: result: /usr/bin/ld
configure:10336: checking if the linker (/usr/bin/ld) is GNU ld
configure:10351: result: yes
configure:10406: checking whether the g++ linker (/usr/bin/ld) supports shared libraries
configure:11479: result: no
configure:11515: g++ -c -g -O2  conftest.cpp >&5
configure:11518: $? = 0
configure:11999: checking for g++ option to produce PIC
configure:12006: result: -fPIC -DPIC
configure:12014: checking if g++ PIC flag -fPIC -DPIC works
configure:12032: g++ -c -g -O2  -fPIC -DPIC -DPIC conftest.cpp >&5
configure:12036: $? = 0
configure:12049: result: yes
configure:12072: checking if g++ static flag -static works
configure:12100: result: yes
configure:12112: checking if g++ supports -c -o file.o
configure:12133: g++ -c -g -O2  -o out/conftest2.o conftest.cpp >&5
configure:12137: $? = 0
configure:12159: result: yes
configure:12164: checking if g++ supports -c -o file.o
configure:12211: result: yes
configure:12241: checking whether the g++ linker (/usr/bin/ld) supports shared libraries
configure:12281: result: no
configure:12422: checking dynamic linker characteristics
configure:13167: result: no
configure:13232: checking how to hardcode library paths into programs
configure:13257: result: immediate
configure:12165: checking C_WFLAGS for maximum warnings
configure:12192: gcc -c -g -O2 -pedantic -Wdeclaration-after-statement  -Wall -Wdeclaration-after-statement  conftest.c >&5
configure:12192: $? = 0
configure:12206: result: -Wall -Wdeclaration-after-statement
configure:12219: : C_WFLAGS="$C_WFLAGS $ac_cv_cflags_warn_all"
configure:12222: $? = 0
configure:12229: checking CXX_WFLAGS for maximum warnings
configure:12256: g++ -c -g -O2 -pedantic  -Wall  conftest.cpp >&5
configure:12256: $? = 0
configure:12270: result: -Wall
configure:12283: : CXX_WFLAGS="$CXX_WFLAGS $ac_cv_cxxflags_warn_all"
configure:12286: $? = 0
configure:12294: checking whether C compiler accepts -Werror -we10006
configure:12313: gcc -c -g -O2  -Werror -we10006  conftest.c >&5
gcc: error: unrecognized command-line option '-we10006'
configure:12313: $? = 1
configure: failed program was:
| /* confdefs.h */
| #define PACKAGE_NAME "PROJ"
| #define PACKAGE_TARNAME "proj"
| #define PACKAGE_VERSION "6.1.1"
| #define PACKAGE_STRING "PROJ 6.1.1"
| #define PACKAGE_BUGREPORT "https://github.com/OSGeo/PROJ/issues"
| #define PACKAGE_URL "https://proj.org"
| #define PACKAGE "proj"
| #define VERSION "6.1.1"
| #define HAVE_CXX11 1
| #define STDC_HEADERS 1
| #define HAVE_SYS_TYPES_H 1
| #define HAVE_SYS_STAT_H 1
| #define HAVE_STDLIB_H 1
| #define HAVE_STRING_H 1
| #define HAVE_MEMORY_H 1
| #define HAVE_STRINGS_H 1
| #define HAVE_INTTYPES_H 1
| #define HAVE_STDINT_H 1
| #define HAVE_UNISTD_H 1
| #define HAVE_DLFCN_H 1
| #define LT_OBJDIR ".libs/"
| /* end confdefs.h.  */
| 
| int
| main ()
| {
| 
|   ;
|   return 0;
| }
configure:12321: result: no
configure:12331: checking whether C compiler accepts -diag-disable 188,1684,2259,2304,3280,11074,11076
configure:12350: gcc -c -g -O2 -Werror -diag-disable 188,1684,2259,2304,3280,11074,11076  conftest.c >&5
gcc: error: 188,1684,2259,2304,3280,11074,11076: No such file or directory
configure:12350: $? = 1
configure: failed program was:
| /* confdefs.h */
| #define PACKAGE_NAME "PROJ"
| #define PACKAGE_TARNAME "proj"
| #define PACKAGE_VERSION "6.1.1"
| #define PACKAGE_STRING "PROJ 6.1.1"
| #define PACKAGE_BUGREPORT "https://github.com/OSGeo/PROJ/issues"
| #define PACKAGE_URL "https://proj.org"
| #define PACKAGE "proj"
| #define VERSION "6.1.1"
| #define HAVE_CXX11 1
| #define STDC_HEADERS 1
| #define HAVE_SYS_TYPES_H 1
| #define HAVE_SYS_STAT_H 1
| #define HAVE_STDLIB_H 1
| #define HAVE_STRING_H 1
| #define HAVE_MEMORY_H 1
| #define HAVE_STRINGS_H 1
| #define HAVE_INTTYPES_H 1
| #define HAVE_STDINT_H 1
| #define HAVE_UNISTD_H 1
| #define HAVE_DLFCN_H 1
| #define LT_OBJDIR ".libs/"
| /* end confdefs.h.  */
| 
| int
| main ()
| {
| 
|   ;
|   return 0;
| }
configure:12359: result: no
configure:12369: checking whether C compiler accepts -Wextra
configure:12388: gcc -c -g -O2 -Werror -Wextra  conftest.c >&5
configure:12388: $? = 0
configure:12397: result: yes
configure:12406: checking whether C compiler accepts -Winit-self
configure:12425: gcc -c -g -O2 -Werror -Winit-self  conftest.c >&5
configure:12425: $? = 0
configure:12434: result: yes
configure:12443: checking whether C compiler accepts -Wunused-parameter
configure:12462: gcc -c -g -O2 -Werror -Wunused-parameter  conftest.c >&5
configure:12462: $? = 0
configure:12471: result: yes
configure:12480: checking whether C compiler accepts -Wmissing-prototypes
configure:12499: gcc -c -g -O2 -Werror -Wmissing-prototypes  conftest.c >&5
configure:12499: $? = 0
configure:12508: result: yes
configure:12517: checking whether C compiler accepts -Wmissing-declarations
configure:12536: gcc -c -g -O2 -Werror -Wmissing-declarations  conftest.c >&5
configure:12536: $? = 0
configure:12545: result: yes
configure:12554: checking whether C compiler accepts -Wformat
configure:12573: gcc -c -g -O2 -Werror -Wformat  conftest.c >&5
configure:12573: $? = 0
configure:12582: result: yes
configure:12591: checking whether C compiler accepts -Wformat -Werror=format-security -Wno-format-nonliteral
configure:12610: gcc -c -g -O2 -Werror -Wformat -Werror=format-security -Wno-format-nonliteral  conftest.c >&5
configure:12610: $? = 0
configure:12619: result: yes
configure:12628: checking whether C compiler accepts -Wshorten-64-to-32
configure:12647: gcc -c -g -O2 -Werror -Wshorten-64-to-32  conftest.c >&5
gcc: error: unrecognized command-line option '-Wshorten-64-to-32'
configure:12647: $? = 1
configure: failed program was:
| /* confdefs.h */
| #define PACKAGE_NAME "PROJ"
| #define PACKAGE_TARNAME "proj"
| #define PACKAGE_VERSION "6.1.1"
| #define PACKAGE_STRING "PROJ 6.1.1"
| #define PACKAGE_BUGREPORT "https://github.com/OSGeo/PROJ/issues"
| #define PACKAGE_URL "https://proj.org"
| #define PACKAGE "proj"
| #define VERSION "6.1.1"
| #define HAVE_CXX11 1
| #define STDC_HEADERS 1
| #define HAVE_SYS_TYPES_H 1
| #define HAVE_SYS_STAT_H 1
| #define HAVE_STDLIB_H 1
| #define HAVE_STRING_H 1
| #define HAVE_MEMORY_H 1
| #define HAVE_STRINGS_H 1
| #define HAVE_INTTYPES_H 1
| #define HAVE_STDINT_H 1
| #define HAVE_UNISTD_H 1
| #define HAVE_DLFCN_H 1
| #define LT_OBJDIR ".libs/"
| /* end confdefs.h.  */
| 
| int
| main ()
| {
| 
|   ;
|   return 0;
| }
configure:12656: result: no
configure:12665: checking whether C compiler accepts -Wlogical-op
configure:12684: gcc -c -g -O2 -Werror -Wlogical-op  conftest.c >&5
configure:12684: $? = 0
configure:12693: result: yes
configure:12702: checking whether C compiler accepts -Wshadow
configure:12721: gcc -c -g -O2 -Werror -Wshadow  conftest.c >&5
configure:12721: $? = 0
configure:12730: result: yes
configure:12740: checking whether C compiler accepts -Werror=vla
configure:12759: gcc -c -g -O2 -Werror -Werror=vla  conftest.c >&5
configure:12759: $? = 0
configure:12768: result: yes
configure:12777: checking whether C compiler accepts -Werror=declaration-after-statement
configure:12796: gcc -c -g -O2 -Werror -Werror=declaration-after-statement  conftest.c >&5
configure:12796: $? = 0
configure:12805: result: yes
configure:12816: checking whether C compiler accepts -Wdate-time
configure:12835: gcc -c -g -O2 -Werror -Wdate-time  conftest.c >&5
configure:12835: $? = 0
configure:12844: result: yes
configure:12854: checking whether C compiler accepts -Wnull-dereference
configure:12873: gcc -c -g -O2 -Werror -Wnull-dereference  conftest.c >&5
configure:12873: $? = 0
configure:12882: result: yes
configure:12891: checking whether C compiler accepts -Wduplicated-cond
configure:12910: gcc -c -g -O2 -Werror -Wduplicated-cond  conftest.c >&5
configure:12910: $? = 0
configure:12919: result: yes
configure:12936: checking whether C++ compiler accepts -Wextra-semi
configure:12955: g++ -c -g -O2 -Werror -Wextra-semi  conftest.cpp >&5
configure:12955: $? = 0
configure:12964: result: yes
configure:12980: checking whether C compiler accepts -Wno-sign-compare
configure:12999: gcc -c -g -O2 -Werror -Wno-sign-compare  conftest.c >&5
configure:12999: $? = 0
configure:13008: result: yes
configure:13018: checking whether C compiler accepts -Wcomma
configure:13037: gcc -c -g -O2 -Werror -Wcomma  conftest.c >&5
gcc: error: unrecognized command-line option '-Wcomma'; did you mean '-Wcomment'?
configure:13037: $? = 1
configure: failed program was:
| /* confdefs.h */
| #define PACKAGE_NAME "PROJ"
| #define PACKAGE_TARNAME "proj"
| #define PACKAGE_VERSION "6.1.1"
| #define PACKAGE_STRING "PROJ 6.1.1"
| #define PACKAGE_BUGREPORT "https://github.com/OSGeo/PROJ/issues"
| #define PACKAGE_URL "https://proj.org"
| #define PACKAGE "proj"
| #define VERSION "6.1.1"
| #define HAVE_CXX11 1
| #define STDC_HEADERS 1
| #define HAVE_SYS_TYPES_H 1
| #define HAVE_SYS_STAT_H 1
| #define HAVE_STDLIB_H 1
| #define HAVE_STRING_H 1
| #define HAVE_MEMORY_H 1
| #define HAVE_STRINGS_H 1
| #define HAVE_INTTYPES_H 1
| #define HAVE_STDINT_H 1
| #define HAVE_UNISTD_H 1
| #define HAVE_DLFCN_H 1
| #define LT_OBJDIR ".libs/"
| /* end confdefs.h.  */
| 
| int
| main ()
| {
| 
|   ;
|   return 0;
| }
configure:13046: result: no
configure:13056: checking whether C compiler accepts -Wfloat-conversion
configure:13075: gcc -c -g -O2 -Werror -Wfloat-conversion  conftest.c >&5
configure:13075: $? = 0
configure:13084: result: yes
configure:13094: checking whether C compiler accepts -Wdocumentation -Wno-documentation-deprecated-sync
configure:13113: gcc -c -g -O2 -Werror -Wdocumentation -Wno-documentation-deprecated-sync  conftest.c >&5
gcc: error: unrecognized command-line option '-Wdocumentation'
configure:13113: $? = 1
configure: failed program was:
| /* confdefs.h */
| #define PACKAGE_NAME "PROJ"
| #define PACKAGE_TARNAME "proj"
| #define PACKAGE_VERSION "6.1.1"
| #define PACKAGE_STRING "PROJ 6.1.1"
| #define PACKAGE_BUGREPORT "https://github.com/OSGeo/PROJ/issues"
| #define PACKAGE_URL "https://proj.org"
| #define PACKAGE "proj"
| #define VERSION "6.1.1"
| #define HAVE_CXX11 1
| #define STDC_HEADERS 1
| #define HAVE_SYS_TYPES_H 1
| #define HAVE_SYS_STAT_H 1
| #define HAVE_STDLIB_H 1
| #define HAVE_STRING_H 1
| #define HAVE_MEMORY_H 1
| #define HAVE_STRINGS_H 1
| #define HAVE_INTTYPES_H 1
| #define HAVE_STDINT_H 1
| #define HAVE_UNISTD_H 1
| #define HAVE_DLFCN_H 1
| #define LT_OBJDIR ".libs/"
| /* end confdefs.h.  */
| 
| int
| main ()
| {
| 
|   ;
|   return 0;
| }
configure:13122: result: no
configure:13133: checking if -std=gnu89 can be enabled
configure:13148: gcc -c -g -O2 -Werror -std=gnu89  conftest.c >&5
configure:13148: $? = 0
configure:13150: result: yes
configure:13167: checking whether C++ compiler accepts -Wunused-private-field
configure:13186: g++ -c -g -O2 -Werror -Wunused-private-field  conftest.cpp >&5
g++: error: unrecognized command-line option '-Wunused-private-field'
configure:13186: $? = 1
configure: failed program was:
| /* confdefs.h */
| #define PACKAGE_NAME "PROJ"
| #define PACKAGE_TARNAME "proj"
| #define PACKAGE_VERSION "6.1.1"
| #define PACKAGE_STRING "PROJ 6.1.1"
| #define PACKAGE_BUGREPORT "https://github.com/OSGeo/PROJ/issues"
| #define PACKAGE_URL "https://proj.org"
| #define PACKAGE "proj"
| #define VERSION "6.1.1"
| #define HAVE_CXX11 1
| #define STDC_HEADERS 1
| #define HAVE_SYS_TYPES_H 1
| #define HAVE_SYS_STAT_H 1
| #define HAVE_STDLIB_H 1
| #define HAVE_STRING_H 1
| #define HAVE_MEMORY_H 1
| #define HAVE_STRINGS_H 1
| #define HAVE_INTTYPES_H 1
| #define HAVE_STDINT_H 1
| #define HAVE_UNISTD_H 1
| #define HAVE_DLFCN_H 1
| #define LT_OBJDIR ".libs/"
| /* end confdefs.h.  */
| 
| int
| main ()
| {
| 
|   ;
|   return 0;
| }
configure:13195: result: no
configure:13204: checking whether C++ compiler accepts -Wmissing-prototypes
configure:13223: g++ -c -g -O2 -Werror -Wmissing-prototypes  conftest.cpp >&5
cc1plus: error: command-line option '-Wmissing-prototypes' is valid for C/ObjC but not for C++ [-Werror]
cc1plus: all warnings being treated as errors
configure:13223: $? = 1
configure: failed program was:
| /* confdefs.h */
| #define PACKAGE_NAME "PROJ"
| #define PACKAGE_TARNAME "proj"
| #define PACKAGE_VERSION "6.1.1"
| #define PACKAGE_STRING "PROJ 6.1.1"
| #define PACKAGE_BUGREPORT "https://github.com/OSGeo/PROJ/issues"
| #define PACKAGE_URL "https://proj.org"
| #define PACKAGE "proj"
| #define VERSION "6.1.1"
| #define HAVE_CXX11 1
| #define STDC_HEADERS 1
| #define HAVE_SYS_TYPES_H 1
| #define HAVE_SYS_STAT_H 1
| #define HAVE_STDLIB_H 1
| #define HAVE_STRING_H 1
| #define HAVE_MEMORY_H 1
| #define HAVE_STRINGS_H 1
| #define HAVE_INTTYPES_H 1
| #define HAVE_STDINT_H 1
| #define HAVE_UNISTD_H 1
| #define HAVE_DLFCN_H 1
| #define LT_OBJDIR ".libs/"
| /* end confdefs.h.  */
| 
| int
| main ()
| {
| 
|   ;
|   return 0;
| }
configure:13232: result: no
configure:13241: checking whether C++ compiler accepts -Wmissing-declarations
configure:13260: g++ -c -g -O2 -Werror -Wmissing-declarations  conftest.cpp >&5
configure:13260: $? = 0
configure:13269: result: yes
configure:13278: checking whether C++ compiler accepts -Wnon-virtual-dtor
configure:13297: g++ -c -g -O2 -Werror -Wnon-virtual-dtor  conftest.cpp >&5
configure:13297: $? = 0
configure:13306: result: yes
configure:13315: checking whether C++ compiler accepts -Wold-style-cast
configure:13334: g++ -c -g -O2 -Werror -Wold-style-cast  conftest.cpp >&5
configure:13334: $? = 0
configure:13343: result: yes
configure:13352: checking whether C++ compiler accepts -Weffc++
configure:13371: g++ -c -g -O2 -Werror -Weffc++  conftest.cpp >&5
configure:13371: $? = 0
configure:13380: result: yes
configure:13392: checking if -Weffc++ should be enabled
configure:13408: g++ -c -g -O2 -Weffc++ -Werror  conftest.cpp >&5
configure:13408: $? = 0
configure:13409: result: yes
configure:13422: checking whether C++ compiler accepts -Woverloaded-virtual
configure:13441: g++ -c -g -O2 -Werror -Woverloaded-virtual  conftest.cpp >&5
configure:13441: $? = 0
configure:13450: result: yes
configure:13460: checking whether C++ compiler accepts -Wweak-vtables
configure:13479: g++ -c -g -O2 -Werror -Wweak-vtables  conftest.cpp >&5
g++: error: unrecognized command-line option '-Wweak-vtables'
configure:13479: $? = 1
configure: failed program was:
| /* confdefs.h */
| #define PACKAGE_NAME "PROJ"
| #define PACKAGE_TARNAME "proj"
| #define PACKAGE_VERSION "6.1.1"
| #define PACKAGE_STRING "PROJ 6.1.1"
| #define PACKAGE_BUGREPORT "https://github.com/OSGeo/PROJ/issues"
| #define PACKAGE_URL "https://proj.org"
| #define PACKAGE "proj"
| #define VERSION "6.1.1"
| #define HAVE_CXX11 1
| #define STDC_HEADERS 1
| #define HAVE_SYS_TYPES_H 1
| #define HAVE_SYS_STAT_H 1
| #define HAVE_STDLIB_H 1
| #define HAVE_STRING_H 1
| #define HAVE_MEMORY_H 1
| #define HAVE_STRINGS_H 1
| #define HAVE_INTTYPES_H 1
| #define HAVE_STDINT_H 1
| #define HAVE_UNISTD_H 1
| #define HAVE_DLFCN_H 1
| #define LT_OBJDIR ".libs/"
| /* end confdefs.h.  */
| 
| int
| main ()
| {
| 
|   ;
|   return 0;
| }
configure:13488: result: no
configure:13497: checking whether C++ compiler accepts -Wdeprecated
configure:13516: g++ -c -g -O2 -Werror -Wdeprecated  conftest.cpp >&5
configure:13516: $? = 0
configure:13525: result: yes
configure:13534: checking whether C++ compiler accepts -Wabstract-vbase-init
configure:13553: g++ -c -g -O2 -Werror -Wabstract-vbase-init  conftest.cpp >&5
g++: error: unrecognized command-line option '-Wabstract-vbase-init'
configure:13553: $? = 1
configure: failed program was:
| /* confdefs.h */
| #define PACKAGE_NAME "PROJ"
| #define PACKAGE_TARNAME "proj"
| #define PACKAGE_VERSION "6.1.1"
| #define PACKAGE_STRING "PROJ 6.1.1"
| #define PACKAGE_BUGREPORT "https://github.com/OSGeo/PROJ/issues"
| #define PACKAGE_URL "https://proj.org"
| #define PACKAGE "proj"
| #define VERSION "6.1.1"
| #define HAVE_CXX11 1
| #define STDC_HEADERS 1
| #define HAVE_SYS_TYPES_H 1
| #define HAVE_SYS_STAT_H 1
| #define HAVE_STDLIB_H 1
| #define HAVE_STRING_H 1
| #define HAVE_MEMORY_H 1
| #define HAVE_STRINGS_H 1
| #define HAVE_INTTYPES_H 1
| #define HAVE_STDINT_H 1
| #define HAVE_UNISTD_H 1
| #define HAVE_DLFCN_H 1
| #define LT_OBJDIR ".libs/"
| /* end confdefs.h.  */
| 
| int
| main ()
| {
| 
|   ;
|   return 0;
| }
configure:13562: result: no
configure:13571: checking whether C++ compiler accepts -Winconsistent-missing-destructor-override
configure:13590: g++ -c -g -O2 -Werror -Winconsistent-missing-destructor-override  conftest.cpp >&5
g++: error: unrecognized command-line option '-Winconsistent-missing-destructor-override'
configure:13590: $? = 1
configure: failed program was:
| /* confdefs.h */
| #define PACKAGE_NAME "PROJ"
| #define PACKAGE_TARNAME "proj"
| #define PACKAGE_VERSION "6.1.1"
| #define PACKAGE_STRING "PROJ 6.1.1"
| #define PACKAGE_BUGREPORT "https://github.com/OSGeo/PROJ/issues"
| #define PACKAGE_URL "https://proj.org"
| #define PACKAGE "proj"
| #define VERSION "6.1.1"
| #define HAVE_CXX11 1
| #define STDC_HEADERS 1
| #define HAVE_SYS_TYPES_H 1
| #define HAVE_SYS_STAT_H 1
| #define HAVE_STDLIB_H 1
| #define HAVE_STRING_H 1
| #define HAVE_MEMORY_H 1
| #define HAVE_STRINGS_H 1
| #define HAVE_INTTYPES_H 1
| #define HAVE_STDINT_H 1
| #define HAVE_UNISTD_H 1
| #define HAVE_DLFCN_H 1
| #define LT_OBJDIR ".libs/"
| /* end confdefs.h.  */
| 
| int
| main ()
| {
| 
|   ;
|   return 0;
| }
configure:13599: result: no
configure:13609: checking whether C++ compiler accepts -fno-operator-names
configure:13628: g++ -c -g -O2 -Werror -fno-operator-names  conftest.cpp >&5
configure:13628: $? = 0
configure:13637: result: yes
configure:13648: checking whether C++ compiler accepts -Wzero-as-null-pointer-constant
configure:13667: g++ -c -g -O2 -Werror -Wzero-as-null-pointer-constant  conftest.cpp >&5
configure:13667: $? = 0
configure:13676: result: yes
configure:13700: checking to enable LTO (link time optimization) build
configure:13826: result: no
configure:13845: checking for exp in -lm
configure:13870: gcc -o conftest -g -O2 -fvisibility=hidden   conftest.c -lm   >&5
conftest.c:32:6: warning: conflicting types for built-in function 'exp'; expected 'double(double)' [-Wbuiltin-declaration-mismatch]
   32 | char exp ();
      |      ^~~
conftest.c:1:1: note: 'exp' is declared in header '<math.h>'
    1 | /* confdefs.h */
configure:13870: $? = 0
configure:13879: result: yes
configure:13892: checking for ANSI C header files
configure:13996: result: yes
configure:14005: checking whether C compiler accepts -fp-model precise
configure:14024: gcc -c -g -O2 -fvisibility=hidden -Werror -fp-model precise  conftest.c >&5
gcc: error: precise: No such file or directory
gcc: error: unrecognized command-line option '-fp-model'
configure:14024: $? = 1
configure: failed program was:
| /* confdefs.h */
| #define PACKAGE_NAME "PROJ"
| #define PACKAGE_TARNAME "proj"
| #define PACKAGE_VERSION "6.1.1"
| #define PACKAGE_STRING "PROJ 6.1.1"
| #define PACKAGE_BUGREPORT "https://github.com/OSGeo/PROJ/issues"
| #define PACKAGE_URL "https://proj.org"
| #define PACKAGE "proj"
| #define VERSION "6.1.1"
| #define HAVE_CXX11 1
| #define STDC_HEADERS 1
| #define HAVE_SYS_TYPES_H 1
| #define HAVE_SYS_STAT_H 1
| #define HAVE_STDLIB_H 1
| #define HAVE_STRING_H 1
| #define HAVE_MEMORY_H 1
| #define HAVE_STRINGS_H 1
| #define HAVE_INTTYPES_H 1
| #define HAVE_STDINT_H 1
| #define HAVE_UNISTD_H 1
| #define HAVE_DLFCN_H 1
| #define LT_OBJDIR ".libs/"
| #define HAVE_GCC_WARNING_ZERO_AS_NULL_POINTER_CONSTANT 1
| #define HAVE_LIBM 1
| #define STDC_HEADERS 1
| /* end confdefs.h.  */
| 
| int
| main ()
| {
| 
|   ;
|   return 0;
| }
configure:14032: result: no
configure:14042: checking for C99 math functions
configure:14060: gcc -o conftest -g -O2 -fvisibility=hidden -Wall -Werror   conftest.c -lm  >&5
configure:14060: $? = 0
configure:14061: result: yes
configure:14071: checking for library containing sqrt
configure:14102: gcc -o conftest -g -O2 -fvisibility=hidden -DHAVE_C99_MATH=1   conftest.c -lm  >&5
conftest.c:34:6: warning: conflicting types for built-in function 'sqrt'; expected 'double(double)' [-Wbuiltin-declaration-mismatch]
   34 | char sqrt ();
      |      ^~~~
conftest.c:1:1: note: 'sqrt' is declared in header '<math.h>'
    1 | /* confdefs.h */
configure:14102: $? = 0
configure:14119: result: none required
configure:14128: checking for localeconv
configure:14128: gcc -o conftest -g -O2 -fvisibility=hidden -DHAVE_C99_MATH=1   conftest.c -lm  >&5
configure:14128: $? = 0
configure:14128: result: yes
configure:14137: checking for strerror
configure:14137: gcc -o conftest -g -O2 -fvisibility=hidden -DHAVE_C99_MATH=1   conftest.c -lm  >&5
configure:14137: $? = 0
configure:14137: result: yes
configure:14191: checking jni.h usability
configure:14191: gcc -c -g -O2 -fvisibility=hidden -DHAVE_C99_MATH=1  conftest.c >&5
conftest.c:62:10: fatal error: jni.h: No such file or directory
   62 | #include <jni.h>
      |          ^~~~~~~
compilation terminated.
configure:14191: $? = 1
configure: failed program was:
| /* confdefs.h */
| #define PACKAGE_NAME "PROJ"
| #define PACKAGE_TARNAME "proj"
| #define PACKAGE_VERSION "6.1.1"
| #define PACKAGE_STRING "PROJ 6.1.1"
| #define PACKAGE_BUGREPORT "https://github.com/OSGeo/PROJ/issues"
| #define PACKAGE_URL "https://proj.org"
| #define PACKAGE "proj"
| #define VERSION "6.1.1"
| #define HAVE_CXX11 1
| #define STDC_HEADERS 1
| #define HAVE_SYS_TYPES_H 1
| #define HAVE_SYS_STAT_H 1
| #define HAVE_STDLIB_H 1
| #define HAVE_STRING_H 1
| #define HAVE_MEMORY_H 1
| #define HAVE_STRINGS_H 1
| #define HAVE_INTTYPES_H 1
| #define HAVE_STDINT_H 1
| #define HAVE_UNISTD_H 1
| #define HAVE_DLFCN_H 1
| #define LT_OBJDIR ".libs/"
| #define HAVE_GCC_WARNING_ZERO_AS_NULL_POINTER_CONSTANT 1
| #define HAVE_LIBM 1
| #define STDC_HEADERS 1
| #define HAVE_LOCALECONV 1
| #define HAVE_STRERROR 1
| /* end confdefs.h.  */
| #include <stdio.h>
| #ifdef HAVE_SYS_TYPES_H
| # include <sys/types.h>
| #endif
| #ifdef HAVE_SYS_STAT_H
| # include <sys/stat.h>
| #endif
| #ifdef STDC_HEADERS
| # include <stdlib.h>
| # include <stddef.h>
| #else
| # ifdef HAVE_STDLIB_H
| #  include <stdlib.h>
| # endif
| #endif
| #ifdef HAVE_STRING_H
| # if !defined STDC_HEADERS && defined HAVE_MEMORY_H
| #  include <memory.h>
| # endif
| # include <string.h>
| #endif
| #ifdef HAVE_STRINGS_H
| # include <strings.h>
| #endif
| #ifdef HAVE_INTTYPES_H
| # include <inttypes.h>
| #endif
| #ifdef HAVE_STDINT_H
| # include <stdint.h>
| #endif
| #ifdef HAVE_UNISTD_H
| # include <unistd.h>
| #endif
| #include <jni.h>
configure:14191: result: no
configure:14191: checking jni.h presence
configure:14191: gcc -E  conftest.c
conftest.c:29:10: fatal error: jni.h: No such file or directory
   29 | #include <jni.h>
      |          ^~~~~~~
compilation terminated.
configure:14191: $? = 1
configure: failed program was:
| /* confdefs.h */
| #define PACKAGE_NAME "PROJ"
| #define PACKAGE_TARNAME "proj"
| #define PACKAGE_VERSION "6.1.1"
| #define PACKAGE_STRING "PROJ 6.1.1"
| #define PACKAGE_BUGREPORT "https://github.com/OSGeo/PROJ/issues"
| #define PACKAGE_URL "https://proj.org"
| #define PACKAGE "proj"
| #define VERSION "6.1.1"
| #define HAVE_CXX11 1
| #define STDC_HEADERS 1
| #define HAVE_SYS_TYPES_H 1
| #define HAVE_SYS_STAT_H 1
| #define HAVE_STDLIB_H 1
| #define HAVE_STRING_H 1
| #define HAVE_MEMORY_H 1
| #define HAVE_STRINGS_H 1
| #define HAVE_INTTYPES_H 1
| #define HAVE_STDINT_H 1
| #define HAVE_UNISTD_H 1
| #define HAVE_DLFCN_H 1
| #define LT_OBJDIR ".libs/"
| #define HAVE_GCC_WARNING_ZERO_AS_NULL_POINTER_CONSTANT 1
| #define HAVE_LIBM 1
| #define STDC_HEADERS 1
| #define HAVE_LOCALECONV 1
| #define HAVE_STRERROR 1
| /* end confdefs.h.  */
| #include <jni.h>
configure:14191: result: no
configure:14191: checking for jni.h
configure:14191: result: no
configure:14202: checking whether to enable Java/JNI support
configure:14206: result: disabled
configure:14235: checking for mutexes
configure:14240: checking for pthread_create in -lpthread
configure:14265: gcc -o conftest -g -O2 -fvisibility=hidden -DHAVE_C99_MATH=1   conftest.c -lpthread  -lm  >&5
configure:14265: $? = 0
configure:14274: result: yes
configure:14283: checking for pthread_mutexattr_settype in -lpthread
configure:14308: gcc -o conftest -g -O2 -fvisibility=hidden -DHAVE_C99_MATH=1   conftest.c -lpthread  -lm  >&5
configure:14308: $? = 0
configure:14317: result: yes
configure:14328: checking whether PTHREAD_MUTEX_RECURSIVE is declared
configure:14328: gcc -c -g -O2 -fvisibility=hidden -DHAVE_C99_MATH=1  conftest.c >&5
configure:14328: $? = 0
configure:14328: result: yes
configure:14336: result: enabled, pthread
configure:14356: checking for arm-linux-eabi-pkg-config
configure:14389: result: no
configure:14399: checking for pkg-config
configure:14417: found /usr/bin/pkg-config
configure:14429: result: /usr/bin/pkg-config
configure:14454: checking pkg-config is at least version 0.9.0
configure:14457: result: yes
configure:14468: checking for SQLITE3
configure:14476: $PKG_CONFIG --exists --print-errors "sqlite3 >= 3.7"
configure:14479: $? = 0
configure:14494: $PKG_CONFIG --exists --print-errors "sqlite3 >= 3.7"
configure:14497: $? = 0
configure:14552: result: yes
configure:14563: checking for sqlite3
configure:14579: found /usr/bin/sqlite3
configure:14590: result: yes
configure:14704: result: using internal GTest.
configure:14833: checking that generated files are newer than configure
configure:14839: result: done
configure:14870: creating ./config.status

## ---------------------- ##
## Running config.status. ##
## ---------------------- ##

This file was extended by PROJ config.status 6.1.1, which was
generated by GNU Autoconf 2.69.  Invocation command line was

  CONFIG_FILES    = 
  CONFIG_HEADERS  = 
  CONFIG_LINKS    = 
  CONFIG_COMMANDS = 
  $ ./config.status 

on lhyserver-vm

config.status:1193: creating Makefile
config.status:1193: creating cmake/Makefile
config.status:1193: creating src/Makefile
config.status:1193: creating include/Makefile
config.status:1193: creating include/proj/Makefile
config.status:1193: creating include/proj/internal/Makefile
config.status:1193: creating test/Makefile
config.status:1193: creating test/cli/Makefile
config.status:1193: creating test/gie/Makefile
config.status:1193: creating test/gigs/Makefile
config.status:1193: creating test/unit/Makefile
config.status:1193: creating man/Makefile
config.status:1193: creating man/man1/Makefile
config.status:1193: creating man/man3/Makefile
config.status:1193: creating data/Makefile
config.status:1193: creating jniwrap/Makefile
config.status:1193: creating jniwrap/org.osgeo.proj/Makefile
config.status:1193: creating jniwrap/org.osgeo.proj/org/Makefile
config.status:1193: creating jniwrap/org.osgeo.proj/org/proj4/Makefile
config.status:1193: creating test/googletest/Makefile
config.status:1193: creating test/googletest/include/Makefile
config.status:1193: creating test/googletest/include/gtest/Makefile
config.status:1193: creating test/googletest/include/gtest/internal/Makefile
config.status:1193: creating test/googletest/include/gtest/internal/custom/Makefile
config.status:1193: creating test/googletest/src/Makefile
config.status:1193: creating proj.pc
config.status:1301: WARNING:  'proj.pc.in' seems to ignore the --datarootdir setting
config.status:1193: creating src/proj_config.h
config.status:1374: src/proj_config.h is unchanged
config.status:1422: executing depfiles commands
config.status:1499: cd src       && sed -e '/# am--include-marker/d' Makefile         | make -f - am--depfiles
make: Nothing to be done for 'am--depfiles'.
config.status:1504: $? = 0
config.status:1499: cd test/unit       && sed -e '/# am--include-marker/d' Makefile         | make -f - am--depfiles
make: Nothing to be done for 'am--depfiles'.
config.status:1504: $? = 0
config.status:1499: cd test/googletest       && sed -e '/# am--include-marker/d' Makefile         | make -f - am--depfiles
make: Nothing to be done for 'am--depfiles'.
config.status:1504: $? = 0
config.status:1422: executing libtool commands

## ---------------- ##
## Cache variables. ##
## ---------------- ##

ac_cv_build=x86_64-pc-linux-gnu
ac_cv_c_compiler_gnu=yes
ac_cv_cflags_warn_all='-Wall -Wdeclaration-after-statement'
ac_cv_cxx_compiler_gnu=yes
ac_cv_cxxflags_warn_all=-Wall
ac_cv_env_CCC_set=
ac_cv_env_CCC_value=
ac_cv_env_CC_set=
ac_cv_env_CC_value=
ac_cv_env_CFLAGS_set=
ac_cv_env_CFLAGS_value=
ac_cv_env_CPPFLAGS_set=
ac_cv_env_CPPFLAGS_value=
ac_cv_env_CPP_set=
ac_cv_env_CPP_value=
ac_cv_env_CXXCPP_set=
ac_cv_env_CXXCPP_value=
ac_cv_env_CXXFLAGS_set=
ac_cv_env_CXXFLAGS_value=
ac_cv_env_CXX_set=
ac_cv_env_CXX_value=
ac_cv_env_GTEST_CFLAGS_set=
ac_cv_env_GTEST_CFLAGS_value=
ac_cv_env_GTEST_LIBS_set=
ac_cv_env_GTEST_LIBS_value=
ac_cv_env_LDFLAGS_set=
ac_cv_env_LDFLAGS_value=
ac_cv_env_LIBS_set=
ac_cv_env_LIBS_value=
ac_cv_env_LT_SYS_LIBRARY_PATH_set=
ac_cv_env_LT_SYS_LIBRARY_PATH_value=
ac_cv_env_PKG_CONFIG_set=
ac_cv_env_PKG_CONFIG_value=
ac_cv_env_SQLITE3_CFLAGS_set=
ac_cv_env_SQLITE3_CFLAGS_value=
ac_cv_env_SQLITE3_LIBS_set=
ac_cv_env_SQLITE3_LIBS_value=
ac_cv_env_build_alias_set=set
ac_cv_env_build_alias_value=x86_64-pc-linux-gnu
ac_cv_env_host_alias_set=set
ac_cv_env_host_alias_value=arm-linux-eabi
ac_cv_env_target_alias_set=
ac_cv_env_target_alias_value=
ac_cv_func_localeconv=yes
ac_cv_func_strerror=yes
ac_cv_have_decl_PTHREAD_MUTEX_RECURSIVE=yes
ac_cv_header_dlfcn_h=yes
ac_cv_header_inttypes_h=yes
ac_cv_header_jni_h=no
ac_cv_header_memory_h=yes
ac_cv_header_stdc=yes
ac_cv_header_stdint_h=yes
ac_cv_header_stdlib_h=yes
ac_cv_header_string_h=yes
ac_cv_header_strings_h=yes
ac_cv_header_sys_stat_h=yes
ac_cv_header_sys_types_h=yes
ac_cv_header_unistd_h=yes
ac_cv_host=arm-linux-eabi
ac_cv_lib_m_exp=yes
ac_cv_lib_pthread_pthread_create=yes
ac_cv_lib_pthread_pthread_mutexattr_settype=yes
ac_cv_objext=o
ac_cv_path_EGREP='/bin/grep -E'
ac_cv_path_FGREP='/bin/grep -F'
ac_cv_path_GREP=/bin/grep
ac_cv_path_SED=/bin/sed
ac_cv_path_ac_pt_PKG_CONFIG=/usr/bin/pkg-config
ac_cv_path_install='/usr/bin/install -c'
ac_cv_path_lt_DD=/bin/dd
ac_cv_path_mkdir=/bin/mkdir
ac_cv_prog_AWK=mawk
ac_cv_prog_CPP='gcc -E'
ac_cv_prog_CXXCPP='g++ -E'
ac_cv_prog_SQLITE3_CHECK=yes
ac_cv_prog_STRIP=strip
ac_cv_prog_ac_ct_AR=ar
ac_cv_prog_ac_ct_CC=gcc
ac_cv_prog_ac_ct_CXX=g++
ac_cv_prog_ac_ct_DUMPBIN='link -dump'
ac_cv_prog_ac_ct_MANIFEST_TOOL=mt
ac_cv_prog_ac_ct_OBJDUMP=objdump
ac_cv_prog_ac_ct_RANLIB=ranlib
ac_cv_prog_ac_ct_STRIP=strip
ac_cv_prog_cc_c89=
ac_cv_prog_cc_g=yes
ac_cv_prog_cxx_g=yes
ac_cv_prog_make_make_set=yes
ac_cv_search_sqrt='none required'
am_cv_CC_dependencies_compiler_type=gcc3
am_cv_CXX_dependencies_compiler_type=gcc3
am_cv_make_support_nested_variables=yes
am_cv_prog_cc_c_o=yes
ax_cv_check_cflags__Wcomma=no
ax_cv_check_cflags__Wdate_time=yes
ax_cv_check_cflags__Wdocumentation__Wno_documentation_deprecated_sync=no
ax_cv_check_cflags__Wduplicated_cond=yes
ax_cv_check_cflags__Werror__fp_model_precise=no
ax_cv_check_cflags__Werror_declaration_after_statement=yes
ax_cv_check_cflags__Werror_vla=yes
ax_cv_check_cflags__Wextra=yes
ax_cv_check_cflags__Wfloat_conversion=yes
ax_cv_check_cflags__Wformat=yes
ax_cv_check_cflags__Wformat__Werror_format_security__Wno_format_nonliteral=yes
ax_cv_check_cflags__Winit_self=yes
ax_cv_check_cflags__Wlogical_op=yes
ax_cv_check_cflags__Wmissing_declarations=yes
ax_cv_check_cflags__Wmissing_prototypes=yes
ax_cv_check_cflags__Wno_sign_compare=yes
ax_cv_check_cflags__Wnull_dereference=yes
ax_cv_check_cflags__Wshadow=yes
ax_cv_check_cflags__Wshorten_64_to_32=no
ax_cv_check_cflags__Wunused_parameter=yes
ax_cv_check_cflags___Werror__we10006=no
ax_cv_check_cflags__diag_disable_188_1684_2259_2304_3280_11074_11076=no
ax_cv_check_cxxflags__Wabstract_vbase_init=no
ax_cv_check_cxxflags__Wdeprecated=yes
ax_cv_check_cxxflags__Weffcpp=yes
ax_cv_check_cxxflags__Wextra_semi=yes
ax_cv_check_cxxflags__Winconsistent_missing_destructor_override=no
ax_cv_check_cxxflags__Wmissing_declarations=yes
ax_cv_check_cxxflags__Wmissing_prototypes=no
ax_cv_check_cxxflags__Wnon_virtual_dtor=yes
ax_cv_check_cxxflags__Wold_style_cast=yes
ax_cv_check_cxxflags__Woverloaded_virtual=yes
ax_cv_check_cxxflags__Wunused_private_field=no
ax_cv_check_cxxflags__Wweak_vtables=no
ax_cv_check_cxxflags__Wzero_as_null_pointer_constant=yes
ax_cv_check_cxxflags__fno_operator_names=yes
ax_cv_cxx_compile_cxx11=yes
lt_cv_ar_at_file=@
lt_cv_archive_cmds_need_lc=no
lt_cv_deplibs_check_method=unknown
lt_cv_file_magic_cmd='$MAGIC_CMD'
lt_cv_file_magic_test_file=
lt_cv_ld_reload_flag=-r
lt_cv_nm_interface='BSD nm'
lt_cv_objdir=.libs
lt_cv_path_LD=/usr/bin/ld
lt_cv_path_LDCXX=/usr/bin/ld
lt_cv_path_NM=no
lt_cv_path_mainfest_tool=no
lt_cv_prog_compiler_c_o=yes
lt_cv_prog_compiler_c_o_CXX=yes
lt_cv_prog_compiler_pic='-fPIC -DPIC'
lt_cv_prog_compiler_pic_CXX='-fPIC -DPIC'
lt_cv_prog_compiler_pic_works=yes
lt_cv_prog_compiler_pic_works_CXX=yes
lt_cv_prog_compiler_rtti_exceptions=no
lt_cv_prog_compiler_static_works=yes
lt_cv_prog_compiler_static_works_CXX=yes
lt_cv_prog_gnu_ld=yes
lt_cv_prog_gnu_ldcxx=yes
lt_cv_sharedlib_from_linklib_cmd='printf %s\n'
lt_cv_sys_global_symbol_pipe='sed -n -e '\''s/^.*[	 ]\([ABCDGIRSTW][ABCDGIRSTW]*\)[	 ][	 ]*\([_A-Za-z][_A-Za-z0-9]*\)$/\1 \2 \2/p'\'' | sed '\''/ __gnu_lto/d'\'''
lt_cv_sys_global_symbol_to_c_name_address='sed -n -e '\''s/^: \(.*\) .*$/  {"\1", (void *) 0},/p'\'' -e '\''s/^[ABCDGIRSTW][ABCDGIRSTW]* .* \(.*\)$/  {"\1", (void *) \&\1},/p'\'''
lt_cv_sys_global_symbol_to_c_name_address_lib_prefix='sed -n -e '\''s/^: \(.*\) .*$/  {"\1", (void *) 0},/p'\'' -e '\''s/^[ABCDGIRSTW][ABCDGIRSTW]* .* \(lib.*\)$/  {"\1", (void *) \&\1},/p'\'' -e '\''s/^[ABCDGIRSTW][ABCDGIRSTW]* .* \(.*\)$/  {"lib\1", (void *) \&\1},/p'\'''
lt_cv_sys_global_symbol_to_cdecl='sed -n -e '\''s/^T .* \(.*\)$/extern int \1();/p'\'' -e '\''s/^[ABCDGIRSTW][ABCDGIRSTW]* .* \(.*\)$/extern char \1;/p'\'''
lt_cv_sys_global_symbol_to_import=
lt_cv_sys_max_cmd_len=1572864
lt_cv_to_host_file_cmd=func_convert_file_noop
lt_cv_to_tool_file_cmd=func_convert_file_noop
lt_cv_truncate_bin='/bin/dd bs=4096 count=1'
pkg_cv_SQLITE3_CFLAGS=
pkg_cv_SQLITE3_LIBS=-lsqlite3

## ----------------- ##
## Output variables. ##
## ----------------- ##

ACLOCAL='${SHELL} /home/lhyserver/test/jni/proj-6.1.1/missing aclocal-1.16'
AMDEPBACKSLASH='\'
AMDEP_FALSE='#'
AMDEP_TRUE=''
AMTAR='$${TAR-tar}'
AM_BACKSLASH='\'
AM_DEFAULT_V='$(AM_DEFAULT_VERBOSITY)'
AM_DEFAULT_VERBOSITY='1'
AM_V='$(V)'
AR='ar'
AUTOCONF='${SHELL} /home/lhyserver/test/jni/proj-6.1.1/missing autoconf'
AUTOHEADER='${SHELL} /home/lhyserver/test/jni/proj-6.1.1/missing autoheader'
AUTOMAKE='${SHELL} /home/lhyserver/test/jni/proj-6.1.1/missing automake-1.16'
AWK='mawk'
CC='gcc'
CCDEPMODE='depmode=gcc3'
CFLAGS='-g -O2 -fvisibility=hidden -DHAVE_C99_MATH=1'
CPP='gcc -E'
CPPFLAGS=''
CXX='g++'
CXXCPP='g++ -E'
CXXDEPMODE='depmode=gcc3'
CXXFLAGS='-g -O2 -fvisibility=hidden'
CXX_WFLAGS=' -Wall -Wextra -Winit-self -Wunused-parameter -Wformat -Werror=format-security -Wno-format-nonliteral -Wlogical-op -Wshadow -Werror=vla -Wdate-time -Wnull-dereference -Wduplicated-cond -Wextra-semi -Wfloat-conversion -Wmissing-declarations -Wnon-virtual-dtor -Weffc++ -Woverloaded-virtual -Wdeprecated -fno-operator-names -Wzero-as-null-pointer-constant'
CYGPATH_W='echo'
C_WFLAGS=' -Wall -Wdeclaration-after-statement -Wextra -Winit-self -Wunused-parameter -Wmissing-prototypes -Wmissing-declarations -Wformat -Werror=format-security -Wno-format-nonliteral -Wlogical-op -Wshadow -Werror=vla -Wdeclaration-after-statement -Wdate-time -Wnull-dereference -Wduplicated-cond -Wfloat-conversion -std=gnu89'
DEFS='-DHAVE_CONFIG_H'
DEPDIR='.deps'
DLLTOOL='false'
DSYMUTIL=''
DUMPBIN=':'
ECHO_C=''
ECHO_N='-n'
ECHO_T=''
EGREP='/bin/grep -E'
EXEEXT=''
FGREP='/bin/grep -F'
FLTO_FLAG=''
GREP='/bin/grep'
GTEST_CFLAGS='-I$(top_srcdir)/test/googletest/include'
GTEST_LIBS='$(top_builddir)/test/googletest/libgtest.la'
HAVE_CXX11='1'
INSTALL_DATA='${INSTALL} -m 644'
INSTALL_PROGRAM='${INSTALL}'
INSTALL_SCRIPT='${INSTALL}'
INSTALL_STRIP_PROGRAM='$(install_sh) -c -s'
JNI_INCLUDE=''
LD='/usr/bin/ld'
LDFLAGS=''
LIBOBJS=''
LIBS='-lpthread -lm '
LIBTOOL='$(SHELL) $(top_builddir)/libtool'
LIPO=''
LN_S='ln -s'
LTLIBOBJS=''
LT_SYS_LIBRARY_PATH=''
MAKEINFO='${SHELL} /home/lhyserver/test/jni/proj-6.1.1/missing makeinfo'
MANIFEST_TOOL=':'
MKDIR_P='/bin/mkdir -p'
MUTEX_SETTING='pthread'
NM='nm'
NMEDIT=''
NO_ZERO_AS_NULL_POINTER_CONSTANT_FLAG='-Wno-zero-as-null-pointer-constant'
OBJDUMP='objdump'
OBJEXT='o'
OTOOL64=''
OTOOL=''
PACKAGE='proj'
PACKAGE_BUGREPORT='https://github.com/OSGeo/PROJ/issues'
PACKAGE_NAME='PROJ'
PACKAGE_STRING='PROJ 6.1.1'
PACKAGE_TARNAME='proj'
PACKAGE_URL='https://proj.org'
PACKAGE_VERSION='6.1.1'
PATH_SEPARATOR=':'
PKG_CONFIG='/usr/bin/pkg-config'
RANLIB='ranlib'
SED='/bin/sed'
SET_MAKE=''
SHELL='/bin/bash'
SQLITE3_CFLAGS=''
SQLITE3_CHECK='yes'
SQLITE3_LIBS='-lsqlite3'
STRIP='strip'
THREAD_LIB='-lpthread'
USE_EXTERNAL_GTEST_FALSE=''
USE_EXTERNAL_GTEST_TRUE='#'
VERSION='6.1.1'
ac_ct_AR='ar'
ac_ct_CC='gcc'
ac_ct_CXX='g++'
ac_ct_DUMPBIN='link -dump'
am__EXEEXT_FALSE=''
am__EXEEXT_TRUE='#'
am__fastdepCC_FALSE='#'
am__fastdepCC_TRUE=''
am__fastdepCXX_FALSE='#'
am__fastdepCXX_TRUE=''
am__include='include'
am__isrc=''
am__leading_dot='.'
am__nodep='_no'
am__quote=''
am__tar='$${TAR-tar} chof - "$$tardir"'
am__untar='$${TAR-tar} xf -'
bindir='${exec_prefix}/bin'
build='x86_64-pc-linux-gnu'
build_alias='x86_64-pc-linux-gnu'
build_cpu='x86_64'
build_os='linux-gnu'
build_vendor='pc'
datadir='${datarootdir}'
datarootdir='${prefix}/share'
docdir='${datarootdir}/doc/${PACKAGE_TARNAME}'
dvidir='${docdir}'
exec_prefix='${prefix}'
host='arm-linux-eabi'
host_alias='arm-linux-eabi'
host_cpu='arm'
host_os='eabi'
host_vendor='linux'
htmldir='${docdir}'
includedir='${prefix}/include'
infodir='${datarootdir}/info'
install_sh='${SHELL} /home/lhyserver/test/jni/proj-6.1.1/install-sh'
libdir='${exec_prefix}/lib'
libexecdir='${exec_prefix}/libexec'
localedir='${datarootdir}/locale'
localstatedir='${prefix}/var'
mandir='${datarootdir}/man'
mkdir_p='$(MKDIR_P)'
oldincludedir='/usr/include'
pdfdir='${docdir}'
prefix='/usr/local'
program_transform_name='s,x,x,'
psdir='${docdir}'
sbindir='${exec_prefix}/sbin'
sharedstatedir='${prefix}/com'
sysconfdir='${prefix}/etc'
target_alias=''

## ----------- ##
## confdefs.h. ##
## ----------- ##

/* confdefs.h */
#define PACKAGE_NAME "PROJ"
#define PACKAGE_TARNAME "proj"
#define PACKAGE_VERSION "6.1.1"
#define PACKAGE_STRING "PROJ 6.1.1"
#define PACKAGE_BUGREPORT "https://github.com/OSGeo/PROJ/issues"
#define PACKAGE_URL "https://proj.org"
#define PACKAGE "proj"
#define VERSION "6.1.1"
#define HAVE_CXX11 1
#define STDC_HEADERS 1
#define HAVE_SYS_TYPES_H 1
#define HAVE_SYS_STAT_H 1
#define HAVE_STDLIB_H 1
#define HAVE_STRING_H 1
#define HAVE_MEMORY_H 1
#define HAVE_STRINGS_H 1
#define HAVE_INTTYPES_H 1
#define HAVE_STDINT_H 1
#define HAVE_UNISTD_H 1
#define HAVE_DLFCN_H 1
#define LT_OBJDIR ".libs/"
#define HAVE_GCC_WARNING_ZERO_AS_NULL_POINTER_CONSTANT 1
#define HAVE_LIBM 1
#define STDC_HEADERS 1
#define HAVE_LOCALECONV 1
#define HAVE_STRERROR 1
#define HAVE_LIBPTHREAD 1
#define HAVE_PTHREAD_MUTEX_RECURSIVE /**/

configure: exit 0
