This file contains any messages produced by compilers while
running configure, to aid debugging if configure makes a mistake.

It was created by libcharset configure 1.4, which was
generated by GNU Autoconf 2.69.  Invocation command line was

  $ ./configure --disable-option-checking --prefix=/usr/local --build=x86_64-pc-linux-gnu --host=arm-linux-eabi build_alias=x86_64-pc-linux-gnu host_alias=arm-linux-eabi --cache-file=/dev/null --srcdir=.

## --------- ##
## Platform. ##
## --------- ##

hostname = lhyserver-vm
uname -m = x86_64
uname -r = 5.4.0-195-generic
uname -s = Linux
uname -v = #215-Ubuntu SMP Fri Aug 2 18:28:05 UTC 2024

/usr/bin/uname -p = unknown
/bin/uname -X     = unknown

/bin/arch              = unknown
/usr/bin/arch -k       = unknown
/usr/convex/getsysinfo = unknown
/usr/bin/hostinfo      = unknown
/bin/machine           = unknown
/usr/bin/oslevel       = unknown
/bin/universe          = unknown

PATH: /home/lhyserver/bin
PATH: /home/lhyserver/.cargo/bin
PATH: /home/lhyserver/bin
PATH: /usr/local/sbin
PATH: /usr/local/bin
PATH: /usr/sbin
PATH: /usr/bin
PATH: /sbin
PATH: /bin
PATH: /usr/games
PATH: /usr/local/games
PATH: /snap/bin
PATH: /home/lhyserver/android-ndk-r27-linux/android-ndk-r27
PATH: /usr/local/java/jdk-17.0.12//bin
PATH: /usr/local/java/jdk-17.0.12//jre/bin
PATH: /home/lhyserver/yang/Sdk34/tools
PATH: /home/lhyserver/yang/Sdk34/platform-tools


## ----------- ##
## Core tests. ##
## ----------- ##

configure:2212: checking whether make sets $(MAKE)
configure:2234: result: yes
configure:2253: checking for arm-linux-eabi-gcc
configure:2283: result: no
configure:2293: checking for gcc
configure:2309: found /usr/bin/gcc
configure:2320: result: gcc
configure:2332: WARNING: using cross tools not prefixed with host triplet
configure:2549: checking for C compiler version
configure:2558: gcc --version >&5
gcc (Ubuntu 10.5.0-1ubuntu1~20.04) 10.5.0
Copyright (C) 2020 Free Software Foundation, Inc.
This is free software; see the source for copying conditions.  There is NO
warranty; not even for MERCHANTABILITY or FITNESS FOR A PARTICULAR PURPOSE.

configure:2569: $? = 0
configure:2558: gcc -v >&5
Using built-in specs.
COLLECT_GCC=gcc
COLLECT_LTO_WRAPPER=/usr/lib/gcc/x86_64-linux-gnu/10/lto-wrapper
OFFLOAD_TARGET_NAMES=nvptx-none:amdgcn-amdhsa:hsa
OFFLOAD_TARGET_DEFAULT=1
Target: x86_64-linux-gnu
Configured with: ../src/configure -v --with-pkgversion='Ubuntu 10.5.0-1ubuntu1~20.04' --with-bugurl=file:///usr/share/doc/gcc-10/README.Bugs --enable-languages=c,ada,c++,go,brig,d,fortran,objc,obj-c++,m2 --prefix=/usr --with-gcc-major-version-only --program-suffix=-10 --program-prefix=x86_64-linux-gnu- --enable-shared --enable-linker-build-id --libexecdir=/usr/lib --without-included-gettext --enable-threads=posix --libdir=/usr/lib --enable-nls --enable-bootstrap --enable-clocale=gnu --enable-libstdcxx-debug --enable-libstdcxx-time=yes --with-default-libstdcxx-abi=new --enable-gnu-unique-object --disable-vtable-verify --enable-plugin --enable-default-pie --with-system-zlib --enable-libphobos-checking=release --with-target-system-zlib=auto --enable-objc-gc=auto --enable-multiarch --disable-werror --with-arch-32=i686 --with-abi=m64 --with-multilib-list=m32,m64,mx32 --enable-multilib --with-tune=generic --enable-offload-targets=nvptx-none=/build/gcc-10-g5VkgL/gcc-10-10.5.0/debian/tmp-nvptx/usr,amdgcn-amdhsa=/build/gcc-10-g5VkgL/gcc-10-10.5.0/debian/tmp-gcn/usr,hsa --without-cuda-driver --enable-checking=release --build=x86_64-linux-gnu --host=x86_64-linux-gnu --target=x86_64-linux-gnu --with-build-config=bootstrap-lto-lean --enable-link-mutex
Thread model: posix
Supported LTO compression algorithms: zlib zstd
gcc version 10.5.0 (Ubuntu 10.5.0-1ubuntu1~20.04) 
... rest of stderr output deleted ...
configure:2569: $? = 0
configure:2558: gcc -V >&5
gcc: error: unrecognized command-line option '-V'
gcc: fatal error: no input files
compilation terminated.
configure:2569: $? = 1
configure:2558: gcc -qversion >&5
gcc: error: unrecognized command-line option '-qversion'; did you mean '--version'?
gcc: fatal error: no input files
compilation terminated.
configure:2569: $? = 1
configure:2589: checking whether the C compiler works
configure:2611: gcc    conftest.c  >&5
configure:2615: $? = 0
configure:2663: result: yes
configure:2666: checking for C compiler default output file name
configure:2668: result: a.out
configure:2674: checking for suffix of executables
configure:2681: gcc -o conftest    conftest.c  >&5
configure:2685: $? = 0
configure:2707: result: 
configure:2729: checking whether we are cross compiling
configure:2767: result: yes
configure:2772: checking for suffix of object files
configure:2794: gcc -c   conftest.c >&5
configure:2798: $? = 0
configure:2819: result: o
configure:2823: checking whether we are using the GNU C compiler
configure:2842: gcc -c   conftest.c >&5
configure:2842: $? = 0
configure:2851: result: yes
configure:2860: checking whether gcc accepts -g
configure:2880: gcc -c -g  conftest.c >&5
configure:2880: $? = 0
configure:2921: result: yes
configure:2938: checking for gcc option to accept ISO C89
configure:3001: gcc  -c -g -O2  conftest.c >&5
configure:3001: $? = 0
configure:3014: result: none needed
configure:3039: checking how to run the C preprocessor
configure:3070: gcc -E  conftest.c
configure:3070: $? = 0
configure:3084: gcc -E  conftest.c
conftest.c:9:10: fatal error: ac_nonexistent.h: No such file or directory
    9 | #include <ac_nonexistent.h>
      |          ^~~~~~~~~~~~~~~~~~
compilation terminated.
configure:3084: $? = 1
configure: failed program was:
| /* confdefs.h */
| #define PACKAGE_NAME "libcharset"
| #define PACKAGE_TARNAME "libcharset"
| #define PACKAGE_VERSION "1.4"
| #define PACKAGE_STRING "libcharset 1.4"
| #define PACKAGE_BUGREPORT ""
| #define PACKAGE_URL ""
| /* end confdefs.h.  */
| #include <ac_nonexistent.h>
configure:3109: result: gcc -E
configure:3129: gcc -E  conftest.c
configure:3129: $? = 0
configure:3143: gcc -E  conftest.c
conftest.c:9:10: fatal error: ac_nonexistent.h: No such file or directory
    9 | #include <ac_nonexistent.h>
      |          ^~~~~~~~~~~~~~~~~~
compilation terminated.
configure:3143: $? = 1
configure: failed program was:
| /* confdefs.h */
| #define PACKAGE_NAME "libcharset"
| #define PACKAGE_TARNAME "libcharset"
| #define PACKAGE_VERSION "1.4"
| #define PACKAGE_STRING "libcharset 1.4"
| #define PACKAGE_BUGREPORT ""
| #define PACKAGE_URL ""
| /* end confdefs.h.  */
| #include <ac_nonexistent.h>
configure:3185: checking for a BSD-compatible install
configure:3253: result: /usr/bin/install -c
configure:3270: checking build system type
configure:3284: result: x86_64-pc-linux-gnu
configure:3304: checking host system type
configure:3317: result: arm-linux-eabi
configure:3343: checking for grep that handles long lines and -e
configure:3401: result: /bin/grep
configure:3406: checking for egrep
configure:3468: result: /bin/grep -E
configure:3473: checking for ANSI C header files
configure:3493: gcc -c -g -O2  conftest.c >&5
configure:3493: $? = 0
configure:3577: result: yes
configure:3590: checking for sys/types.h
configure:3590: gcc -c -g -O2  conftest.c >&5
configure:3590: $? = 0
configure:3590: result: yes
configure:3590: checking for sys/stat.h
configure:3590: gcc -c -g -O2  conftest.c >&5
configure:3590: $? = 0
configure:3590: result: yes
configure:3590: checking for stdlib.h
configure:3590: gcc -c -g -O2  conftest.c >&5
configure:3590: $? = 0
configure:3590: result: yes
configure:3590: checking for string.h
configure:3590: gcc -c -g -O2  conftest.c >&5
configure:3590: $? = 0
configure:3590: result: yes
configure:3590: checking for memory.h
configure:3590: gcc -c -g -O2  conftest.c >&5
configure:3590: $? = 0
configure:3590: result: yes
configure:3590: checking for strings.h
configure:3590: gcc -c -g -O2  conftest.c >&5
configure:3590: $? = 0
configure:3590: result: yes
configure:3590: checking for inttypes.h
configure:3590: gcc -c -g -O2  conftest.c >&5
configure:3590: $? = 0
configure:3590: result: yes
configure:3590: checking for stdint.h
configure:3590: gcc -c -g -O2  conftest.c >&5
configure:3590: $? = 0
configure:3590: result: yes
configure:3590: checking for unistd.h
configure:3590: gcc -c -g -O2  conftest.c >&5
configure:3590: $? = 0
configure:3590: result: yes
configure:3603: checking minix/config.h usability
configure:3603: gcc -c -g -O2  conftest.c >&5
conftest.c:52:10: fatal error: minix/config.h: No such file or directory
   52 | #include <minix/config.h>
      |          ^~~~~~~~~~~~~~~~
compilation terminated.
configure:3603: $? = 1
configure: failed program was:
| /* confdefs.h */
| #define PACKAGE_NAME "libcharset"
| #define PACKAGE_TARNAME "libcharset"
| #define PACKAGE_VERSION "1.4"
| #define PACKAGE_STRING "libcharset 1.4"
| #define PACKAGE_BUGREPORT ""
| #define PACKAGE_URL ""
| #define STDC_HEADERS 1
| #define HAVE_SYS_TYPES_H 1
| #define HAVE_SYS_STAT_H 1
| #define HAVE_STDLIB_H 1
| #define HAVE_STRING_H 1
| #define HAVE_MEMORY_H 1
| #define HAVE_STRINGS_H 1
| #define HAVE_INTTYPES_H 1
| #define HAVE_STDINT_H 1
| #define HAVE_UNISTD_H 1
| /* end confdefs.h.  */
| #include <stdio.h>
| #ifdef HAVE_SYS_TYPES_H
| # include <sys/types.h>
| #endif
| #ifdef HAVE_SYS_STAT_H
| # include <sys/stat.h>
| #endif
| #ifdef STDC_HEADERS
| # include <stdlib.h>
| # include <stddef.h>
| #else
| # ifdef HAVE_STDLIB_H
| #  include <stdlib.h>
| # endif
| #endif
| #ifdef HAVE_STRING_H
| # if !defined STDC_HEADERS && defined HAVE_MEMORY_H
| #  include <memory.h>
| # endif
| # include <string.h>
| #endif
| #ifdef HAVE_STRINGS_H
| # include <strings.h>
| #endif
| #ifdef HAVE_INTTYPES_H
| # include <inttypes.h>
| #endif
| #ifdef HAVE_STDINT_H
| # include <stdint.h>
| #endif
| #ifdef HAVE_UNISTD_H
| # include <unistd.h>
| #endif
| #include <minix/config.h>
configure:3603: result: no
configure:3603: checking minix/config.h presence
configure:3603: gcc -E  conftest.c
conftest.c:19:10: fatal error: minix/config.h: No such file or directory
   19 | #include <minix/config.h>
      |          ^~~~~~~~~~~~~~~~
compilation terminated.
configure:3603: $? = 1
configure: failed program was:
| /* confdefs.h */
| #define PACKAGE_NAME "libcharset"
| #define PACKAGE_TARNAME "libcharset"
| #define PACKAGE_VERSION "1.4"
| #define PACKAGE_STRING "libcharset 1.4"
| #define PACKAGE_BUGREPORT ""
| #define PACKAGE_URL ""
| #define STDC_HEADERS 1
| #define HAVE_SYS_TYPES_H 1
| #define HAVE_SYS_STAT_H 1
| #define HAVE_STDLIB_H 1
| #define HAVE_STRING_H 1
| #define HAVE_MEMORY_H 1
| #define HAVE_STRINGS_H 1
| #define HAVE_INTTYPES_H 1
| #define HAVE_STDINT_H 1
| #define HAVE_UNISTD_H 1
| /* end confdefs.h.  */
| #include <minix/config.h>
configure:3603: result: no
configure:3603: checking for minix/config.h
configure:3603: result: no
configure:3624: checking whether it is safe to define __EXTENSIONS__
configure:3642: gcc -c -g -O2  conftest.c >&5
configure:3642: $? = 0
configure:3649: result: yes
configure:3715: checking how to print strings
configure:3742: result: printf
configure:3763: checking for a sed that does not truncate output
configure:3827: result: /bin/sed
configure:3845: checking for fgrep
configure:3907: result: /bin/grep -F
configure:3942: checking for ld used by gcc
configure:4009: result: /usr/bin/ld
configure:4016: checking if the linker (/usr/bin/ld) is GNU ld
configure:4031: result: yes
configure:4043: checking for BSD- or MS-compatible name lister (nm)
configure:4097: result: no
configure:4111: checking for arm-linux-eabi-dumpbin
configure:4141: result: no
configure:4111: checking for arm-linux-eabi-link
configure:4141: result: no
configure:4155: checking for dumpbin
configure:4185: result: no
configure:4155: checking for link
configure:4171: found /usr/bin/link
configure:4182: result: link -dump
configure:4227: checking the name lister (nm) interface
configure:4234: gcc -c -g -O2  conftest.c >&5
configure:4237: nm "conftest.o"
configure:4240: output
0000000000000000 B some_variable
configure:4241: result: BSD nm
configure:4244: checking whether ln -s works
configure:4248: result: yes
configure:4256: checking the maximum length of command line arguments
configure:4387: result: 1572864
configure:4435: checking how to convert x86_64-pc-linux-gnu file names to arm-linux-eabi format
configure:4475: result: func_convert_file_noop
configure:4482: checking how to convert x86_64-pc-linux-gnu file names to toolchain format
configure:4502: result: func_convert_file_noop
configure:4509: checking for /usr/bin/ld option to reload object files
configure:4516: result: -r
configure:4550: checking for arm-linux-eabi-objdump
configure:4580: result: no
configure:4590: checking for objdump
configure:4606: found /usr/bin/objdump
configure:4617: result: objdump
configure:4646: checking how to recognize dependent libraries
configure:4846: result: unknown
configure:4891: checking for arm-linux-eabi-dlltool
configure:4921: result: no
configure:4931: checking for dlltool
configure:4961: result: no
configure:4988: checking how to associate runtime and link libraries
configure:5015: result: printf %s\n
configure:5031: checking for arm-linux-eabi-ar
configure:5061: result: no
configure:5075: checking for ar
configure:5091: found /usr/bin/ar
configure:5102: result: ar
configure:5139: checking for archiver @FILE support
configure:5156: gcc -c -g -O2  conftest.c >&5
configure:5156: $? = 0
configure:5159: ar cru libconftest.a @conftest.lst >&5
ar: `u' modifier ignored since `D' is the default (see `U')
configure:5162: $? = 0
configure:5167: ar cru libconftest.a @conftest.lst >&5
ar: `u' modifier ignored since `D' is the default (see `U')
ar: conftest.o: No such file or directory
configure:5170: $? = 1
configure:5169: result: @
configure:5187: checking for arm-linux-eabi-strip
configure:5217: result: no
configure:5227: checking for strip
configure:5243: found /usr/bin/strip
configure:5254: result: strip
configure:5286: checking for arm-linux-eabi-ranlib
configure:5316: result: no
configure:5326: checking for ranlib
configure:5342: found /usr/bin/ranlib
configure:5353: result: ranlib
configure:5430: checking for gawk
configure:5460: result: no
configure:5430: checking for mawk
configure:5446: found /usr/bin/mawk
configure:5457: result: mawk
configure:5497: checking command to parse nm output from gcc object
configure:5650: gcc -c -g -O2  conftest.c >&5
configure:5653: $? = 0
configure:5657: nm conftest.o \| sed -n -e 's/^.*[ ]\([ABCDGIRSTW][ABCDGIRSTW]*\)[ ][ ]*\([_A-Za-z][_A-Za-z0-9]*\)$/\1 \2 \2/p' | sed '/ __gnu_lto/d' \> conftest.nm
configure:5660: $? = 0
configure:5726: gcc -o conftest -g -O2   conftest.c conftstm.o >&5
configure:5729: $? = 0
configure:5767: result: ok
configure:5814: checking for sysroot
configure:5844: result: no
configure:5851: checking for a working dd
configure:5889: result: /bin/dd
configure:5893: checking how to truncate binary pipes
configure:5908: result: /bin/dd bs=4096 count=1
configure:6197: checking for arm-linux-eabi-mt
configure:6227: result: no
configure:6237: checking for mt
configure:6253: found /bin/mt
configure:6264: result: mt
configure:6287: checking if mt is a manifest tool
configure:6293: mt '-?'
configure:6301: result: no
configure:6975: checking for dlfcn.h
configure:6975: gcc -c -g -O2  conftest.c >&5
configure:6975: $? = 0
configure:6975: result: yes
configure:7529: checking for objdir
configure:7544: result: .libs
configure:7808: checking if gcc supports -fno-rtti -fno-exceptions
configure:7826: gcc -c -g -O2  -fno-rtti -fno-exceptions conftest.c >&5
cc1: warning: command-line option '-fno-rtti' is valid for C++/D/ObjC++ but not for C
configure:7830: $? = 0
configure:7843: result: no
configure:8201: checking for gcc option to produce PIC
configure:8208: result: -fPIC -DPIC
configure:8216: checking if gcc PIC flag -fPIC -DPIC works
configure:8234: gcc -c -g -O2  -fPIC -DPIC -DPIC conftest.c >&5
configure:8238: $? = 0
configure:8251: result: yes
configure:8280: checking if gcc static flag -static works
configure:8308: result: yes
configure:8323: checking if gcc supports -c -o file.o
configure:8344: gcc -c -g -O2  -o out/conftest2.o conftest.c >&5
configure:8348: $? = 0
configure:8370: result: yes
configure:8378: checking if gcc supports -c -o file.o
configure:8425: result: yes
configure:8458: checking whether the gcc linker (/usr/bin/ld) supports shared libraries
configure:9717: result: yes
configure:9754: checking whether -lc should be explicitly linked in
configure:9762: gcc -c -g -O2  conftest.c >&5
configure:9765: $? = 0
configure:9780: gcc -shared  -fPIC -DPIC conftest.o  -v -Wl,-soname -Wl,conftest -o conftest 2\>\&1 \| /bin/grep  -lc  \>/dev/null 2\>\&1
configure:9783: $? = 0
configure:9797: result: no
configure:9957: checking dynamic linker characteristics
configure:10775: result: no
configure:10897: checking how to hardcode library paths into programs
configure:10922: result: immediate
configure:11470: checking whether stripping libraries is possible
configure:11475: result: yes
configure:11510: checking if libtool supports shared libraries
configure:11512: result: no
configure:11515: checking whether to build shared libraries
configure:11540: result: no
configure:11543: checking whether to build static libraries
configure:11547: result: yes
configure:8399: checking for ld
configure:8527: result: /usr/bin/ld
configure:8534: checking if the linker (/usr/bin/ld) is GNU ld
configure:8549: result: yes
configure:8555: checking for shared library path variable
configure:8568: result: none
configure:8573: checking whether to activate relocatable installation
configure:8588: result: no
configure:8762: checking whether the -Werror option is usable
configure:8780: gcc -c -g -O2 -Werror  conftest.c >&5
configure:8780: $? = 0
configure:8789: result: yes
configure:8791: checking for simple visibility declarations
configure:8817: gcc -c -g -O2 -fvisibility=hidden -Werror  conftest.c >&5
configure:8817: $? = 0
configure:8826: result: yes
configure:8844: checking for nl_langinfo and CODESET
configure:8860: gcc -o conftest -g -O2   conftest.c  >&5
configure:8860: $? = 0
configure:8869: result: yes
configure:8883: checking for unistd.h
configure:8883: result: yes
configure:8902: checking for symlink
configure:8902: gcc -o conftest -g -O2   conftest.c  >&5
configure:8902: $? = 0
configure:8902: result: yes
configure:8918: checking for working fcntl.h
configure:9042: result: cross-compiling
configure:9066: checking whether we are using the GNU C Library >= 2.1 or uClibc
configure:9096: result: yes
configure:9104: checking for setlocale
configure:9104: gcc -o conftest -g -O2   conftest.c  >&5
configure:9104: $? = 0
configure:9104: result: yes
configure:9236: creating ./config.status

## ---------------------- ##
## Running config.status. ##
## ---------------------- ##

This file was extended by libcharset config.status 1.4, which was
generated by GNU Autoconf 2.69.  Invocation command line was

  CONFIG_FILES    = 
  CONFIG_HEADERS  = 
  CONFIG_LINKS    = 
  CONFIG_COMMANDS = 
  $ ./config.status 

on lhyserver-vm

config.status:1071: creating Makefile
config.status:1071: creating lib/Makefile
config.status:1071: creating include/localcharset.h
config.status:1071: creating include/localcharset.h.inst
config.status:1071: creating config.h
config.status:1260: executing libtool commands

## ---------------- ##
## Cache variables. ##
## ---------------- ##

ac_cv_build=x86_64-pc-linux-gnu
ac_cv_c_compiler_gnu=yes
ac_cv_env_CC_set=
ac_cv_env_CC_value=
ac_cv_env_CFLAGS_set=
ac_cv_env_CFLAGS_value=
ac_cv_env_CPPFLAGS_set=
ac_cv_env_CPPFLAGS_value=
ac_cv_env_CPP_set=
ac_cv_env_CPP_value=
ac_cv_env_LDFLAGS_set=
ac_cv_env_LDFLAGS_value=
ac_cv_env_LIBS_set=
ac_cv_env_LIBS_value=
ac_cv_env_LT_SYS_LIBRARY_PATH_set=
ac_cv_env_LT_SYS_LIBRARY_PATH_value=
ac_cv_env_build_alias_set=set
ac_cv_env_build_alias_value=x86_64-pc-linux-gnu
ac_cv_env_host_alias_set=set
ac_cv_env_host_alias_value=arm-linux-eabi
ac_cv_env_target_alias_set=
ac_cv_env_target_alias_value=
ac_cv_func_setlocale=yes
ac_cv_func_symlink=yes
ac_cv_gnu_library_2_1=yes
ac_cv_header_dlfcn_h=yes
ac_cv_header_inttypes_h=yes
ac_cv_header_memory_h=yes
ac_cv_header_minix_config_h=no
ac_cv_header_stdc=yes
ac_cv_header_stdint_h=yes
ac_cv_header_stdlib_h=yes
ac_cv_header_string_h=yes
ac_cv_header_strings_h=yes
ac_cv_header_sys_stat_h=yes
ac_cv_header_sys_types_h=yes
ac_cv_header_unistd_h=yes
ac_cv_host=arm-linux-eabi
ac_cv_objext=o
ac_cv_path_EGREP='/bin/grep -E'
ac_cv_path_FGREP='/bin/grep -F'
ac_cv_path_GREP=/bin/grep
ac_cv_path_SED=/bin/sed
ac_cv_path_install='/usr/bin/install -c'
ac_cv_path_lt_DD=/bin/dd
ac_cv_prog_AWK=mawk
ac_cv_prog_CPP='gcc -E'
ac_cv_prog_ac_ct_AR=ar
ac_cv_prog_ac_ct_CC=gcc
ac_cv_prog_ac_ct_DUMPBIN='link -dump'
ac_cv_prog_ac_ct_MANIFEST_TOOL=mt
ac_cv_prog_ac_ct_OBJDUMP=objdump
ac_cv_prog_ac_ct_RANLIB=ranlib
ac_cv_prog_ac_ct_STRIP=strip
ac_cv_prog_cc_c89=
ac_cv_prog_cc_g=yes
ac_cv_prog_make_make_set=yes
ac_cv_safe_to_define___extensions__=yes
acl_cv_libpath=none
acl_cv_prog_gnu_ld=yes
acl_cv_shlibpath_var=
am_cv_langinfo_codeset=yes
gl_cv_cc_vis_werror=yes
gl_cv_cc_visibility=yes
gl_cv_header_working_fcntl_h=cross-compiling
lt_cv_ar_at_file=@
lt_cv_archive_cmds_need_lc=no
lt_cv_deplibs_check_method=unknown
lt_cv_file_magic_cmd='$MAGIC_CMD'
lt_cv_file_magic_test_file=
lt_cv_ld_reload_flag=-r
lt_cv_nm_interface='BSD nm'
lt_cv_objdir=.libs
lt_cv_path_LD=/usr/bin/ld
lt_cv_path_NM=no
lt_cv_path_mainfest_tool=no
lt_cv_prog_compiler_c_o=yes
lt_cv_prog_compiler_pic='-fPIC -DPIC'
lt_cv_prog_compiler_pic_works=yes
lt_cv_prog_compiler_rtti_exceptions=no
lt_cv_prog_compiler_static_works=yes
lt_cv_prog_gnu_ld=yes
lt_cv_sharedlib_from_linklib_cmd='printf %s\n'
lt_cv_sys_global_symbol_pipe='sed -n -e '\''s/^.*[	 ]\([ABCDGIRSTW][ABCDGIRSTW]*\)[	 ][	 ]*\([_A-Za-z][_A-Za-z0-9]*\)$/\1 \2 \2/p'\'' | sed '\''/ __gnu_lto/d'\'''
lt_cv_sys_global_symbol_to_c_name_address='sed -n -e '\''s/^: \(.*\) .*$/  {"\1", (void *) 0},/p'\'' -e '\''s/^[ABCDGIRSTW][ABCDGIRSTW]* .* \(.*\)$/  {"\1", (void *) \&\1},/p'\'''
lt_cv_sys_global_symbol_to_c_name_address_lib_prefix='sed -n -e '\''s/^: \(.*\) .*$/  {"\1", (void *) 0},/p'\'' -e '\''s/^[ABCDGIRSTW][ABCDGIRSTW]* .* \(lib.*\)$/  {"\1", (void *) \&\1},/p'\'' -e '\''s/^[ABCDGIRSTW][ABCDGIRSTW]* .* \(.*\)$/  {"lib\1", (void *) \&\1},/p'\'''
lt_cv_sys_global_symbol_to_cdecl='sed -n -e '\''s/^T .* \(.*\)$/extern int \1();/p'\'' -e '\''s/^[ABCDGIRSTW][ABCDGIRSTW]* .* \(.*\)$/extern char \1;/p'\'''
lt_cv_sys_global_symbol_to_import=
lt_cv_sys_max_cmd_len=1572864
lt_cv_to_host_file_cmd=func_convert_file_noop
lt_cv_to_tool_file_cmd=func_convert_file_noop
lt_cv_truncate_bin='/bin/dd bs=4096 count=1'

## ----------------- ##
## Output variables. ##
## ----------------- ##

AR='ar'
AS='as'
AWK='mawk'
CC='gcc'
CFLAGS='-g -O2'
CFLAG_VISIBILITY='-fvisibility=hidden'
CPP='gcc -E'
CPPFLAGS=''
DEFS='-DHAVE_CONFIG_H'
DLLTOOL='false'
DSYMUTIL=''
DUMPBIN=':'
ECHO_C=''
ECHO_N='-n'
ECHO_T=''
EGREP='/bin/grep -E'
EXEEXT=''
FGREP='/bin/grep -F'
GLIBC21='yes'
GREP='/bin/grep'
HAVE_VISIBILITY='1'
INSTALL_DATA='${INSTALL} -m 644'
INSTALL_PROGRAM='${INSTALL}'
INSTALL_PROGRAM_ENV=''
INSTALL_SCRIPT='${INSTALL}'
LD='/usr/bin/ld'
LDFLAGS=''
LIBOBJS=''
LIBS=''
LIBTOOL='/bin/bash $(top_builddir)/libtool'
LIPO=''
LN_S='ln -s'
LTLIBOBJS=''
LT_SYS_LIBRARY_PATH=''
MANIFEST_TOOL=':'
NM='nm'
NMEDIT=''
OBJDUMP='objdump'
OBJEXT='o'
OTOOL64=''
OTOOL=''
PACKAGE_BUGREPORT=''
PACKAGE_NAME='libcharset'
PACKAGE_STRING='libcharset 1.4'
PACKAGE_TARNAME='libcharset'
PACKAGE_URL=''
PACKAGE_VERSION='1.4'
PATH_SEPARATOR=':'
RANLIB='ranlib'
RELOCATABLE='no'
RELOCATABLE_BUILD_DIR='$(top_builddir)/'
RELOCATABLE_CONFIG_H_DIR='$(top_builddir)'
RELOCATABLE_LDFLAGS=''
RELOCATABLE_LIBRARY_PATH=''
RELOCATABLE_SRC_DIR='$(top_srcdir)/'
RELOCATABLE_STRIP=':'
RELOCATABLE_VIA_LD_FALSE=''
RELOCATABLE_VIA_LD_TRUE='#'
RELOCATABLE_VIA_WRAPPER_FALSE=''
RELOCATABLE_VIA_WRAPPER_TRUE='#'
SED='/bin/sed'
SET_MAKE=''
SHELL='/bin/bash'
STRIP='strip'
ac_ct_AR='ar'
ac_ct_CC='gcc'
ac_ct_DUMPBIN='link -dump'
bindir='${exec_prefix}/bin'
build='x86_64-pc-linux-gnu'
build_alias='x86_64-pc-linux-gnu'
build_cpu='x86_64'
build_os='linux-gnu'
build_vendor='pc'
datadir='${datarootdir}'
datarootdir='${prefix}/share'
docdir='${datarootdir}/doc/${PACKAGE_TARNAME}'
dvidir='${docdir}'
exec_prefix='${prefix}'
host='arm-linux-eabi'
host_alias='arm-linux-eabi'
host_cpu='arm'
host_os='eabi'
host_vendor='linux'
htmldir='${docdir}'
includedir='${prefix}/include'
infodir='${datarootdir}/info'
libdir='${exec_prefix}/lib'
libexecdir='${exec_prefix}/libexec'
localedir='${datarootdir}/locale'
localstatedir='${prefix}/var'
mandir='${datarootdir}/man'
oldincludedir='/usr/include'
pdfdir='${docdir}'
prefix='/usr/local'
program_transform_name='s,x,x,'
psdir='${docdir}'
sbindir='${exec_prefix}/sbin'
sharedstatedir='${prefix}/com'
sysconfdir='${prefix}/etc'
target_alias=''

## ----------- ##
## confdefs.h. ##
## ----------- ##

/* confdefs.h */
#define PACKAGE_NAME "libcharset"
#define PACKAGE_TARNAME "libcharset"
#define PACKAGE_VERSION "1.4"
#define PACKAGE_STRING "libcharset 1.4"
#define PACKAGE_BUGREPORT ""
#define PACKAGE_URL ""
#define STDC_HEADERS 1
#define HAVE_SYS_TYPES_H 1
#define HAVE_SYS_STAT_H 1
#define HAVE_STDLIB_H 1
#define HAVE_STRING_H 1
#define HAVE_MEMORY_H 1
#define HAVE_STRINGS_H 1
#define HAVE_INTTYPES_H 1
#define HAVE_STDINT_H 1
#define HAVE_UNISTD_H 1
#define __EXTENSIONS__ 1
#define _ALL_SOURCE 1
#define _GNU_SOURCE 1
#define _POSIX_PTHREAD_SEMANTICS 1
#define _TANDEM_SOURCE 1
#define HAVE_DLFCN_H 1
#define LT_OBJDIR ".libs/"
#define INSTALLPREFIX "/usr/local"
#define HAVE_VISIBILITY 1
#define HAVE_LANGINFO_CODESET 1
#define HAVE_UNISTD_H 1
#define HAVE_SYMLINK 1
#define HAVE_WORKING_O_NOATIME 0
#define HAVE_WORKING_O_NOFOLLOW 0
#define HAVE_SETLOCALE 1

configure: exit 0
