This file contains any messages produced by compilers while
running configure, to aid debugging if configure makes a mistake.

It was created by libspatialite configure 5.0.0-beta1, which was
generated by GNU Autoconf 2.69.  Invocation command line was

  $ ./configure --enable-rttopo --enable-gcp --enable-examples=no --build=x86_64-pc-linux-gnu --host=arm-linux-eabi

## --------- ##
## Platform. ##
## --------- ##

hostname = lhyserver-vm
uname -m = x86_64
uname -r = 5.4.0-195-generic
uname -s = Linux
uname -v = #215-Ubuntu SMP Fri Aug 2 18:28:05 UTC 2024

/usr/bin/uname -p = unknown
/bin/uname -X     = unknown

/bin/arch              = unknown
/usr/bin/arch -k       = unknown
/usr/convex/getsysinfo = unknown
/usr/bin/hostinfo      = unknown
/bin/machine           = unknown
/usr/bin/oslevel       = unknown
/bin/universe          = unknown

PATH: /home/lhyserver/bin
PATH: /home/lhyserver/.cargo/bin
PATH: /home/lhyserver/bin
PATH: /usr/local/sbin
PATH: /usr/local/bin
PATH: /usr/sbin
PATH: /usr/bin
PATH: /sbin
PATH: /bin
PATH: /usr/games
PATH: /usr/local/games
PATH: /snap/bin
PATH: /home/lhyserver/android-ndk-r27-linux/android-ndk-r27
PATH: /usr/local/java/jdk-17.0.12//bin
PATH: /usr/local/java/jdk-17.0.12//jre/bin
PATH: /home/lhyserver/yang/Sdk34/tools
PATH: /home/lhyserver/yang/Sdk34/platform-tools


## ----------- ##
## Core tests. ##
## ----------- ##

configure:2573: checking for a BSD-compatible install
configure:2641: result: /usr/bin/install -c
configure:2652: checking whether build environment is sane
configure:2707: result: yes
configure:2743: WARNING: 'missing' script is too old or missing
configure:2764: checking for arm-linux-eabi-strip
configure:2794: result: no
configure:2804: checking for strip
configure:2820: found /usr/bin/strip
configure:2831: result: strip
configure:2843: WARNING: using cross tools not prefixed with host triplet
configure:2856: checking for a thread-safe mkdir -p
configure:2895: result: /bin/mkdir -p
configure:2902: checking for gawk
configure:2932: result: no
configure:2902: checking for mawk
configure:2918: found /usr/bin/mawk
configure:2929: result: mawk
configure:2940: checking whether make sets $(MAKE)
configure:2962: result: yes
configure:2991: checking whether make supports nested variables
configure:3008: result: yes
configure:3135: checking whether to enable maintainer-specific portions of Makefiles
configure:3144: result: no
configure:3210: checking for style of include used by make
configure:3238: result: GNU
configure:3269: checking for arm-linux-eabi-gcc
configure:3299: result: no
configure:3309: checking for gcc
configure:3325: found /usr/bin/gcc
configure:3336: result: gcc
configure:3565: checking for C compiler version
configure:3574: gcc --version >&5
gcc (Ubuntu 10.5.0-1ubuntu1~20.04) 10.5.0
Copyright (C) 2020 Free Software Foundation, Inc.
This is free software; see the source for copying conditions.  There is NO
warranty; not even for MERCHANTABILITY or FITNESS FOR A PARTICULAR PURPOSE.

configure:3585: $? = 0
configure:3574: gcc -v >&5
Using built-in specs.
COLLECT_GCC=gcc
COLLECT_LTO_WRAPPER=/usr/lib/gcc/x86_64-linux-gnu/10/lto-wrapper
OFFLOAD_TARGET_NAMES=nvptx-none:amdgcn-amdhsa:hsa
OFFLOAD_TARGET_DEFAULT=1
Target: x86_64-linux-gnu
Configured with: ../src/configure -v --with-pkgversion='Ubuntu 10.5.0-1ubuntu1~20.04' --with-bugurl=file:///usr/share/doc/gcc-10/README.Bugs --enable-languages=c,ada,c++,go,brig,d,fortran,objc,obj-c++,m2 --prefix=/usr --with-gcc-major-version-only --program-suffix=-10 --program-prefix=x86_64-linux-gnu- --enable-shared --enable-linker-build-id --libexecdir=/usr/lib --without-included-gettext --enable-threads=posix --libdir=/usr/lib --enable-nls --enable-bootstrap --enable-clocale=gnu --enable-libstdcxx-debug --enable-libstdcxx-time=yes --with-default-libstdcxx-abi=new --enable-gnu-unique-object --disable-vtable-verify --enable-plugin --enable-default-pie --with-system-zlib --enable-libphobos-checking=release --with-target-system-zlib=auto --enable-objc-gc=auto --enable-multiarch --disable-werror --with-arch-32=i686 --with-abi=m64 --with-multilib-list=m32,m64,mx32 --enable-multilib --with-tune=generic --enable-offload-targets=nvptx-none=/build/gcc-10-g5VkgL/gcc-10-10.5.0/debian/tmp-nvptx/usr,amdgcn-amdhsa=/build/gcc-10-g5VkgL/gcc-10-10.5.0/debian/tmp-gcn/usr,hsa --without-cuda-driver --enable-checking=release --build=x86_64-linux-gnu --host=x86_64-linux-gnu --target=x86_64-linux-gnu --with-build-config=bootstrap-lto-lean --enable-link-mutex
Thread model: posix
Supported LTO compression algorithms: zlib zstd
gcc version 10.5.0 (Ubuntu 10.5.0-1ubuntu1~20.04) 
... rest of stderr output deleted ...
configure:3585: $? = 0
configure:3574: gcc -V >&5
gcc: error: unrecognized command-line option '-V'
gcc: fatal error: no input files
compilation terminated.
configure:3585: $? = 1
configure:3574: gcc -qversion >&5
gcc: error: unrecognized command-line option '-qversion'; did you mean '--version'?
gcc: fatal error: no input files
compilation terminated.
configure:3585: $? = 1
configure:3605: checking whether the C compiler works
configure:3627: gcc    conftest.c  >&5
configure:3631: $? = 0
configure:3679: result: yes
configure:3682: checking for C compiler default output file name
configure:3684: result: a.out
configure:3690: checking for suffix of executables
configure:3697: gcc -o conftest    conftest.c  >&5
configure:3701: $? = 0
configure:3723: result: 
configure:3745: checking whether we are cross compiling
configure:3783: result: yes
configure:3788: checking for suffix of object files
configure:3810: gcc -c   conftest.c >&5
configure:3814: $? = 0
configure:3835: result: o
configure:3839: checking whether we are using the GNU C compiler
configure:3858: gcc -c   conftest.c >&5
configure:3858: $? = 0
configure:3867: result: yes
configure:3876: checking whether gcc accepts -g
configure:3896: gcc -c -g  conftest.c >&5
configure:3896: $? = 0
configure:3937: result: yes
configure:3954: checking for gcc option to accept ISO C89
configure:4017: gcc  -c -g -O2  conftest.c >&5
configure:4017: $? = 0
configure:4030: result: none needed
configure:4055: checking whether gcc understands -c and -o together
configure:4077: gcc -c conftest.c -o conftest2.o
configure:4080: $? = 0
configure:4077: gcc -c conftest.c -o conftest2.o
configure:4080: $? = 0
configure:4092: result: yes
configure:4111: checking dependency style of gcc
configure:4222: result: gcc3
configure:4243: checking how to run the C preprocessor
configure:4274: gcc -E  conftest.c
configure:4274: $? = 0
configure:4288: gcc -E  conftest.c
conftest.c:15:10: fatal error: ac_nonexistent.h: No such file or directory
   15 | #include <ac_nonexistent.h>
      |          ^~~~~~~~~~~~~~~~~~
compilation terminated.
configure:4288: $? = 1
configure: failed program was:
| /* confdefs.h */
| #define PACKAGE_NAME "libspatialite"
| #define PACKAGE_TARNAME "libspatialite"
| #define PACKAGE_VERSION "5.0.0-beta1"
| #define PACKAGE_STRING "libspatialite 5.0.0-beta1"
| #define PACKAGE_BUGREPORT "a.furieri@lqt.it"
| #define PACKAGE_URL ""
| #define PACKAGE "libspatialite"
| #define VERSION "5.0.0-beta1"
| #define _LARGE_FILE 1
| #define _FILE_OFFSET_BITS 64
| #define _LARGEFILE_SOURCE 1
| #define NDEBUG 1
| /* end confdefs.h.  */
| #include <ac_nonexistent.h>
configure:4313: result: gcc -E
configure:4333: gcc -E  conftest.c
configure:4333: $? = 0
configure:4347: gcc -E  conftest.c
conftest.c:15:10: fatal error: ac_nonexistent.h: No such file or directory
   15 | #include <ac_nonexistent.h>
      |          ^~~~~~~~~~~~~~~~~~
compilation terminated.
configure:4347: $? = 1
configure: failed program was:
| /* confdefs.h */
| #define PACKAGE_NAME "libspatialite"
| #define PACKAGE_TARNAME "libspatialite"
| #define PACKAGE_VERSION "5.0.0-beta1"
| #define PACKAGE_STRING "libspatialite 5.0.0-beta1"
| #define PACKAGE_BUGREPORT "a.furieri@lqt.it"
| #define PACKAGE_URL ""
| #define PACKAGE "libspatialite"
| #define VERSION "5.0.0-beta1"
| #define _LARGE_FILE 1
| #define _FILE_OFFSET_BITS 64
| #define _LARGEFILE_SOURCE 1
| #define NDEBUG 1
| /* end confdefs.h.  */
| #include <ac_nonexistent.h>
configure:4376: checking for grep that handles long lines and -e
configure:4434: result: /bin/grep
configure:4439: checking for egrep
configure:4501: result: /bin/grep -E
configure:4506: checking for ANSI C header files
configure:4526: gcc -c -g -O2  conftest.c >&5
configure:4526: $? = 0
configure:4610: result: yes
configure:4623: checking for sys/types.h
configure:4623: gcc -c -g -O2  conftest.c >&5
configure:4623: $? = 0
configure:4623: result: yes
configure:4623: checking for sys/stat.h
configure:4623: gcc -c -g -O2  conftest.c >&5
configure:4623: $? = 0
configure:4623: result: yes
configure:4623: checking for stdlib.h
configure:4623: gcc -c -g -O2  conftest.c >&5
configure:4623: $? = 0
configure:4623: result: yes
configure:4623: checking for string.h
configure:4623: gcc -c -g -O2  conftest.c >&5
configure:4623: $? = 0
configure:4623: result: yes
configure:4623: checking for memory.h
configure:4623: gcc -c -g -O2  conftest.c >&5
configure:4623: $? = 0
configure:4623: result: yes
configure:4623: checking for strings.h
configure:4623: gcc -c -g -O2  conftest.c >&5
configure:4623: $? = 0
configure:4623: result: yes
configure:4623: checking for inttypes.h
configure:4623: gcc -c -g -O2  conftest.c >&5
configure:4623: $? = 0
configure:4623: result: yes
configure:4623: checking for stdint.h
configure:4623: gcc -c -g -O2  conftest.c >&5
configure:4623: $? = 0
configure:4623: result: yes
configure:4623: checking for unistd.h
configure:4623: gcc -c -g -O2  conftest.c >&5
configure:4623: $? = 0
configure:4623: result: yes
configure:4637: checking for stdlib.h
configure:4637: result: yes
configure:4651: checking stdio.h usability
configure:4651: gcc -c -g -O2  conftest.c >&5
configure:4651: $? = 0
configure:4651: result: yes
configure:4651: checking stdio.h presence
configure:4651: gcc -E  conftest.c
configure:4651: $? = 0
configure:4651: result: yes
configure:4651: checking for stdio.h
configure:4651: result: yes
configure:4665: checking for string.h
configure:4665: result: yes
configure:4679: checking for memory.h
configure:4679: result: yes
configure:4693: checking math.h usability
configure:4693: gcc -c -g -O2  conftest.c >&5
configure:4693: $? = 0
configure:4693: result: yes
configure:4693: checking math.h presence
configure:4693: gcc -E  conftest.c
configure:4693: $? = 0
configure:4693: result: yes
configure:4693: checking for math.h
configure:4693: result: yes
configure:4707: checking float.h usability
configure:4707: gcc -c -g -O2  conftest.c >&5
configure:4707: $? = 0
configure:4707: result: yes
configure:4707: checking float.h presence
configure:4707: gcc -E  conftest.c
configure:4707: $? = 0
configure:4707: result: yes
configure:4707: checking for float.h
configure:4707: result: yes
configure:4721: checking fcntl.h usability
configure:4721: gcc -c -g -O2  conftest.c >&5
configure:4721: $? = 0
configure:4721: result: yes
configure:4721: checking fcntl.h presence
configure:4721: gcc -E  conftest.c
configure:4721: $? = 0
configure:4721: result: yes
configure:4721: checking for fcntl.h
configure:4721: result: yes
configure:4735: checking for inttypes.h
configure:4735: result: yes
configure:4749: checking stddef.h usability
configure:4749: gcc -c -g -O2  conftest.c >&5
configure:4749: $? = 0
configure:4749: result: yes
configure:4749: checking stddef.h presence
configure:4749: gcc -E  conftest.c
configure:4749: $? = 0
configure:4749: result: yes
configure:4749: checking for stddef.h
configure:4749: result: yes
configure:4763: checking for stdint.h
configure:4763: result: yes
configure:4777: checking sys/time.h usability
configure:4777: gcc -c -g -O2  conftest.c >&5
configure:4777: $? = 0
configure:4777: result: yes
configure:4777: checking sys/time.h presence
configure:4777: gcc -E  conftest.c
configure:4777: $? = 0
configure:4777: result: yes
configure:4777: checking for sys/time.h
configure:4777: result: yes
configure:4791: checking for unistd.h
configure:4791: result: yes
configure:4805: checking sqlite3.h usability
configure:4805: gcc -c -g -O2  conftest.c >&5
configure:4805: $? = 0
configure:4805: result: yes
configure:4805: checking sqlite3.h presence
configure:4805: gcc -E  conftest.c
configure:4805: $? = 0
configure:4805: result: yes
configure:4805: checking for sqlite3.h
configure:4805: result: yes
configure:4819: checking sqlite3ext.h usability
configure:4819: gcc -c -g -O2  conftest.c >&5
configure:4819: $? = 0
configure:4819: result: yes
configure:4819: checking sqlite3ext.h presence
configure:4819: gcc -E  conftest.c
configure:4819: $? = 0
configure:4819: result: yes
configure:4819: checking for sqlite3ext.h
configure:4819: result: yes
configure:4833: checking zlib.h usability
configure:4833: gcc -c -g -O2  conftest.c >&5
configure:4833: $? = 0
configure:4833: result: yes
configure:4833: checking zlib.h presence
configure:4833: gcc -E  conftest.c
configure:4833: $? = 0
configure:4833: result: yes
configure:4833: checking for zlib.h
configure:4833: result: yes
configure:4862: checking for arm-linux-eabi-g++
configure:4892: result: no
configure:4862: checking for arm-linux-eabi-c++
configure:4892: result: no
configure:4862: checking for arm-linux-eabi-gpp
configure:4892: result: no
configure:4862: checking for arm-linux-eabi-aCC
configure:4892: result: no
configure:4862: checking for arm-linux-eabi-CC
configure:4892: result: no
configure:4862: checking for arm-linux-eabi-cxx
configure:4892: result: no
configure:4862: checking for arm-linux-eabi-cc++
configure:4892: result: no
configure:4862: checking for arm-linux-eabi-cl.exe
configure:4892: result: no
configure:4862: checking for arm-linux-eabi-FCC
configure:4892: result: no
configure:4862: checking for arm-linux-eabi-KCC
configure:4892: result: no
configure:4862: checking for arm-linux-eabi-RCC
configure:4892: result: no
configure:4862: checking for arm-linux-eabi-xlC_r
configure:4892: result: no
configure:4862: checking for arm-linux-eabi-xlC
configure:4892: result: no
configure:4906: checking for g++
configure:4922: found /usr/bin/g++
configure:4933: result: g++
configure:4960: checking for C++ compiler version
configure:4969: g++ --version >&5
g++ (Ubuntu 10.5.0-1ubuntu1~20.04) 10.5.0
Copyright (C) 2020 Free Software Foundation, Inc.
This is free software; see the source for copying conditions.  There is NO
warranty; not even for MERCHANTABILITY or FITNESS FOR A PARTICULAR PURPOSE.

configure:4980: $? = 0
configure:4969: g++ -v >&5
Using built-in specs.
COLLECT_GCC=g++
COLLECT_LTO_WRAPPER=/usr/lib/gcc/x86_64-linux-gnu/10/lto-wrapper
OFFLOAD_TARGET_NAMES=nvptx-none:amdgcn-amdhsa:hsa
OFFLOAD_TARGET_DEFAULT=1
Target: x86_64-linux-gnu
Configured with: ../src/configure -v --with-pkgversion='Ubuntu 10.5.0-1ubuntu1~20.04' --with-bugurl=file:///usr/share/doc/gcc-10/README.Bugs --enable-languages=c,ada,c++,go,brig,d,fortran,objc,obj-c++,m2 --prefix=/usr --with-gcc-major-version-only --program-suffix=-10 --program-prefix=x86_64-linux-gnu- --enable-shared --enable-linker-build-id --libexecdir=/usr/lib --without-included-gettext --enable-threads=posix --libdir=/usr/lib --enable-nls --enable-bootstrap --enable-clocale=gnu --enable-libstdcxx-debug --enable-libstdcxx-time=yes --with-default-libstdcxx-abi=new --enable-gnu-unique-object --disable-vtable-verify --enable-plugin --enable-default-pie --with-system-zlib --enable-libphobos-checking=release --with-target-system-zlib=auto --enable-objc-gc=auto --enable-multiarch --disable-werror --with-arch-32=i686 --with-abi=m64 --with-multilib-list=m32,m64,mx32 --enable-multilib --with-tune=generic --enable-offload-targets=nvptx-none=/build/gcc-10-g5VkgL/gcc-10-10.5.0/debian/tmp-nvptx/usr,amdgcn-amdhsa=/build/gcc-10-g5VkgL/gcc-10-10.5.0/debian/tmp-gcn/usr,hsa --without-cuda-driver --enable-checking=release --build=x86_64-linux-gnu --host=x86_64-linux-gnu --target=x86_64-linux-gnu --with-build-config=bootstrap-lto-lean --enable-link-mutex
Thread model: posix
Supported LTO compression algorithms: zlib zstd
gcc version 10.5.0 (Ubuntu 10.5.0-1ubuntu1~20.04) 
... rest of stderr output deleted ...
configure:4980: $? = 0
configure:4969: g++ -V >&5
g++: error: unrecognized command-line option '-V'
g++: fatal error: no input files
compilation terminated.
configure:4980: $? = 1
configure:4969: g++ -qversion >&5
g++: error: unrecognized command-line option '-qversion'; did you mean '--version'?
g++: fatal error: no input files
compilation terminated.
configure:4980: $? = 1
configure:4984: checking whether we are using the GNU C++ compiler
configure:5003: g++ -c   conftest.cpp >&5
configure:5003: $? = 0
configure:5012: result: yes
configure:5021: checking whether g++ accepts -g
configure:5041: g++ -c -g  conftest.cpp >&5
configure:5041: $? = 0
configure:5082: result: yes
configure:5107: checking dependency style of g++
configure:5218: result: gcc3
configure:5241: checking for arm-linux-eabi-gcc
configure:5268: result: gcc
configure:5537: checking for C compiler version
configure:5546: gcc --version >&5
gcc (Ubuntu 10.5.0-1ubuntu1~20.04) 10.5.0
Copyright (C) 2020 Free Software Foundation, Inc.
This is free software; see the source for copying conditions.  There is NO
warranty; not even for MERCHANTABILITY or FITNESS FOR A PARTICULAR PURPOSE.

configure:5557: $? = 0
configure:5546: gcc -v >&5
Using built-in specs.
COLLECT_GCC=gcc
COLLECT_LTO_WRAPPER=/usr/lib/gcc/x86_64-linux-gnu/10/lto-wrapper
OFFLOAD_TARGET_NAMES=nvptx-none:amdgcn-amdhsa:hsa
OFFLOAD_TARGET_DEFAULT=1
Target: x86_64-linux-gnu
Configured with: ../src/configure -v --with-pkgversion='Ubuntu 10.5.0-1ubuntu1~20.04' --with-bugurl=file:///usr/share/doc/gcc-10/README.Bugs --enable-languages=c,ada,c++,go,brig,d,fortran,objc,obj-c++,m2 --prefix=/usr --with-gcc-major-version-only --program-suffix=-10 --program-prefix=x86_64-linux-gnu- --enable-shared --enable-linker-build-id --libexecdir=/usr/lib --without-included-gettext --enable-threads=posix --libdir=/usr/lib --enable-nls --enable-bootstrap --enable-clocale=gnu --enable-libstdcxx-debug --enable-libstdcxx-time=yes --with-default-libstdcxx-abi=new --enable-gnu-unique-object --disable-vtable-verify --enable-plugin --enable-default-pie --with-system-zlib --enable-libphobos-checking=release --with-target-system-zlib=auto --enable-objc-gc=auto --enable-multiarch --disable-werror --with-arch-32=i686 --with-abi=m64 --with-multilib-list=m32,m64,mx32 --enable-multilib --with-tune=generic --enable-offload-targets=nvptx-none=/build/gcc-10-g5VkgL/gcc-10-10.5.0/debian/tmp-nvptx/usr,amdgcn-amdhsa=/build/gcc-10-g5VkgL/gcc-10-10.5.0/debian/tmp-gcn/usr,hsa --without-cuda-driver --enable-checking=release --build=x86_64-linux-gnu --host=x86_64-linux-gnu --target=x86_64-linux-gnu --with-build-config=bootstrap-lto-lean --enable-link-mutex
Thread model: posix
Supported LTO compression algorithms: zlib zstd
gcc version 10.5.0 (Ubuntu 10.5.0-1ubuntu1~20.04) 
... rest of stderr output deleted ...
configure:5557: $? = 0
configure:5546: gcc -V >&5
gcc: error: unrecognized command-line option '-V'
gcc: fatal error: no input files
compilation terminated.
configure:5557: $? = 1
configure:5546: gcc -qversion >&5
gcc: error: unrecognized command-line option '-qversion'; did you mean '--version'?
gcc: fatal error: no input files
compilation terminated.
configure:5557: $? = 1
configure:5561: checking whether we are using the GNU C compiler
configure:5589: result: yes
configure:5598: checking whether gcc accepts -g
configure:5659: result: yes
configure:5676: checking for gcc option to accept ISO C89
configure:5752: result: none needed
configure:5777: checking whether gcc understands -c and -o together
configure:5814: result: yes
configure:5833: checking dependency style of gcc
configure:5944: result: gcc3
configure:5964: checking how to run the C preprocessor
configure:6034: result: gcc -E
configure:6054: gcc -E  conftest.c
configure:6054: $? = 0
configure:6068: gcc -E  conftest.c
conftest.c:40:10: fatal error: ac_nonexistent.h: No such file or directory
   40 | #include <ac_nonexistent.h>
      |          ^~~~~~~~~~~~~~~~~~
compilation terminated.
configure:6068: $? = 1
configure: failed program was:
| /* confdefs.h */
| #define PACKAGE_NAME "libspatialite"
| #define PACKAGE_TARNAME "libspatialite"
| #define PACKAGE_VERSION "5.0.0-beta1"
| #define PACKAGE_STRING "libspatialite 5.0.0-beta1"
| #define PACKAGE_BUGREPORT "a.furieri@lqt.it"
| #define PACKAGE_URL ""
| #define PACKAGE "libspatialite"
| #define VERSION "5.0.0-beta1"
| #define _LARGE_FILE 1
| #define _FILE_OFFSET_BITS 64
| #define _LARGEFILE_SOURCE 1
| #define NDEBUG 1
| #define STDC_HEADERS 1
| #define HAVE_SYS_TYPES_H 1
| #define HAVE_SYS_STAT_H 1
| #define HAVE_STDLIB_H 1
| #define HAVE_STRING_H 1
| #define HAVE_MEMORY_H 1
| #define HAVE_STRINGS_H 1
| #define HAVE_INTTYPES_H 1
| #define HAVE_STDINT_H 1
| #define HAVE_UNISTD_H 1
| #define HAVE_STDLIB_H 1
| #define HAVE_STDIO_H 1
| #define HAVE_STRING_H 1
| #define HAVE_MEMORY_H 1
| #define HAVE_MATH_H 1
| #define HAVE_FLOAT_H 1
| #define HAVE_FCNTL_H 1
| #define HAVE_INTTYPES_H 1
| #define HAVE_STDDEF_H 1
| #define HAVE_STDINT_H 1
| #define HAVE_SYS_TIME_H 1
| #define HAVE_UNISTD_H 1
| #define HAVE_SQLITE3_H 1
| #define HAVE_SQLITE3EXT_H 1
| #define HAVE_ZLIB_H 1
| /* end confdefs.h.  */
| #include <ac_nonexistent.h>
configure:6097: checking whether ln -s works
configure:6101: result: yes
configure:6108: checking whether make sets $(MAKE)
configure:6130: result: yes
configure:6143: checking build system type
configure:6157: result: x86_64-pc-linux-gnu
configure:6177: checking host system type
configure:6190: result: arm-linux-eabi
configure:6559: checking how to print strings
configure:6586: result: printf
configure:6607: checking for a sed that does not truncate output
configure:6671: result: /bin/sed
configure:6689: checking for fgrep
configure:6751: result: /bin/grep -F
configure:6786: checking for ld used by gcc
configure:6853: result: /usr/bin/ld
configure:6860: checking if the linker (/usr/bin/ld) is GNU ld
configure:6875: result: yes
configure:6887: checking for BSD- or MS-compatible name lister (nm)
configure:6936: result: no
configure:6950: checking for arm-linux-eabi-dumpbin
configure:6980: result: no
configure:6950: checking for arm-linux-eabi-link
configure:6980: result: no
configure:6994: checking for dumpbin
configure:7024: result: no
configure:6994: checking for link
configure:7010: found /usr/bin/link
configure:7021: result: link -dump
configure:7066: checking the name lister (nm) interface
configure:7073: gcc -c -g -O2  conftest.c >&5
configure:7076: nm "conftest.o"
configure:7079: output
0000000000000000 B some_variable
configure:7080: result: BSD nm
configure:7084: checking the maximum length of command line arguments
configure:7209: result: 1572864
configure:7226: checking whether the shell understands some XSI constructs
configure:7235: result: yes
configure:7239: checking whether the shell understands "+="
configure:7243: result: yes
configure:7278: checking how to convert x86_64-pc-linux-gnu file names to arm-linux-eabi format
configure:7318: result: func_convert_file_noop
configure:7325: checking how to convert x86_64-pc-linux-gnu file names to toolchain format
configure:7345: result: func_convert_file_noop
configure:7352: checking for /usr/bin/ld option to reload object files
configure:7359: result: -r
configure:7393: checking for arm-linux-eabi-objdump
configure:7420: result: objdump
configure:7489: checking how to recognize dependent libraries
configure:7691: result: unknown
configure:7736: checking for arm-linux-eabi-dlltool
configure:7763: result: dlltool
configure:7833: checking how to associate runtime and link libraries
configure:7860: result: printf %s\n
configure:7876: checking for arm-linux-eabi-ar
configure:7906: result: no
configure:7920: checking for ar
configure:7936: found /usr/bin/ar
configure:7947: result: ar
configure:7984: checking for archiver @FILE support
configure:8001: gcc -c -g -O2  conftest.c >&5
configure:8001: $? = 0
configure:8004: ar cru libconftest.a @conftest.lst >&5
ar: `u' modifier ignored since `D' is the default (see `U')
configure:8007: $? = 0
configure:8012: ar cru libconftest.a @conftest.lst >&5
ar: `u' modifier ignored since `D' is the default (see `U')
ar: conftest.o: No such file or directory
configure:8015: $? = 1
configure:8014: result: @
configure:8032: checking for arm-linux-eabi-strip
configure:8059: result: strip
configure:8131: checking for arm-linux-eabi-ranlib
configure:8161: result: no
configure:8171: checking for ranlib
configure:8187: found /usr/bin/ranlib
configure:8198: result: ranlib
configure:8300: checking command to parse nm output from gcc object
configure:8419: gcc -c -g -O2  conftest.c >&5
configure:8422: $? = 0
configure:8426: nm conftest.o \| sed -n -e 's/^.*[ ]\([ABCDGIRSTW][ABCDGIRSTW]*\)[ ][ ]*\([_A-Za-z][_A-Za-z0-9]*\)$/\1 \2 \2/p' | sed '/ __gnu_lto/d' \> conftest.nm
configure:8429: $? = 0
configure:8495: gcc -o conftest -g -O2   conftest.c conftstm.o >&5
configure:8498: $? = 0
configure:8536: result: ok
configure:8573: checking for sysroot
configure:8603: result: no
configure:8806: checking for arm-linux-eabi-mt
configure:8836: result: no
configure:8846: checking for mt
configure:8862: found /bin/mt
configure:8873: result: mt
configure:8896: checking if mt is a manifest tool
configure:8902: mt '-?'
configure:8910: result: no
configure:9539: checking for dlfcn.h
configure:9539: gcc -c -g -O2  conftest.c >&5
configure:9539: $? = 0
configure:9539: result: yes
configure:9735: checking for objdir
configure:9750: result: .libs
configure:10021: checking if gcc supports -fno-rtti -fno-exceptions
configure:10039: gcc -c -g -O2  -fno-rtti -fno-exceptions conftest.c >&5
cc1: warning: command-line option '-fno-rtti' is valid for C++/D/ObjC++ but not for C
configure:10043: $? = 0
configure:10056: result: no
configure:10366: checking for gcc option to produce PIC
configure:10373: result: -fPIC -DPIC
configure:10381: checking if gcc PIC flag -fPIC -DPIC works
configure:10399: gcc -c -g -O2  -fPIC -DPIC -DPIC conftest.c >&5
configure:10403: $? = 0
configure:10416: result: yes
configure:10445: checking if gcc static flag -static works
configure:10473: result: yes
configure:10488: checking if gcc supports -c -o file.o
configure:10509: gcc -c -g -O2  -o out/conftest2.o conftest.c >&5
configure:10513: $? = 0
configure:10535: result: yes
configure:10543: checking if gcc supports -c -o file.o
configure:10590: result: yes
configure:10623: checking whether the gcc linker (/usr/bin/ld) supports shared libraries
configure:11781: result: yes
configure:11818: checking whether -lc should be explicitly linked in
configure:11826: gcc -c -g -O2  conftest.c >&5
configure:11829: $? = 0
configure:11844: gcc -shared  -fPIC -DPIC conftest.o  -v -Wl,-soname -Wl,conftest -o conftest 2\>\&1 \| /bin/grep  -lc  \>/dev/null 2\>\&1
configure:11847: $? = 0
configure:11861: result: no
configure:12026: checking dynamic linker characteristics
configure:12766: result: no
configure:12873: checking how to hardcode library paths into programs
configure:12898: result: immediate
configure:13438: checking whether stripping libraries is possible
configure:13443: result: yes
configure:13478: checking if libtool supports shared libraries
configure:13480: result: no
configure:13483: checking whether to build shared libraries
configure:13504: result: no
configure:13507: checking whether to build static libraries
configure:13511: result: yes
configure:10527: checking how to run the C++ preprocessor
configure:10554: g++ -E  conftest.cpp
configure:10554: $? = 0
configure:10568: g++ -E  conftest.cpp
conftest.cpp:42:10: fatal error: ac_nonexistent.h: No such file or directory
   42 | #include <ac_nonexistent.h>
      |          ^~~~~~~~~~~~~~~~~~
compilation terminated.
configure:10568: $? = 1
configure: failed program was:
| /* confdefs.h */
| #define PACKAGE_NAME "libspatialite"
| #define PACKAGE_TARNAME "libspatialite"
| #define PACKAGE_VERSION "5.0.0-beta1"
| #define PACKAGE_STRING "libspatialite 5.0.0-beta1"
| #define PACKAGE_BUGREPORT "a.furieri@lqt.it"
| #define PACKAGE_URL ""
| #define PACKAGE "libspatialite"
| #define VERSION "5.0.0-beta1"
| #define _LARGE_FILE 1
| #define _FILE_OFFSET_BITS 64
| #define _LARGEFILE_SOURCE 1
| #define NDEBUG 1
| #define STDC_HEADERS 1
| #define HAVE_SYS_TYPES_H 1
| #define HAVE_SYS_STAT_H 1
| #define HAVE_STDLIB_H 1
| #define HAVE_STRING_H 1
| #define HAVE_MEMORY_H 1
| #define HAVE_STRINGS_H 1
| #define HAVE_INTTYPES_H 1
| #define HAVE_STDINT_H 1
| #define HAVE_UNISTD_H 1
| #define HAVE_STDLIB_H 1
| #define HAVE_STDIO_H 1
| #define HAVE_STRING_H 1
| #define HAVE_MEMORY_H 1
| #define HAVE_MATH_H 1
| #define HAVE_FLOAT_H 1
| #define HAVE_FCNTL_H 1
| #define HAVE_INTTYPES_H 1
| #define HAVE_STDDEF_H 1
| #define HAVE_STDINT_H 1
| #define HAVE_SYS_TIME_H 1
| #define HAVE_UNISTD_H 1
| #define HAVE_SQLITE3_H 1
| #define HAVE_SQLITE3EXT_H 1
| #define HAVE_ZLIB_H 1
| #define HAVE_DLFCN_H 1
| #define LT_OBJDIR ".libs/"
| /* end confdefs.h.  */
| #include <ac_nonexistent.h>
configure:10593: result: g++ -E
configure:10613: g++ -E  conftest.cpp
configure:10613: $? = 0
configure:10627: g++ -E  conftest.cpp
conftest.cpp:42:10: fatal error: ac_nonexistent.h: No such file or directory
   42 | #include <ac_nonexistent.h>
      |          ^~~~~~~~~~~~~~~~~~
compilation terminated.
configure:10627: $? = 1
configure: failed program was:
| /* confdefs.h */
| #define PACKAGE_NAME "libspatialite"
| #define PACKAGE_TARNAME "libspatialite"
| #define PACKAGE_VERSION "5.0.0-beta1"
| #define PACKAGE_STRING "libspatialite 5.0.0-beta1"
| #define PACKAGE_BUGREPORT "a.furieri@lqt.it"
| #define PACKAGE_URL ""
| #define PACKAGE "libspatialite"
| #define VERSION "5.0.0-beta1"
| #define _LARGE_FILE 1
| #define _FILE_OFFSET_BITS 64
| #define _LARGEFILE_SOURCE 1
| #define NDEBUG 1
| #define STDC_HEADERS 1
| #define HAVE_SYS_TYPES_H 1
| #define HAVE_SYS_STAT_H 1
| #define HAVE_STDLIB_H 1
| #define HAVE_STRING_H 1
| #define HAVE_MEMORY_H 1
| #define HAVE_STRINGS_H 1
| #define HAVE_INTTYPES_H 1
| #define HAVE_STDINT_H 1
| #define HAVE_UNISTD_H 1
| #define HAVE_STDLIB_H 1
| #define HAVE_STDIO_H 1
| #define HAVE_STRING_H 1
| #define HAVE_MEMORY_H 1
| #define HAVE_MATH_H 1
| #define HAVE_FLOAT_H 1
| #define HAVE_FCNTL_H 1
| #define HAVE_INTTYPES_H 1
| #define HAVE_STDDEF_H 1
| #define HAVE_STDINT_H 1
| #define HAVE_SYS_TIME_H 1
| #define HAVE_UNISTD_H 1
| #define HAVE_SQLITE3_H 1
| #define HAVE_SQLITE3EXT_H 1
| #define HAVE_ZLIB_H 1
| #define HAVE_DLFCN_H 1
| #define LT_OBJDIR ".libs/"
| /* end confdefs.h.  */
| #include <ac_nonexistent.h>
configure:10797: checking for ld used by g++
configure:10864: result: /usr/bin/ld
configure:10871: checking if the linker (/usr/bin/ld) is GNU ld
configure:10886: result: yes
configure:10941: checking whether the g++ linker (/usr/bin/ld) supports shared libraries
configure:11945: result: no
configure:11980: g++ -c -g -O2  conftest.cpp >&5
configure:11983: $? = 0
configure:12503: checking for g++ option to produce PIC
configure:12510: result: -fPIC -DPIC
configure:12518: checking if g++ PIC flag -fPIC -DPIC works
configure:12536: g++ -c -g -O2  -fPIC -DPIC -DPIC conftest.cpp >&5
configure:12540: $? = 0
configure:12553: result: yes
configure:12576: checking if g++ static flag -static works
configure:12604: result: yes
configure:12616: checking if g++ supports -c -o file.o
configure:12637: g++ -c -g -O2  -o out/conftest2.o conftest.cpp >&5
configure:12641: $? = 0
configure:12663: result: yes
configure:12668: checking if g++ supports -c -o file.o
configure:12715: result: yes
configure:12745: checking whether the g++ linker (/usr/bin/ld) supports shared libraries
configure:12779: result: no
configure:12922: checking dynamic linker characteristics
configure:13596: result: no
configure:13649: checking how to hardcode library paths into programs
configure:13674: result: immediate
configure:12668: checking for an ANSI C-conforming const
configure:12734: gcc -c -g -O2  conftest.c >&5
configure:12734: $? = 0
configure:12741: result: yes
configure:12749: checking for off_t
configure:12749: gcc -c -g -O2  conftest.c >&5
configure:12749: $? = 0
configure:12749: gcc -c -g -O2  conftest.c >&5
conftest.c: In function 'main':
conftest.c:78:20: error: expected expression before ')' token
   78 | if (sizeof ((off_t)))
      |                    ^
configure:12749: $? = 1
configure: failed program was:
| /* confdefs.h */
| #define PACKAGE_NAME "libspatialite"
| #define PACKAGE_TARNAME "libspatialite"
| #define PACKAGE_VERSION "5.0.0-beta1"
| #define PACKAGE_STRING "libspatialite 5.0.0-beta1"
| #define PACKAGE_BUGREPORT "a.furieri@lqt.it"
| #define PACKAGE_URL ""
| #define PACKAGE "libspatialite"
| #define VERSION "5.0.0-beta1"
| #define _LARGE_FILE 1
| #define _FILE_OFFSET_BITS 64
| #define _LARGEFILE_SOURCE 1
| #define NDEBUG 1
| #define STDC_HEADERS 1
| #define HAVE_SYS_TYPES_H 1
| #define HAVE_SYS_STAT_H 1
| #define HAVE_STDLIB_H 1
| #define HAVE_STRING_H 1
| #define HAVE_MEMORY_H 1
| #define HAVE_STRINGS_H 1
| #define HAVE_INTTYPES_H 1
| #define HAVE_STDINT_H 1
| #define HAVE_UNISTD_H 1
| #define HAVE_STDLIB_H 1
| #define HAVE_STDIO_H 1
| #define HAVE_STRING_H 1
| #define HAVE_MEMORY_H 1
| #define HAVE_MATH_H 1
| #define HAVE_FLOAT_H 1
| #define HAVE_FCNTL_H 1
| #define HAVE_INTTYPES_H 1
| #define HAVE_STDDEF_H 1
| #define HAVE_STDINT_H 1
| #define HAVE_SYS_TIME_H 1
| #define HAVE_UNISTD_H 1
| #define HAVE_SQLITE3_H 1
| #define HAVE_SQLITE3EXT_H 1
| #define HAVE_ZLIB_H 1
| #define HAVE_DLFCN_H 1
| #define LT_OBJDIR ".libs/"
| /* end confdefs.h.  */
| #include <stdio.h>
| #ifdef HAVE_SYS_TYPES_H
| # include <sys/types.h>
| #endif
| #ifdef HAVE_SYS_STAT_H
| # include <sys/stat.h>
| #endif
| #ifdef STDC_HEADERS
| # include <stdlib.h>
| # include <stddef.h>
| #else
| # ifdef HAVE_STDLIB_H
| #  include <stdlib.h>
| # endif
| #endif
| #ifdef HAVE_STRING_H
| # if !defined STDC_HEADERS && defined HAVE_MEMORY_H
| #  include <memory.h>
| # endif
| # include <string.h>
| #endif
| #ifdef HAVE_STRINGS_H
| # include <strings.h>
| #endif
| #ifdef HAVE_INTTYPES_H
| # include <inttypes.h>
| #endif
| #ifdef HAVE_STDINT_H
| # include <stdint.h>
| #endif
| #ifdef HAVE_UNISTD_H
| # include <unistd.h>
| #endif
| int
| main ()
| {
| if (sizeof ((off_t)))
| 	    return 0;
|   ;
|   return 0;
| }
configure:12749: result: yes
configure:12760: checking for size_t
configure:12760: gcc -c -g -O2  conftest.c >&5
configure:12760: $? = 0
configure:12760: gcc -c -g -O2  conftest.c >&5
conftest.c: In function 'main':
conftest.c:78:21: error: expected expression before ')' token
   78 | if (sizeof ((size_t)))
      |                     ^
configure:12760: $? = 1
configure: failed program was:
| /* confdefs.h */
| #define PACKAGE_NAME "libspatialite"
| #define PACKAGE_TARNAME "libspatialite"
| #define PACKAGE_VERSION "5.0.0-beta1"
| #define PACKAGE_STRING "libspatialite 5.0.0-beta1"
| #define PACKAGE_BUGREPORT "a.furieri@lqt.it"
| #define PACKAGE_URL ""
| #define PACKAGE "libspatialite"
| #define VERSION "5.0.0-beta1"
| #define _LARGE_FILE 1
| #define _FILE_OFFSET_BITS 64
| #define _LARGEFILE_SOURCE 1
| #define NDEBUG 1
| #define STDC_HEADERS 1
| #define HAVE_SYS_TYPES_H 1
| #define HAVE_SYS_STAT_H 1
| #define HAVE_STDLIB_H 1
| #define HAVE_STRING_H 1
| #define HAVE_MEMORY_H 1
| #define HAVE_STRINGS_H 1
| #define HAVE_INTTYPES_H 1
| #define HAVE_STDINT_H 1
| #define HAVE_UNISTD_H 1
| #define HAVE_STDLIB_H 1
| #define HAVE_STDIO_H 1
| #define HAVE_STRING_H 1
| #define HAVE_MEMORY_H 1
| #define HAVE_MATH_H 1
| #define HAVE_FLOAT_H 1
| #define HAVE_FCNTL_H 1
| #define HAVE_INTTYPES_H 1
| #define HAVE_STDDEF_H 1
| #define HAVE_STDINT_H 1
| #define HAVE_SYS_TIME_H 1
| #define HAVE_UNISTD_H 1
| #define HAVE_SQLITE3_H 1
| #define HAVE_SQLITE3EXT_H 1
| #define HAVE_ZLIB_H 1
| #define HAVE_DLFCN_H 1
| #define LT_OBJDIR ".libs/"
| /* end confdefs.h.  */
| #include <stdio.h>
| #ifdef HAVE_SYS_TYPES_H
| # include <sys/types.h>
| #endif
| #ifdef HAVE_SYS_STAT_H
| # include <sys/stat.h>
| #endif
| #ifdef STDC_HEADERS
| # include <stdlib.h>
| # include <stddef.h>
| #else
| # ifdef HAVE_STDLIB_H
| #  include <stdlib.h>
| # endif
| #endif
| #ifdef HAVE_STRING_H
| # if !defined STDC_HEADERS && defined HAVE_MEMORY_H
| #  include <memory.h>
| # endif
| # include <string.h>
| #endif
| #ifdef HAVE_STRINGS_H
| # include <strings.h>
| #endif
| #ifdef HAVE_INTTYPES_H
| # include <inttypes.h>
| #endif
| #ifdef HAVE_STDINT_H
| # include <stdint.h>
| #endif
| #ifdef HAVE_UNISTD_H
| # include <unistd.h>
| #endif
| int
| main ()
| {
| if (sizeof ((size_t)))
| 	    return 0;
|   ;
|   return 0;
| }
configure:12760: result: yes
configure:12771: checking whether time.h and sys/time.h may both be included
configure:12791: gcc -c -g -O2  conftest.c >&5
configure:12791: $? = 0
configure:12798: result: yes
configure:12806: checking whether struct tm is in sys/time.h or time.h
configure:12826: gcc -c -g -O2  conftest.c >&5
configure:12826: $? = 0
configure:12833: result: time.h
configure:12841: checking for working volatile
configure:12860: gcc -c -g -O2  conftest.c >&5
configure:12860: $? = 0
configure:12867: result: yes
configure:12877: checking whether lstat correctly handles trailing slash
configure:12920: result: no
configure:12939: checking whether lstat accepts an empty string
configure:12969: result: yes
configure:12985: checking whether lstat correctly handles trailing slash
configure:13028: result: no
configure:13047: checking for working memcmp
configure:13100: result: no
configure:13109: checking whether stat accepts an empty string
configure:13139: result: yes
configure:13157: checking for strftime
configure:13157: gcc -o conftest -g -O2   conftest.c  >&5
conftest.c:68:6: warning: conflicting types for built-in function 'strftime'; expected 'long unsigned int(char *, long unsigned int,  const char *, const void *)' [-Wbuiltin-declaration-mismatch]
   68 | char strftime ();
      |      ^~~~~~~~
conftest.c:56:1: note: 'strftime' is declared in header '<time.h>'
   55 | # include <limits.h>
   56 | #else
configure:13157: $? = 0
configure:13157: result: yes
configure:13213: checking for memset
configure:13213: gcc -o conftest -g -O2   conftest.c  >&5
conftest.c:69:6: warning: conflicting types for built-in function 'memset'; expected 'void *(void *, int,  long unsigned int)' [-Wbuiltin-declaration-mismatch]
   69 | char memset ();
      |      ^~~~~~
conftest.c:57:1: note: 'memset' is declared in header '<string.h>'
   56 | # include <limits.h>
   57 | #else
configure:13213: $? = 0
configure:13213: result: yes
configure:13213: checking for sqrt
configure:13213: gcc -o conftest -g -O2   conftest.c  >&5
conftest.c:70:6: warning: conflicting types for built-in function 'sqrt'; expected 'double(double)' [-Wbuiltin-declaration-mismatch]
   70 | char sqrt ();
      |      ^~~~
conftest.c:58:1: note: 'sqrt' is declared in header '<math.h>'
   57 | # include <limits.h>
   58 | #else
/usr/bin/ld: /tmp/cc57WybJ.o: in function `main':
/home/lhyserver/test/jni/libspatialite-5.0.0/conftest.c:81: undefined reference to `sqrt'
collect2: error: ld returned 1 exit status
configure:13213: $? = 1
configure: failed program was:
| /* confdefs.h */
| #define PACKAGE_NAME "libspatialite"
| #define PACKAGE_TARNAME "libspatialite"
| #define PACKAGE_VERSION "5.0.0-beta1"
| #define PACKAGE_STRING "libspatialite 5.0.0-beta1"
| #define PACKAGE_BUGREPORT "a.furieri@lqt.it"
| #define PACKAGE_URL ""
| #define PACKAGE "libspatialite"
| #define VERSION "5.0.0-beta1"
| #define _LARGE_FILE 1
| #define _FILE_OFFSET_BITS 64
| #define _LARGEFILE_SOURCE 1
| #define NDEBUG 1
| #define STDC_HEADERS 1
| #define HAVE_SYS_TYPES_H 1
| #define HAVE_SYS_STAT_H 1
| #define HAVE_STDLIB_H 1
| #define HAVE_STRING_H 1
| #define HAVE_MEMORY_H 1
| #define HAVE_STRINGS_H 1
| #define HAVE_INTTYPES_H 1
| #define HAVE_STDINT_H 1
| #define HAVE_UNISTD_H 1
| #define HAVE_STDLIB_H 1
| #define HAVE_STDIO_H 1
| #define HAVE_STRING_H 1
| #define HAVE_MEMORY_H 1
| #define HAVE_MATH_H 1
| #define HAVE_FLOAT_H 1
| #define HAVE_FCNTL_H 1
| #define HAVE_INTTYPES_H 1
| #define HAVE_STDDEF_H 1
| #define HAVE_STDINT_H 1
| #define HAVE_SYS_TIME_H 1
| #define HAVE_UNISTD_H 1
| #define HAVE_SQLITE3_H 1
| #define HAVE_SQLITE3EXT_H 1
| #define HAVE_ZLIB_H 1
| #define HAVE_DLFCN_H 1
| #define LT_OBJDIR ".libs/"
| #define TIME_WITH_SYS_TIME 1
| #define HAVE_LSTAT_EMPTY_STRING_BUG 1
| #define HAVE_STAT_EMPTY_STRING_BUG 1
| #define HAVE_STRFTIME 1
| #define HAVE_MEMSET 1
| /* end confdefs.h.  */
| /* Define sqrt to an innocuous variant, in case <limits.h> declares sqrt.
|    For example, HP-UX 11i <limits.h> declares gettimeofday.  */
| #define sqrt innocuous_sqrt
| 
| /* System header to define __stub macros and hopefully few prototypes,
|     which can conflict with char sqrt (); below.
|     Prefer <limits.h> to <assert.h> if __STDC__ is defined, since
|     <limits.h> exists even on freestanding compilers.  */
| 
| #ifdef __STDC__
| # include <limits.h>
| #else
| # include <assert.h>
| #endif
| 
| #undef sqrt
| 
| /* Override any GCC internal prototype to avoid an error.
|    Use char because int might match the return type of a GCC
|    builtin and then its argument prototype would still apply.  */
| #ifdef __cplusplus
| extern "C"
| #endif
| char sqrt ();
| /* The GNU C library defines this for functions which it implements
|     to always fail with ENOSYS.  Some functions are actually named
|     something starting with __ and the normal name is an alias.  */
| #if defined __stub_sqrt || defined __stub___sqrt
| choke me
| #endif
| 
| int
| main ()
| {
| return sqrt ();
|   ;
|   return 0;
| }
configure:13213: result: no
configure:13213: checking for strcasecmp
configure:13213: gcc -o conftest -g -O2   conftest.c  >&5
conftest.c:70:6: warning: conflicting types for built-in function 'strcasecmp'; expected 'int(const char *, const char *)' [-Wbuiltin-declaration-mismatch]
   70 | char strcasecmp ();
      |      ^~~~~~~~~~
configure:13213: $? = 0
configure:13213: result: yes
configure:13213: checking for strerror
configure:13213: gcc -o conftest -g -O2   conftest.c  >&5
configure:13213: $? = 0
configure:13213: result: yes
configure:13213: checking for strncasecmp
configure:13213: gcc -o conftest -g -O2   conftest.c  >&5
conftest.c:72:6: warning: conflicting types for built-in function 'strncasecmp'; expected 'int(const char *, const char *, long unsigned int)' [-Wbuiltin-declaration-mismatch]
   72 | char strncasecmp ();
      |      ^~~~~~~~~~~
configure:13213: $? = 0
configure:13213: result: yes
configure:13213: checking for strstr
configure:13213: gcc -o conftest -g -O2   conftest.c  >&5
conftest.c:73:6: warning: conflicting types for built-in function 'strstr'; expected 'char *(const char *, const char *)' [-Wbuiltin-declaration-mismatch]
   73 | char strstr ();
      |      ^~~~~~
conftest.c:61:1: note: 'strstr' is declared in header '<string.h>'
   60 | # include <limits.h>
   61 | #else
configure:13213: $? = 0
configure:13213: result: yes
configure:13213: checking for fdatasync
configure:13213: gcc -o conftest -g -O2   conftest.c  >&5
configure:13213: $? = 0
configure:13213: result: yes
configure:13213: checking for ftruncate
configure:13213: gcc -o conftest -g -O2   conftest.c  >&5
configure:13213: $? = 0
configure:13213: result: yes
configure:13213: checking for getcwd
configure:13213: gcc -o conftest -g -O2   conftest.c  >&5
configure:13213: $? = 0
configure:13213: result: yes
configure:13213: checking for gettimeofday
configure:13213: gcc -o conftest -g -O2   conftest.c  >&5
configure:13213: $? = 0
configure:13213: result: yes
configure:13213: checking for localtime_r
configure:13213: gcc -o conftest -g -O2   conftest.c  >&5
configure:13213: $? = 0
configure:13213: result: yes
configure:13213: checking for memmove
configure:13213: gcc -o conftest -g -O2   conftest.c  >&5
conftest.c:79:6: warning: conflicting types for built-in function 'memmove'; expected 'void *(void *, const void *, long unsigned int)' [-Wbuiltin-declaration-mismatch]
   79 | char memmove ();
      |      ^~~~~~~
conftest.c:67:1: note: 'memmove' is declared in header '<string.h>'
   66 | # include <limits.h>
   67 | #else
configure:13213: $? = 0
configure:13213: result: yes
configure:13213: checking for strerror
configure:13213: result: yes
configure:13224: checking for sqlite3_prepare_v2 in -lsqlite3
configure:13249: gcc -o conftest -g -O2   conftest.c -lsqlite3 -lm  >&5
configure:13249: $? = 0
configure:13258: result: yes
configure:13271: checking for inflateInit_ in -lz
configure:13296: gcc -o conftest -g -O2   conftest.c -lz -lm -lsqlite3  >&5
configure:13296: $? = 0
configure:13305: result: yes
configure:13421: checking for sqlite3_rtree_query_callback in -lsqlite3
configure:13446: gcc -o conftest -g -O2   conftest.c -lsqlite3 -lm -lz -lsqlite3  >&5
configure:13446: $? = 0
configure:13455: result: yes
configure:13487: checking proj.h usability
configure:13487: gcc -c -g -O2  conftest.c >&5
configure:13487: $? = 0
configure:13487: result: yes
configure:13487: checking proj.h presence
configure:13487: gcc -E  conftest.c
configure:13487: $? = 0
configure:13487: result: yes
configure:13487: checking for proj.h
configure:13487: result: yes
configure:13512: checking for library containing proj_normalize_for_visualization
configure:13543: gcc -o conftest -g -O2   conftest.c -lsqlite3 -lz -lsqlite3  >&5
/usr/bin/ld: /tmp/ccMIo4Jy.o: in function `main':
/home/lhyserver/test/jni/libspatialite-5.0.0/conftest.c:75: undefined reference to `proj_normalize_for_visualization'
collect2: error: ld returned 1 exit status
configure:13543: $? = 1
configure: failed program was:
| /* confdefs.h */
| #define PACKAGE_NAME "libspatialite"
| #define PACKAGE_TARNAME "libspatialite"
| #define PACKAGE_VERSION "5.0.0-beta1"
| #define PACKAGE_STRING "libspatialite 5.0.0-beta1"
| #define PACKAGE_BUGREPORT "a.furieri@lqt.it"
| #define PACKAGE_URL ""
| #define PACKAGE "libspatialite"
| #define VERSION "5.0.0-beta1"
| #define _LARGE_FILE 1
| #define _FILE_OFFSET_BITS 64
| #define _LARGEFILE_SOURCE 1
| #define NDEBUG 1
| #define STDC_HEADERS 1
| #define HAVE_SYS_TYPES_H 1
| #define HAVE_SYS_STAT_H 1
| #define HAVE_STDLIB_H 1
| #define HAVE_STRING_H 1
| #define HAVE_MEMORY_H 1
| #define HAVE_STRINGS_H 1
| #define HAVE_INTTYPES_H 1
| #define HAVE_STDINT_H 1
| #define HAVE_UNISTD_H 1
| #define HAVE_STDLIB_H 1
| #define HAVE_STDIO_H 1
| #define HAVE_STRING_H 1
| #define HAVE_MEMORY_H 1
| #define HAVE_MATH_H 1
| #define HAVE_FLOAT_H 1
| #define HAVE_FCNTL_H 1
| #define HAVE_INTTYPES_H 1
| #define HAVE_STDDEF_H 1
| #define HAVE_STDINT_H 1
| #define HAVE_SYS_TIME_H 1
| #define HAVE_UNISTD_H 1
| #define HAVE_SQLITE3_H 1
| #define HAVE_SQLITE3EXT_H 1
| #define HAVE_ZLIB_H 1
| #define HAVE_DLFCN_H 1
| #define LT_OBJDIR ".libs/"
| #define TIME_WITH_SYS_TIME 1
| #define HAVE_LSTAT_EMPTY_STRING_BUG 1
| #define HAVE_STAT_EMPTY_STRING_BUG 1
| #define HAVE_STRFTIME 1
| #define HAVE_MEMSET 1
| #define HAVE_STRCASECMP 1
| #define HAVE_STRERROR 1
| #define HAVE_STRNCASECMP 1
| #define HAVE_STRSTR 1
| #define HAVE_FDATASYNC 1
| #define HAVE_FTRUNCATE 1
| #define HAVE_GETCWD 1
| #define HAVE_GETTIMEOFDAY 1
| #define HAVE_LOCALTIME_R 1
| #define HAVE_MEMMOVE 1
| #define HAVE_STRERROR 1
| #define HAVE_LIBSQLITE3 1
| #define HAVE_LIBZ 1
| #define TARGET_CPU "x86_64-linux-gnu"
| #define OMIT_GEOCALLBACKS 1
| #define HAVE_LIBSQLITE3 1
| #define HAVE_PROJ_H 1
| /* end confdefs.h.  */
| 
| /* Override any GCC internal prototype to avoid an error.
|    Use char because int might match the return type of a GCC
|    builtin and then its argument prototype would still apply.  */
| #ifdef __cplusplus
| extern "C"
| #endif
| char proj_normalize_for_visualization ();
| int
| main ()
| {
| return proj_normalize_for_visualization ();
|   ;
|   return 0;
| }
configure:13543: gcc -o conftest -g -O2   conftest.c -lproj  -lsqlite3 -lz -lsqlite3  >&5
configure:13543: $? = 0
configure:13560: result: -lproj
configure:13650: checking iconv.h usability
configure:13650: gcc -c -g -O2  conftest.c >&5
configure:13650: $? = 0
configure:13650: result: yes
configure:13650: checking iconv.h presence
configure:13650: gcc -E  conftest.c
configure:13650: $? = 0
configure:13650: result: yes
configure:13650: checking for iconv.h
configure:13650: result: yes
configure:13664: checking for library containing iconv
configure:13695: gcc -o conftest -g -O2   conftest.c -lproj -lsqlite3 -lz -lsqlite3  >&5
configure:13695: $? = 0
configure:13712: result: none required
configure:13779: checking for library containing locale_charset
configure:13810: gcc -o conftest -g -O2   conftest.c -lproj -lsqlite3 -lz -lsqlite3  >&5
/usr/bin/ld: /tmp/cc4r6CNb.o: in function `main':
/home/lhyserver/test/jni/libspatialite-5.0.0/conftest.c:77: undefined reference to `locale_charset'
collect2: error: ld returned 1 exit status
configure:13810: $? = 1
configure: failed program was:
| /* confdefs.h */
| #define PACKAGE_NAME "libspatialite"
| #define PACKAGE_TARNAME "libspatialite"
| #define PACKAGE_VERSION "5.0.0-beta1"
| #define PACKAGE_STRING "libspatialite 5.0.0-beta1"
| #define PACKAGE_BUGREPORT "a.furieri@lqt.it"
| #define PACKAGE_URL ""
| #define PACKAGE "libspatialite"
| #define VERSION "5.0.0-beta1"
| #define _LARGE_FILE 1
| #define _FILE_OFFSET_BITS 64
| #define _LARGEFILE_SOURCE 1
| #define NDEBUG 1
| #define STDC_HEADERS 1
| #define HAVE_SYS_TYPES_H 1
| #define HAVE_SYS_STAT_H 1
| #define HAVE_STDLIB_H 1
| #define HAVE_STRING_H 1
| #define HAVE_MEMORY_H 1
| #define HAVE_STRINGS_H 1
| #define HAVE_INTTYPES_H 1
| #define HAVE_STDINT_H 1
| #define HAVE_UNISTD_H 1
| #define HAVE_STDLIB_H 1
| #define HAVE_STDIO_H 1
| #define HAVE_STRING_H 1
| #define HAVE_MEMORY_H 1
| #define HAVE_MATH_H 1
| #define HAVE_FLOAT_H 1
| #define HAVE_FCNTL_H 1
| #define HAVE_INTTYPES_H 1
| #define HAVE_STDDEF_H 1
| #define HAVE_STDINT_H 1
| #define HAVE_SYS_TIME_H 1
| #define HAVE_UNISTD_H 1
| #define HAVE_SQLITE3_H 1
| #define HAVE_SQLITE3EXT_H 1
| #define HAVE_ZLIB_H 1
| #define HAVE_DLFCN_H 1
| #define LT_OBJDIR ".libs/"
| #define TIME_WITH_SYS_TIME 1
| #define HAVE_LSTAT_EMPTY_STRING_BUG 1
| #define HAVE_STAT_EMPTY_STRING_BUG 1
| #define HAVE_STRFTIME 1
| #define HAVE_MEMSET 1
| #define HAVE_STRCASECMP 1
| #define HAVE_STRERROR 1
| #define HAVE_STRNCASECMP 1
| #define HAVE_STRSTR 1
| #define HAVE_FDATASYNC 1
| #define HAVE_FTRUNCATE 1
| #define HAVE_GETCWD 1
| #define HAVE_GETTIMEOFDAY 1
| #define HAVE_LOCALTIME_R 1
| #define HAVE_MEMMOVE 1
| #define HAVE_STRERROR 1
| #define HAVE_LIBSQLITE3 1
| #define HAVE_LIBZ 1
| #define TARGET_CPU "x86_64-linux-gnu"
| #define OMIT_GEOCALLBACKS 1
| #define HAVE_LIBSQLITE3 1
| #define HAVE_PROJ_H 1
| #define PROJ_NEW 1
| #define HAVE_ICONV_H 1
| /* end confdefs.h.  */
| 
| /* Override any GCC internal prototype to avoid an error.
|    Use char because int might match the return type of a GCC
|    builtin and then its argument prototype would still apply.  */
| #ifdef __cplusplus
| extern "C"
| #endif
| char locale_charset ();
| int
| main ()
| {
| return locale_charset ();
|   ;
|   return 0;
| }
configure:13810: gcc -o conftest -g -O2   conftest.c -lcharset  -lproj -lsqlite3 -lz -lsqlite3  >&5
configure:13810: $? = 0
configure:13827: result: -lcharset
configure:13912: checking freexl.h usability
configure:13912: gcc -c -g -O2  conftest.c >&5
configure:13912: $? = 0
configure:13912: result: yes
configure:13912: checking freexl.h presence
configure:13912: gcc -E  conftest.c
configure:13912: $? = 0
configure:13912: result: yes
configure:13912: checking for freexl.h
configure:13912: result: yes
configure:13924: checking for library containing freexl_version
configure:13955: gcc -o conftest -g -O2   conftest.c -lcharset -lproj -lsqlite3 -lz -lsqlite3  >&5
/usr/bin/ld: /tmp/ccZcaERX.o: in function `main':
/home/lhyserver/test/jni/libspatialite-5.0.0/conftest.c:78: undefined reference to `freexl_version'
collect2: error: ld returned 1 exit status
configure:13955: $? = 1
configure: failed program was:
| /* confdefs.h */
| #define PACKAGE_NAME "libspatialite"
| #define PACKAGE_TARNAME "libspatialite"
| #define PACKAGE_VERSION "5.0.0-beta1"
| #define PACKAGE_STRING "libspatialite 5.0.0-beta1"
| #define PACKAGE_BUGREPORT "a.furieri@lqt.it"
| #define PACKAGE_URL ""
| #define PACKAGE "libspatialite"
| #define VERSION "5.0.0-beta1"
| #define _LARGE_FILE 1
| #define _FILE_OFFSET_BITS 64
| #define _LARGEFILE_SOURCE 1
| #define NDEBUG 1
| #define STDC_HEADERS 1
| #define HAVE_SYS_TYPES_H 1
| #define HAVE_SYS_STAT_H 1
| #define HAVE_STDLIB_H 1
| #define HAVE_STRING_H 1
| #define HAVE_MEMORY_H 1
| #define HAVE_STRINGS_H 1
| #define HAVE_INTTYPES_H 1
| #define HAVE_STDINT_H 1
| #define HAVE_UNISTD_H 1
| #define HAVE_STDLIB_H 1
| #define HAVE_STDIO_H 1
| #define HAVE_STRING_H 1
| #define HAVE_MEMORY_H 1
| #define HAVE_MATH_H 1
| #define HAVE_FLOAT_H 1
| #define HAVE_FCNTL_H 1
| #define HAVE_INTTYPES_H 1
| #define HAVE_STDDEF_H 1
| #define HAVE_STDINT_H 1
| #define HAVE_SYS_TIME_H 1
| #define HAVE_UNISTD_H 1
| #define HAVE_SQLITE3_H 1
| #define HAVE_SQLITE3EXT_H 1
| #define HAVE_ZLIB_H 1
| #define HAVE_DLFCN_H 1
| #define LT_OBJDIR ".libs/"
| #define TIME_WITH_SYS_TIME 1
| #define HAVE_LSTAT_EMPTY_STRING_BUG 1
| #define HAVE_STAT_EMPTY_STRING_BUG 1
| #define HAVE_STRFTIME 1
| #define HAVE_MEMSET 1
| #define HAVE_STRCASECMP 1
| #define HAVE_STRERROR 1
| #define HAVE_STRNCASECMP 1
| #define HAVE_STRSTR 1
| #define HAVE_FDATASYNC 1
| #define HAVE_FTRUNCATE 1
| #define HAVE_GETCWD 1
| #define HAVE_GETTIMEOFDAY 1
| #define HAVE_LOCALTIME_R 1
| #define HAVE_MEMMOVE 1
| #define HAVE_STRERROR 1
| #define HAVE_LIBSQLITE3 1
| #define HAVE_LIBZ 1
| #define TARGET_CPU "x86_64-linux-gnu"
| #define OMIT_GEOCALLBACKS 1
| #define HAVE_LIBSQLITE3 1
| #define HAVE_PROJ_H 1
| #define PROJ_NEW 1
| #define HAVE_ICONV_H 1
| #define HAVE_FREEXL_H 1
| /* end confdefs.h.  */
| 
| /* Override any GCC internal prototype to avoid an error.
|    Use char because int might match the return type of a GCC
|    builtin and then its argument prototype would still apply.  */
| #ifdef __cplusplus
| extern "C"
| #endif
| char freexl_version ();
| int
| main ()
| {
| return freexl_version ();
|   ;
|   return 0;
| }
configure:13955: gcc -o conftest -g -O2   conftest.c -lfreexl -lm -lcharset -lproj -lsqlite3 -lz -lsqlite3  >&5
configure:13955: $? = 0
configure:13972: result: -lfreexl
configure:14030: checking for geos-config
configure:14048: found /usr/local/bin/geos-config
configure:14060: result: /usr/local/bin/geos-config
configure:14095: checking geos_c.h usability
configure:14095: gcc -c -g -O2 -I/usr/local/include conftest.c >&5
configure:14095: $? = 0
configure:14095: result: yes
configure:14095: checking geos_c.h presence
configure:14095: gcc -E -I/usr/local/include conftest.c
configure:14095: $? = 0
configure:14095: result: yes
configure:14095: checking for geos_c.h
configure:14095: result: yes
configure:14111: checking for library containing GEOSCoveredBy
configure:14142: gcc -o conftest -g -O2   conftest.c -L/usr/local/lib >&5
/usr/bin/ld: /tmp/ccjEhPzU.o: in function `main':
/home/lhyserver/test/jni/libspatialite-5.0.0/conftest.c:79: undefined reference to `GEOSCoveredBy'
collect2: error: ld returned 1 exit status
configure:14142: $? = 1
configure: failed program was:
| /* confdefs.h */
| #define PACKAGE_NAME "libspatialite"
| #define PACKAGE_TARNAME "libspatialite"
| #define PACKAGE_VERSION "5.0.0-beta1"
| #define PACKAGE_STRING "libspatialite 5.0.0-beta1"
| #define PACKAGE_BUGREPORT "a.furieri@lqt.it"
| #define PACKAGE_URL ""
| #define PACKAGE "libspatialite"
| #define VERSION "5.0.0-beta1"
| #define _LARGE_FILE 1
| #define _FILE_OFFSET_BITS 64
| #define _LARGEFILE_SOURCE 1
| #define NDEBUG 1
| #define STDC_HEADERS 1
| #define HAVE_SYS_TYPES_H 1
| #define HAVE_SYS_STAT_H 1
| #define HAVE_STDLIB_H 1
| #define HAVE_STRING_H 1
| #define HAVE_MEMORY_H 1
| #define HAVE_STRINGS_H 1
| #define HAVE_INTTYPES_H 1
| #define HAVE_STDINT_H 1
| #define HAVE_UNISTD_H 1
| #define HAVE_STDLIB_H 1
| #define HAVE_STDIO_H 1
| #define HAVE_STRING_H 1
| #define HAVE_MEMORY_H 1
| #define HAVE_MATH_H 1
| #define HAVE_FLOAT_H 1
| #define HAVE_FCNTL_H 1
| #define HAVE_INTTYPES_H 1
| #define HAVE_STDDEF_H 1
| #define HAVE_STDINT_H 1
| #define HAVE_SYS_TIME_H 1
| #define HAVE_UNISTD_H 1
| #define HAVE_SQLITE3_H 1
| #define HAVE_SQLITE3EXT_H 1
| #define HAVE_ZLIB_H 1
| #define HAVE_DLFCN_H 1
| #define LT_OBJDIR ".libs/"
| #define TIME_WITH_SYS_TIME 1
| #define HAVE_LSTAT_EMPTY_STRING_BUG 1
| #define HAVE_STAT_EMPTY_STRING_BUG 1
| #define HAVE_STRFTIME 1
| #define HAVE_MEMSET 1
| #define HAVE_STRCASECMP 1
| #define HAVE_STRERROR 1
| #define HAVE_STRNCASECMP 1
| #define HAVE_STRSTR 1
| #define HAVE_FDATASYNC 1
| #define HAVE_FTRUNCATE 1
| #define HAVE_GETCWD 1
| #define HAVE_GETTIMEOFDAY 1
| #define HAVE_LOCALTIME_R 1
| #define HAVE_MEMMOVE 1
| #define HAVE_STRERROR 1
| #define HAVE_LIBSQLITE3 1
| #define HAVE_LIBZ 1
| #define TARGET_CPU "x86_64-linux-gnu"
| #define OMIT_GEOCALLBACKS 1
| #define HAVE_LIBSQLITE3 1
| #define HAVE_PROJ_H 1
| #define PROJ_NEW 1
| #define HAVE_ICONV_H 1
| #define HAVE_FREEXL_H 1
| #define HAVE_GEOS_C_H 1
| /* end confdefs.h.  */
| 
| /* Override any GCC internal prototype to avoid an error.
|    Use char because int might match the return type of a GCC
|    builtin and then its argument prototype would still apply.  */
| #ifdef __cplusplus
| extern "C"
| #endif
| char GEOSCoveredBy ();
| int
| main ()
| {
| return GEOSCoveredBy ();
|   ;
|   return 0;
| }
configure:14142: gcc -o conftest -g -O2   conftest.c -lgeos_c  -L/usr/local/lib >&5
configure:14142: $? = 0
configure:14159: result: -lgeos_c
configure:14198: checking for library containing GEOSDelaunayTriangulation
configure:14229: gcc -o conftest -g -O2   conftest.c -lfreexl -lcharset -lproj -lsqlite3 -lz -lsqlite3  -L/usr/local/lib -lgeos_c >&5
configure:14229: $? = 0
configure:14246: result: none required
configure:14271: checking for library containing GEOSContext_setErrorMessageHandler_r
configure:14302: gcc -o conftest -g -O2   conftest.c -lfreexl -lcharset -lproj -lsqlite3 -lz -lsqlite3  -L/usr/local/lib -lgeos_c >&5
configure:14302: $? = 0
configure:14319: result: none required
configure:14360: checking for library containing GEOSFrechetDistance_r
configure:14391: gcc -o conftest -g -O2   conftest.c -lfreexl -lcharset -lproj -lsqlite3 -lz -lsqlite3  -L/usr/local/lib -lgeos_c >&5
configure:14391: $? = 0
configure:14408: result: none required
configure:14435: checking librttopo.h usability
configure:14435: gcc -c -g -O2  conftest.c >&5
configure:14435: $? = 0
configure:14435: result: yes
configure:14435: checking librttopo.h presence
configure:14435: gcc -E  conftest.c
configure:14435: $? = 0
configure:14435: result: yes
configure:14435: checking for librttopo.h
configure:14435: result: yes
configure:14447: checking for library containing rtt_AddLineNoFace
configure:14478: gcc -o conftest -g -O2   conftest.c -lfreexl -lcharset -lproj -lsqlite3 -lz -lsqlite3  -L/usr/local/lib -lgeos_c >&5
/usr/bin/ld: /tmp/ccvSB8Lc.o: in function `main':
/home/lhyserver/test/jni/libspatialite-5.0.0/conftest.c:84: undefined reference to `rtt_AddLineNoFace'
collect2: error: ld returned 1 exit status
configure:14478: $? = 1
configure: failed program was:
| /* confdefs.h */
| #define PACKAGE_NAME "libspatialite"
| #define PACKAGE_TARNAME "libspatialite"
| #define PACKAGE_VERSION "5.0.0-beta1"
| #define PACKAGE_STRING "libspatialite 5.0.0-beta1"
| #define PACKAGE_BUGREPORT "a.furieri@lqt.it"
| #define PACKAGE_URL ""
| #define PACKAGE "libspatialite"
| #define VERSION "5.0.0-beta1"
| #define _LARGE_FILE 1
| #define _FILE_OFFSET_BITS 64
| #define _LARGEFILE_SOURCE 1
| #define NDEBUG 1
| #define STDC_HEADERS 1
| #define HAVE_SYS_TYPES_H 1
| #define HAVE_SYS_STAT_H 1
| #define HAVE_STDLIB_H 1
| #define HAVE_STRING_H 1
| #define HAVE_MEMORY_H 1
| #define HAVE_STRINGS_H 1
| #define HAVE_INTTYPES_H 1
| #define HAVE_STDINT_H 1
| #define HAVE_UNISTD_H 1
| #define HAVE_STDLIB_H 1
| #define HAVE_STDIO_H 1
| #define HAVE_STRING_H 1
| #define HAVE_MEMORY_H 1
| #define HAVE_MATH_H 1
| #define HAVE_FLOAT_H 1
| #define HAVE_FCNTL_H 1
| #define HAVE_INTTYPES_H 1
| #define HAVE_STDDEF_H 1
| #define HAVE_STDINT_H 1
| #define HAVE_SYS_TIME_H 1
| #define HAVE_UNISTD_H 1
| #define HAVE_SQLITE3_H 1
| #define HAVE_SQLITE3EXT_H 1
| #define HAVE_ZLIB_H 1
| #define HAVE_DLFCN_H 1
| #define LT_OBJDIR ".libs/"
| #define TIME_WITH_SYS_TIME 1
| #define HAVE_LSTAT_EMPTY_STRING_BUG 1
| #define HAVE_STAT_EMPTY_STRING_BUG 1
| #define HAVE_STRFTIME 1
| #define HAVE_MEMSET 1
| #define HAVE_STRCASECMP 1
| #define HAVE_STRERROR 1
| #define HAVE_STRNCASECMP 1
| #define HAVE_STRSTR 1
| #define HAVE_FDATASYNC 1
| #define HAVE_FTRUNCATE 1
| #define HAVE_GETCWD 1
| #define HAVE_GETTIMEOFDAY 1
| #define HAVE_LOCALTIME_R 1
| #define HAVE_MEMMOVE 1
| #define HAVE_STRERROR 1
| #define HAVE_LIBSQLITE3 1
| #define HAVE_LIBZ 1
| #define TARGET_CPU "x86_64-linux-gnu"
| #define OMIT_GEOCALLBACKS 1
| #define HAVE_LIBSQLITE3 1
| #define HAVE_PROJ_H 1
| #define PROJ_NEW 1
| #define HAVE_ICONV_H 1
| #define HAVE_FREEXL_H 1
| #define HAVE_GEOS_C_H 1
| #define ENABLE_GCP 1
| #define GEOS_ADVANCED 1
| #define GEOS_REENTRANT 1
| #define GEOS_370 1
| #define HAVE_LIBRTTOPO_H 1
| /* end confdefs.h.  */
| 
| /* Override any GCC internal prototype to avoid an error.
|    Use char because int might match the return type of a GCC
|    builtin and then its argument prototype would still apply.  */
| #ifdef __cplusplus
| extern "C"
| #endif
| char rtt_AddLineNoFace ();
| int
| main ()
| {
| return rtt_AddLineNoFace ();
|   ;
|   return 0;
| }
configure:14478: gcc -o conftest -g -O2   conftest.c -lrttopo  -lfreexl -lcharset -lproj -lsqlite3 -lz -lsqlite3  -L/usr/local/lib -lgeos_c >&5
configure:14478: $? = 0
configure:14495: result: -lrttopo
configure:14535: checking for arm-linux-eabi-pkg-config
configure:14568: result: no
configure:14578: checking for pkg-config
configure:14596: found /usr/bin/pkg-config
configure:14608: result: /usr/bin/pkg-config
configure:14633: checking pkg-config is at least version 0.9.0
configure:14636: result: yes
configure:14646: checking for LIBXML2
configure:14653: $PKG_CONFIG --exists --print-errors "libxml-2.0"
configure:14656: $? = 0
configure:14670: $PKG_CONFIG --exists --print-errors "libxml-2.0"
configure:14673: $? = 0
configure:14711: result: yes
configure:14829: checking whether SQLITE_INDEX_CONSTRAINT_LIKE is declared
configure:14829: gcc -c -g -O2  conftest.c >&5
configure:14829: $? = 0
configure:14829: result: yes
configure:14937: checking that generated files are newer than configure
configure:14943: result: done
configure:15002: creating ./config.status

## ---------------------- ##
## Running config.status. ##
## ---------------------- ##

This file was extended by libspatialite config.status 5.0.0-beta1, which was
generated by GNU Autoconf 2.69.  Invocation command line was

  CONFIG_FILES    = 
  CONFIG_HEADERS  = 
  CONFIG_LINKS    = 
  CONFIG_COMMANDS = 
  $ ./config.status 

on lhyserver-vm

config.status:1281: creating Makefile
config.status:1281: creating src/Makefile
config.status:1281: creating src/headers/Makefile
config.status:1281: creating src/gaiaaux/Makefile
config.status:1281: creating src/gaiaexif/Makefile
config.status:1281: creating src/gaiageo/Makefile
config.status:1281: creating src/gaiageo/flex/Makefile
config.status:1281: creating src/gaiageo/lemon/Makefile
config.status:1281: creating src/gaiageo/lemon/lemon_src/Makefile
config.status:1281: creating src/geopackage/Makefile
config.status:1281: creating src/spatialite/Makefile
config.status:1281: creating src/shapefiles/Makefile
config.status:1281: creating src/dxf/Makefile
config.status:1281: creating src/md5/Makefile
config.status:1281: creating src/control_points/Makefile
config.status:1281: creating src/cutter/Makefile
config.status:1281: creating src/topology/Makefile
config.status:1281: creating src/srsinit/Makefile
config.status:1281: creating src/srsinit/epsg_update/Makefile
config.status:1281: creating src/stored_procedures/Makefile
config.status:1281: creating src/connection_cache/Makefile
config.status:1281: creating src/connection_cache/generator/Makefile
config.status:1281: creating src/virtualtext/Makefile
config.status:1281: creating src/wfs/Makefile
config.status:1281: creating test/Makefile
config.status:1281: creating test/sql_stmt_tests/Makefile
config.status:1281: creating test/sql_stmt_geos_tests/Makefile
config.status:1281: creating test/sql_stmt_geosadvanced_tests/Makefile
config.status:1281: creating test/sql_stmt_geopackage_tests/Makefile
config.status:1281: creating test/sql_stmt_gpkg_epsg492_tests/Makefile
config.status:1281: creating test/sql_stmt_gpkg_epsg493_tests/Makefile
config.status:1281: creating test/sql_stmt_gpkg_epsg600_tests/Makefile
config.status:1281: creating test/sql_stmt_proj_tests/Makefile
config.status:1281: creating test/sql_stmt_proj492_tests/Makefile
config.status:1281: creating test/sql_stmt_proj493_tests/Makefile
config.status:1281: creating test/sql_stmt_proj600_tests/Makefile
config.status:1281: creating test/sql_stmt_proj600security_tests/Makefile
config.status:1281: creating test/sql_stmt_mathsql_tests/Makefile
config.status:1281: creating test/sql_stmt_rtgeom_tests/Makefile
config.status:1281: creating test/sql_stmt_rttopo_tests/Makefile
config.status:1281: creating test/sql_stmt_libxml2_tests/Makefile
config.status:1281: creating test/sql_stmt_security_tests/Makefile
config.status:1281: creating test/sql_stmt_xmlsec_tests/Makefile
config.status:1281: creating test/sql_stmt_freexl_tests/Makefile
config.status:1281: creating test/sql_stmt_cache_tests/Makefile
config.status:1281: creating test/sql_stmt_gpkgcache_tests/Makefile
config.status:1281: creating test/sql_stmt_nocache_tests/Makefile
config.status:1281: creating test/sql_stmt_gpkgnocache_tests/Makefile
config.status:1281: creating test/sql_stmt_voronoj1_tests/Makefile
config.status:1281: creating test/sql_stmt_voronoj2_tests/Makefile
config.status:1281: creating test/sql_stmt_sequence_tests/Makefile
config.status:1281: creating test/sql_stmt_routing_tests/Makefile
config.status:1281: creating test/sql_stmt_logfile_tests/Makefile
config.status:1281: creating test/sql_stmt_iconv_tests/Makefile
config.status:1281: creating test/sql_stmt_proc_tests/Makefile
config.status:1281: creating test/sql_stmt_point_geom/Makefile
config.status:1281: creating test/sql_stmt_tiny_point/Makefile
config.status:1281: creating test/sql_stmt_postgres_tests/Makefile
config.status:1281: creating test/sql_stmt_geos370_tests/Makefile
config.status:1281: creating test/sql_stmt_renamenew_tests/Makefile
config.status:1281: creating test/sql_stmt_renameold_tests/Makefile
config.status:1281: creating test/sql_stmt_bufoptsnew_tests/Makefile
config.status:1281: creating test/sql_stmt_bufoptsold_tests/Makefile
config.status:1281: creating examples/Makefile
config.status:1281: creating Doxyfile
config.status:1281: creating spatialite.pc
config.status:1281: creating config.h
config.status:1510: executing depfiles commands
config.status:1510: executing libtool commands

## ---------------- ##
## Cache variables. ##
## ---------------- ##

ac_cv_build=x86_64-pc-linux-gnu
ac_cv_c_compiler_gnu=yes
ac_cv_c_const=yes
ac_cv_c_volatile=yes
ac_cv_cxx_compiler_gnu=yes
ac_cv_env_CCC_set=
ac_cv_env_CCC_value=
ac_cv_env_CC_set=
ac_cv_env_CC_value=
ac_cv_env_CFLAGS_set=
ac_cv_env_CFLAGS_value=
ac_cv_env_CPPFLAGS_set=
ac_cv_env_CPPFLAGS_value=
ac_cv_env_CPP_set=
ac_cv_env_CPP_value=
ac_cv_env_CXXCPP_set=
ac_cv_env_CXXCPP_value=
ac_cv_env_CXXFLAGS_set=
ac_cv_env_CXXFLAGS_value=
ac_cv_env_CXX_set=
ac_cv_env_CXX_value=
ac_cv_env_LDFLAGS_set=
ac_cv_env_LDFLAGS_value=
ac_cv_env_LIBS_set=
ac_cv_env_LIBS_value=
ac_cv_env_LIBXML2_CFLAGS_set=
ac_cv_env_LIBXML2_CFLAGS_value=
ac_cv_env_LIBXML2_LIBS_set=
ac_cv_env_LIBXML2_LIBS_value=
ac_cv_env_PKG_CONFIG_LIBDIR_set=
ac_cv_env_PKG_CONFIG_LIBDIR_value=
ac_cv_env_PKG_CONFIG_PATH_set=
ac_cv_env_PKG_CONFIG_PATH_value=
ac_cv_env_PKG_CONFIG_set=
ac_cv_env_PKG_CONFIG_value=
ac_cv_env_build_alias_set=set
ac_cv_env_build_alias_value=x86_64-pc-linux-gnu
ac_cv_env_host_alias_set=set
ac_cv_env_host_alias_value=arm-linux-eabi
ac_cv_env_target_alias_set=
ac_cv_env_target_alias_value=
ac_cv_func_fdatasync=yes
ac_cv_func_ftruncate=yes
ac_cv_func_getcwd=yes
ac_cv_func_gettimeofday=yes
ac_cv_func_localtime_r=yes
ac_cv_func_lstat_dereferences_slashed_symlink=no
ac_cv_func_lstat_empty_string_bug=yes
ac_cv_func_memcmp_working=no
ac_cv_func_memmove=yes
ac_cv_func_memset=yes
ac_cv_func_sqrt=no
ac_cv_func_stat_empty_string_bug=yes
ac_cv_func_strcasecmp=yes
ac_cv_func_strerror=yes
ac_cv_func_strftime=yes
ac_cv_func_strncasecmp=yes
ac_cv_func_strstr=yes
ac_cv_have_decl_SQLITE_INDEX_CONSTRAINT_LIKE=yes
ac_cv_header_dlfcn_h=yes
ac_cv_header_fcntl_h=yes
ac_cv_header_float_h=yes
ac_cv_header_freexl_h=yes
ac_cv_header_geos_c_h=yes
ac_cv_header_iconv_h=yes
ac_cv_header_inttypes_h=yes
ac_cv_header_librttopo_h=yes
ac_cv_header_math_h=yes
ac_cv_header_memory_h=yes
ac_cv_header_proj_h=yes
ac_cv_header_sqlite3_h=yes
ac_cv_header_sqlite3ext_h=yes
ac_cv_header_stdc=yes
ac_cv_header_stddef_h=yes
ac_cv_header_stdint_h=yes
ac_cv_header_stdio_h=yes
ac_cv_header_stdlib_h=yes
ac_cv_header_string_h=yes
ac_cv_header_strings_h=yes
ac_cv_header_sys_stat_h=yes
ac_cv_header_sys_time_h=yes
ac_cv_header_sys_types_h=yes
ac_cv_header_time=yes
ac_cv_header_unistd_h=yes
ac_cv_header_zlib_h=yes
ac_cv_host=arm-linux-eabi
ac_cv_lib_sqlite3_sqlite3_prepare_v2=yes
ac_cv_lib_sqlite3_sqlite3_rtree_query_callback=yes
ac_cv_lib_z_inflateInit_=yes
ac_cv_objext=o
ac_cv_path_EGREP='/bin/grep -E'
ac_cv_path_FGREP='/bin/grep -F'
ac_cv_path_GEOSCONFIG=/usr/local/bin/geos-config
ac_cv_path_GREP=/bin/grep
ac_cv_path_SED=/bin/sed
ac_cv_path_ac_pt_PKG_CONFIG=/usr/bin/pkg-config
ac_cv_path_install='/usr/bin/install -c'
ac_cv_path_mkdir=/bin/mkdir
ac_cv_prog_AWK=mawk
ac_cv_prog_CC=gcc
ac_cv_prog_CPP='gcc -E'
ac_cv_prog_CXXCPP='g++ -E'
ac_cv_prog_DLLTOOL=dlltool
ac_cv_prog_OBJDUMP=objdump
ac_cv_prog_STRIP=strip
ac_cv_prog_ac_ct_AR=ar
ac_cv_prog_ac_ct_CC=gcc
ac_cv_prog_ac_ct_CXX=g++
ac_cv_prog_ac_ct_DUMPBIN='link -dump'
ac_cv_prog_ac_ct_MANIFEST_TOOL=mt
ac_cv_prog_ac_ct_RANLIB=ranlib
ac_cv_prog_ac_ct_STRIP=strip
ac_cv_prog_cc_c89=
ac_cv_prog_cc_g=yes
ac_cv_prog_cxx_g=yes
ac_cv_prog_make_make_set=yes
ac_cv_search_GEOSContext_setErrorMessageHandler_r='none required'
ac_cv_search_GEOSCoveredBy=-lgeos_c
ac_cv_search_GEOSDelaunayTriangulation='none required'
ac_cv_search_GEOSFrechetDistance_r='none required'
ac_cv_search_freexl_version=-lfreexl
ac_cv_search_iconv='none required'
ac_cv_search_locale_charset=-lcharset
ac_cv_search_proj_normalize_for_visualization=-lproj
ac_cv_search_rtt_AddLineNoFace=-lrttopo
ac_cv_struct_tm=time.h
ac_cv_type_off_t=yes
ac_cv_type_size_t=yes
am_cv_CC_dependencies_compiler_type=gcc3
am_cv_CXX_dependencies_compiler_type=gcc3
am_cv_make_support_nested_variables=yes
am_cv_prog_cc_c_o=yes
lt_cv_ar_at_file=@
lt_cv_archive_cmds_need_lc=no
lt_cv_deplibs_check_method=unknown
lt_cv_file_magic_cmd='$MAGIC_CMD'
lt_cv_file_magic_test_file=
lt_cv_ld_reload_flag=-r
lt_cv_nm_interface='BSD nm'
lt_cv_objdir=.libs
lt_cv_path_LD=/usr/bin/ld
lt_cv_path_LDCXX=/usr/bin/ld
lt_cv_path_NM=no
lt_cv_path_mainfest_tool=no
lt_cv_prog_compiler_c_o=yes
lt_cv_prog_compiler_c_o_CXX=yes
lt_cv_prog_compiler_pic='-fPIC -DPIC'
lt_cv_prog_compiler_pic_CXX='-fPIC -DPIC'
lt_cv_prog_compiler_pic_works=yes
lt_cv_prog_compiler_pic_works_CXX=yes
lt_cv_prog_compiler_rtti_exceptions=no
lt_cv_prog_compiler_static_works=yes
lt_cv_prog_compiler_static_works_CXX=yes
lt_cv_prog_gnu_ld=yes
lt_cv_prog_gnu_ldcxx=yes
lt_cv_sharedlib_from_linklib_cmd='printf %s\n'
lt_cv_sys_global_symbol_pipe='sed -n -e '\''s/^.*[	 ]\([ABCDGIRSTW][ABCDGIRSTW]*\)[	 ][	 ]*\([_A-Za-z][_A-Za-z0-9]*\)$/\1 \2 \2/p'\'' | sed '\''/ __gnu_lto/d'\'''
lt_cv_sys_global_symbol_to_c_name_address='sed -n -e '\''s/^: \([^ ]*\)[ ]*$/  {\"\1\", (void *) 0},/p'\'' -e '\''s/^[ABCDGIRSTW]* \([^ ]*\) \([^ ]*\)$/  {"\2", (void *) \&\2},/p'\'''
lt_cv_sys_global_symbol_to_c_name_address_lib_prefix='sed -n -e '\''s/^: \([^ ]*\)[ ]*$/  {\"\1\", (void *) 0},/p'\'' -e '\''s/^[ABCDGIRSTW]* \([^ ]*\) \(lib[^ ]*\)$/  {"\2", (void *) \&\2},/p'\'' -e '\''s/^[ABCDGIRSTW]* \([^ ]*\) \([^ ]*\)$/  {"lib\2", (void *) \&\2},/p'\'''
lt_cv_sys_global_symbol_to_cdecl='sed -n -e '\''s/^T .* \(.*\)$/extern int \1();/p'\'' -e '\''s/^[ABCDGIRSTW]* .* \(.*\)$/extern char \1;/p'\'''
lt_cv_sys_max_cmd_len=1572864
lt_cv_to_host_file_cmd=func_convert_file_noop
lt_cv_to_tool_file_cmd=func_convert_file_noop
pkg_cv_LIBXML2_CFLAGS=-I/usr/local/include/libxml2
pkg_cv_LIBXML2_LIBS='-L/usr/local/lib -lxml2'

## ----------------- ##
## Output variables. ##
## ----------------- ##

ACLOCAL='aclocal-1.15'
AMDEPBACKSLASH='\'
AMDEP_FALSE='#'
AMDEP_TRUE=''
AMTAR='$${TAR-tar}'
AM_BACKSLASH='\'
AM_DEFAULT_V='$(AM_DEFAULT_VERBOSITY)'
AM_DEFAULT_VERBOSITY='1'
AM_V='$(V)'
ANDROID_FALSE=''
ANDROID_TRUE='#'
AR='ar'
AS='as'
AUTOCONF='autoconf'
AUTOHEADER='autoheader'
AUTOMAKE='automake-1.15'
AWK='mawk'
CC='gcc'
CCDEPMODE='depmode=gcc3'
CFLAGS='-g -O2'
CPP='gcc -E'
CPPFLAGS=''
CXX='g++'
CXXCPP='g++ -E'
CXXDEPMODE='depmode=gcc3'
CXXFLAGS='-g -O2'
CYGPATH_W='echo'
DEFS='-DHAVE_CONFIG_H'
DEPDIR='.deps'
DLLTOOL='dlltool'
DSYMUTIL=''
DUMPBIN=':'
ECHO_C=''
ECHO_N='-n'
ECHO_T=''
EGREP='/bin/grep -E'
ENABLE_EXAMPLES_FALSE=''
ENABLE_EXAMPLES_TRUE='#'
ENABLE_GEOPACKAGE_FALSE='#'
ENABLE_GEOPACKAGE_TRUE=''
EXEEXT=''
FGREP='/bin/grep -F'
GEOSCONFIG='/usr/local/bin/geos-config'
GEOS_CFLAGS='-I/usr/local/include'
GEOS_LDFLAGS='-L/usr/local/lib'
GREP='/bin/grep'
INSTALL_DATA='${INSTALL} -m 644'
INSTALL_PROGRAM='${INSTALL}'
INSTALL_SCRIPT='${INSTALL}'
INSTALL_STRIP_PROGRAM='$(install_sh) -c -s'
LD='/usr/bin/ld'
LDFLAGS=''
LIBOBJS=' ${LIBOBJDIR}lstat$U.o ${LIBOBJDIR}memcmp$U.o ${LIBOBJDIR}stat$U.o'
LIBS='-lrttopo -lfreexl -lcharset -lproj -lsqlite3 -lz -lsqlite3  -L/usr/local/lib -lgeos_c'
LIBTOOL='$(SHELL) $(top_builddir)/libtool'
LIBXML2_CFLAGS='-I/usr/local/include/libxml2'
LIBXML2_LIBS='-L/usr/local/lib -lxml2'
LIPO=''
LN_S='ln -s'
LTLIBOBJS=' ${LIBOBJDIR}lstat$U.lo ${LIBOBJDIR}memcmp$U.lo ${LIBOBJDIR}stat$U.lo'
MACOSX_FALSE=''
MACOSX_TRUE='#'
MAINT='#'
MAINTAINER_MODE_FALSE=''
MAINTAINER_MODE_TRUE='#'
MAKEINFO='makeinfo'
MANIFEST_TOOL=':'
MINGW_FALSE=''
MINGW_TRUE='#'
MKDIR_P='/bin/mkdir -p'
MODULE_ONLY_FALSE=''
MODULE_ONLY_TRUE='#'
NM='nm'
NMEDIT=''
OBJDUMP='objdump'
OBJEXT='o'
OTOOL64=''
OTOOL=''
PACKAGE='libspatialite'
PACKAGE_BUGREPORT='a.furieri@lqt.it'
PACKAGE_NAME='libspatialite'
PACKAGE_STRING='libspatialite 5.0.0-beta1'
PACKAGE_TARNAME='libspatialite'
PACKAGE_URL=''
PACKAGE_VERSION='5.0.0-beta1'
PATH_SEPARATOR=':'
PKG_CONFIG='/usr/bin/pkg-config'
PKG_CONFIG_LIBDIR=''
PKG_CONFIG_PATH=''
RANLIB='ranlib'
SED='/bin/sed'
SET_MAKE=''
SHELL='/bin/bash'
STRIP='strip'
VERSION='5.0.0-beta1'
ac_ct_AR='ar'
ac_ct_CC='gcc'
ac_ct_CXX='g++'
ac_ct_DUMPBIN='link -dump'
am__EXEEXT_FALSE=''
am__EXEEXT_TRUE='#'
am__fastdepCC_FALSE='#'
am__fastdepCC_TRUE=''
am__fastdepCXX_FALSE='#'
am__fastdepCXX_TRUE=''
am__include='include'
am__isrc=''
am__leading_dot='.'
am__nodep='_no'
am__quote=''
am__tar='$${TAR-tar} chof - "$$tardir"'
am__untar='$${TAR-tar} xf -'
bindir='${exec_prefix}/bin'
build='x86_64-pc-linux-gnu'
build_alias='x86_64-pc-linux-gnu'
build_cpu='x86_64'
build_os='linux-gnu'
build_vendor='pc'
datadir='${datarootdir}'
datarootdir='${prefix}/share'
docdir='${datarootdir}/doc/${PACKAGE_TARNAME}'
dvidir='${docdir}'
exec_prefix='${prefix}'
host='arm-linux-eabi'
host_alias='arm-linux-eabi'
host_cpu='arm'
host_os='eabi'
host_vendor='linux'
htmldir='${docdir}'
includedir='${prefix}/include'
infodir='${datarootdir}/info'
install_sh='${SHELL} /home/lhyserver/test/jni/libspatialite-5.0.0/install-sh'
libdir='${exec_prefix}/lib'
libexecdir='${exec_prefix}/libexec'
localedir='${datarootdir}/locale'
localstatedir='${prefix}/var'
mandir='${datarootdir}/man'
mkdir_p='$(MKDIR_P)'
oldincludedir='/usr/include'
pdfdir='${docdir}'
prefix='/usr/local'
program_transform_name='s,x,x,'
psdir='${docdir}'
sbindir='${exec_prefix}/sbin'
sharedstatedir='${prefix}/com'
sysconfdir='${prefix}/etc'
target_alias=''

## ----------- ##
## confdefs.h. ##
## ----------- ##

/* confdefs.h */
#define PACKAGE_NAME "libspatialite"
#define PACKAGE_TARNAME "libspatialite"
#define PACKAGE_VERSION "5.0.0-beta1"
#define PACKAGE_STRING "libspatialite 5.0.0-beta1"
#define PACKAGE_BUGREPORT "a.furieri@lqt.it"
#define PACKAGE_URL ""
#define PACKAGE "libspatialite"
#define VERSION "5.0.0-beta1"
#define _LARGE_FILE 1
#define _FILE_OFFSET_BITS 64
#define _LARGEFILE_SOURCE 1
#define NDEBUG 1
#define STDC_HEADERS 1
#define HAVE_SYS_TYPES_H 1
#define HAVE_SYS_STAT_H 1
#define HAVE_STDLIB_H 1
#define HAVE_STRING_H 1
#define HAVE_MEMORY_H 1
#define HAVE_STRINGS_H 1
#define HAVE_INTTYPES_H 1
#define HAVE_STDINT_H 1
#define HAVE_UNISTD_H 1
#define HAVE_STDLIB_H 1
#define HAVE_STDIO_H 1
#define HAVE_STRING_H 1
#define HAVE_MEMORY_H 1
#define HAVE_MATH_H 1
#define HAVE_FLOAT_H 1
#define HAVE_FCNTL_H 1
#define HAVE_INTTYPES_H 1
#define HAVE_STDDEF_H 1
#define HAVE_STDINT_H 1
#define HAVE_SYS_TIME_H 1
#define HAVE_UNISTD_H 1
#define HAVE_SQLITE3_H 1
#define HAVE_SQLITE3EXT_H 1
#define HAVE_ZLIB_H 1
#define HAVE_DLFCN_H 1
#define LT_OBJDIR ".libs/"
#define TIME_WITH_SYS_TIME 1
#define HAVE_LSTAT_EMPTY_STRING_BUG 1
#define HAVE_STAT_EMPTY_STRING_BUG 1
#define HAVE_STRFTIME 1
#define HAVE_MEMSET 1
#define HAVE_STRCASECMP 1
#define HAVE_STRERROR 1
#define HAVE_STRNCASECMP 1
#define HAVE_STRSTR 1
#define HAVE_FDATASYNC 1
#define HAVE_FTRUNCATE 1
#define HAVE_GETCWD 1
#define HAVE_GETTIMEOFDAY 1
#define HAVE_LOCALTIME_R 1
#define HAVE_MEMMOVE 1
#define HAVE_STRERROR 1
#define HAVE_LIBSQLITE3 1
#define HAVE_LIBZ 1
#define TARGET_CPU "x86_64-linux-gnu"
#define OMIT_GEOCALLBACKS 1
#define HAVE_LIBSQLITE3 1
#define HAVE_PROJ_H 1
#define PROJ_NEW 1
#define HAVE_ICONV_H 1
#define HAVE_FREEXL_H 1
#define HAVE_GEOS_C_H 1
#define ENABLE_GCP 1
#define GEOS_ADVANCED 1
#define GEOS_REENTRANT 1
#define GEOS_370 1
#define HAVE_LIBRTTOPO_H 1
#define ENABLE_RTTOPO 1
#define ENABLE_LIBXML2 1
#define ENABLE_GEOPACKAGE 1
#define HAVE_DECL_SQLITE_INDEX_CONSTRAINT_LIKE 1

configure: exit 0
